[Licensing::Module] Trying to connect to existing licensing client channel...
Built from '6000.4/staging' branch; Version is '6000.4.1f1 (8535861f39e1) revision 8729990'; Using compiler version '194234433'; Build Type 'Release'
[Licensing::IpcConnector] Successfully connected to: "LicenseClient-hilom" at "2026-04-06T20:41:37.8519524Z"
OS: 'Windows 11  (10.0.26200) CoreSingleLanguage' Language: 'tr' Physical Memory: 7971 MB
BatchMode: 1, IsHumanControllingUs: 0, StartBugReporterOnCrash: 0, Is64bit: 1
System  architecture: x64
Process architecture: x64
Date: 2026-04-06T20:41:37Z

COMMAND LINE ARGUMENTS:
C:\Program Files\Unity\Hub\Editor\6000.4.1f1\Editor\Unity.exe
-adb2
-batchMode
-noUpm
-name
AssetImportWorker1
-projectPath
C:/Users/hilom/My project (1)
-logFile
Logs/AssetImportWorker1.log
-srvPort
64981
-licensingIpc
LicenseClient-hilom
-force-d3d12
-job-worker-count
5
-background-job-worker-count
8
-gc-helper-count
1
-name
AssetImport
Successfully changed project path to: C:/Users/hilom/My project (1)
C:/Users/hilom/My project (1)
[UnityMemory] Configuration Parameters - Can be set up in boot.config
    "memorysetup-temp-allocator-size-gi-baking-worker=262144"
    "memorysetup-temp-allocator-size-gi-baking-worker=262144"
    "memorysetup-temp-allocator-size-gi-baking-worker=262144"
    "memorysetup-temp-allocator-size-gi-baking-worker=262144"
    "memorysetup-temp-allocator-size-gi-baking-worker=262144"
    "memorysetup-temp-allocator-size-nav-mesh-worker=65536"
    "memorysetup-temp-allocator-size-audio-worker=65536"
    "memorysetup-temp-allocator-size-cloud-worker=32768"
    "memorysetup-temp-allocator-size-gfx=262144"
    "memorysetup-temp-allocator-size-preload-manager=33554432"
    "memorysetup-temp-allocator-size-job-worker=262144"
    "memorysetup-temp-allocator-size-background-worker=32768"
    "memorysetup-allocator-temp-initial-block-size-main=262144"
    "memorysetup-allocator-temp-initial-block-size-worker=262144"
    "memorysetup-bucket-allocator-granularity=16"
    "memorysetup-bucket-allocator-bucket-count=8"
    "memorysetup-bucket-allocator-block-size=33554432"
    "memorysetup-bucket-allocator-block-count=8"
    "memorysetup-main-allocator-block-size=16777216"
    "memorysetup-thread-allocator-block-size=16777216"
    "memorysetup-gfx-main-allocator-block-size=16777216"
    "memorysetup-gfx-thread-allocator-block-size=16777216"
    "memorysetup-cache-allocator-block-size=4194304"
    "memorysetup-typetree-allocator-block-size=2097152"
    "memorysetup-profiler-bucket-allocator-granularity=16"
    "memorysetup-profiler-bucket-allocator-bucket-count=8"
    "memorysetup-profiler-bucket-allocator-block-size=33554432"
    "memorysetup-profiler-bucket-allocator-block-count=8"
    "memorysetup-profiler-allocator-block-size=16777216"
    "memorysetup-profiler-editor-allocator-block-size=1048576"
    "memorysetup-temp-allocator-size-main=16777216"
    "memorysetup-job-temp-allocator-block-size=2097152"
    "memorysetup-job-temp-allocator-block-size-background=1048576"
    "memorysetup-job-temp-allocator-reduction-small-platforms=262144"
Player connection [25456]  Target information:

Player connection [25456]  * "[IP] 192.168.1.44 [Port] 0 [Flags] 2 [Guid] 1550329765 [EditorId] 1550329765 [Version] 1048832 [Id] WindowsEditor(7,selene) [Debug] 1 [PackageName] WindowsEditor [ProjectName] Editor" 

Player connection [25456] Host joined multi-casting on [225.0.0.222:54997]...
Player connection [25456] Host joined alternative multi-casting on [225.0.0.222:34997]...
JobSystem: Creating JobQueue using job-worker-count value 5
Input System module state changed to: Initialized.
[Physics::Module] Initialized fallback backend.
[Physics::Module] Id: 0xdecafbad
Library Redirect Path: Library/
[Physics::Module] Selected backend.
[Physics::Module] Name: PhysX
[Physics::Module] Id: 0xf2b8ea05
[Physics::Module] SDK Version: 4.1.2
[Physics::Module] Integration Version: 1.0.0
[Physics::Module] Threading Mode: Multi-Threaded
Refreshing native plugins compatible for Editor in 20.06 ms, found 3 plugins.
Initialize engine version: 6000.4.1f1 (8535861f39e1)
[Subsystems] Discovering subsystems at path C:/Program Files/Unity/Hub/Editor/6000.4.1f1/Editor/Data/Resources/UnitySubsystems
[Subsystems] Discovering subsystems at path C:/Users/hilom/My project (1)/Assets
Forcing GfxDevice: Direct3D 12
GfxDevice: creating device client; kGfxThreadingModeNonThreaded
d3d12: failed to query info queue interface (0x80004002).
Direct3D:
    Version:         Direct3D 12 [level 12.1]
    Renderer:        NVIDIA GeForce GTX 1650 (ID=0x1f9d)
    Vendor:          NVIDIA
    VRAM:            3935 MB
    App VRAM Budget: 3344 MB
    Driver:          32.0.15.9597
[Licensing::Client] Error: HandshakeResponse reported an error:
	ResponseCode: 505
	ResponseStatus: Unsupported protocol version '1.18.1'.
[Licensing::Module] Error: Failed to handshake to channel: "LicenseClient-hilom"
[Licensing::IpcConnector] LicenseClient-hilom channel disconnected successfully.
[Licensing::IpcConnector] Successfully connected to: "LicenseClient-hilom-6000.4.1" at "2026-04-06T20:41:40.4985559Z"
Initialize mono
Mono path[0] = 'C:/Program Files/Unity/Hub/Editor/6000.4.1f1/Editor/Data/Managed'
Mono path[1] = 'C:/Program Files/Unity/Hub/Editor/6000.4.1f1/Editor/Data/MonoBleedingEdge/lib/mono/unityjit-win32'
Mono config path = 'C:/Program Files/Unity/Hub/Editor/6000.4.1f1/Editor/Data/MonoBleedingEdge/etc'
Using monoOptions --debugger-agent=transport=dt_socket,embedding=1,server=y,suspend=n,address=127.0.0.1:56056
CodeReloadManager initialized
Begin MonoManager ReloadAssembly
Registering precompiled unity dll's ...
Register platform support module: C:/Program Files/Unity/Hub/Editor/6000.4.1f1/Editor/Data/PlaybackEngines/WindowsStandaloneSupport/UnityEditor.WindowsStandalone.Extensions.dll
Registered in 0.132610 seconds.
[Licensing::Client] Handshaking with LicensingClient:
  Version:                 1.18.1+9fbee8e
  Session Id:              6f997b013e22456fb961e70f681e2479
  Correlation Id:          d40b30d8ce30f99ceb33ae49c23a836c
  External correlation Id: 4749288340352823343
  Machine Id:              XKxCPiat0Kuau2Vir2mc3JKSD2A=
[Licensing::Module] Successfully connected to LicensingClient on channel: "LicenseClient-hilom-6000.4.1" (connect: 0.01s, validation: 0.01s, handshake: 6.65s)
[Licensing::IpcConnector] Successfully connected to: "LicenseClient-hilom-6000.4.1-notifications" at "2026-04-06T20:41:47.1660182Z"
[Licensing::Module] Licensing Background thread has ended after 9.31s
Native extension for WindowsStandalone target not found
Package Manager log level set to [2]
[Package Manager] Failed to launch server process. Reason: Unity was launched with the -noUpm command-line argument
[Package Manager] Unable to send message (not connected to server process).
[Package Manager] Cannot connect to Unity Package Manager local server
ScheduleIndexationOnStartup MainProcess:False IndexOnStartup:True
Mono: successfully reloaded assembly
- Finished resetting the current domain, in  0.755 seconds
Domain Reload Profiling: 5806ms
	BeginReloadAssembly (484ms)
		CreateAndSetChildDomain (7ms)
	RebuildCommonClasses (173ms)
	RebuildNativeTypeToScriptingClass (64ms)
	initialDomainReloadingComplete (2678ms)
	LoadAllAssembliesAndSetupDomain (1650ms)
		LoadAssemblies (534ms)
		AnalyzeDomain (1328ms)
			TypeCache.Refresh (1324ms)
				TypeCache.ScanAssembly (1137ms)
	FinalizeReload (757ms)
		SetupLoadedEditorAssemblies (0ms)
			InitializePlatformSupportModulesInManaged (82ms)
			BeforeProcessingInitializeOnLoad (149ms)
			ProcessInitializeOnLoadAttributes (213ms)
			ProcessInitializeOnLoadMethodAttributes (161ms)
========================================================================
Worker process is ready to serve import requests
Import Worker Mode flag is 0x00
Begin MonoManager ReloadAssembly
[Licensing::Client] Successfully resolved entitlement details
[Licensing::Module] License group:
  Id: 18968386807692-UnityPersXXXX
  Product: Unity Personal
  Type: Assigned
  Expiration: Unlimited
Assembly Assembly-CSharp-Editor-firstpass.dll at Library/ScriptAssemblies/Assembly-CSharp-Editor-firstpass.dll not valid. Loading of assembly skipped.
Assembly Assembly-CSharp-firstpass.dll at Library/ScriptAssemblies/Assembly-CSharp-firstpass.dll not valid. Loading of assembly skipped.
Assembly DocCodeExamples.dll at Library/ScriptAssemblies/DocCodeExamples.dll not valid. Loading of assembly skipped.
Assembly TestNewCustomAssembly.dll at Library/ScriptAssemblies/TestNewCustomAssembly.dll not valid. Loading of assembly skipped.
Assembly Unity.Collections.BurstCompatibilityGen.dll at Library/ScriptAssemblies/Unity.Collections.BurstCompatibilityGen.dll not valid. Loading of assembly skipped.
Assembly Unity.Collections.DocCodeSamples.dll at Library/ScriptAssemblies/Unity.Collections.DocCodeSamples.dll not valid. Loading of assembly skipped.
Assembly Unity.Collections.PerformanceTests.dll at Library/ScriptAssemblies/Unity.Collections.PerformanceTests.dll not valid. Loading of assembly skipped.
Assembly Unity.Collections.Tests.dll at Library/ScriptAssemblies/Unity.Collections.Tests.dll not valid. Loading of assembly skipped.
Assembly Unity.Collections.Tests.Playmode.dll at Library/ScriptAssemblies/Unity.Collections.Tests.Playmode.dll not valid. Loading of assembly skipped.
Assembly Unity.InputSystem.IntegrationTests.dll at Library/ScriptAssemblies/Unity.InputSystem.IntegrationTests.dll not valid. Loading of assembly skipped.
Assembly Unity.Mathematics.Tests.dll at Library/ScriptAssemblies/Unity.Mathematics.Tests.dll not valid. Loading of assembly skipped.
Assembly Unity.Multiplayer.Center.Editor.Tests.dll at Library/ScriptAssemblies/Unity.Multiplayer.Center.Editor.Tests.dll not valid. Loading of assembly skipped.
Assembly Unity.Multiplayer.Center.Tests.dll at Library/ScriptAssemblies/Unity.Multiplayer.Center.Tests.dll not valid. Loading of assembly skipped.
Assembly Unity.Nuget.Mono-Cecil.dll at Library/ScriptAssemblies/Unity.Nuget.Mono-Cecil.dll not valid. Loading of assembly skipped.
Assembly Unity.PathTracing.Editor.Tests.dll at Library/ScriptAssemblies/Unity.PathTracing.Editor.Tests.dll not valid. Loading of assembly skipped.
Assembly Unity.PathTracing.Runtime.Tests.dll at Library/ScriptAssemblies/Unity.PathTracing.Runtime.Tests.dll not valid. Loading of assembly skipped.
Assembly Unity.RenderPipelines.Core.Editor.Tests.dll at Library/ScriptAssemblies/Unity.RenderPipelines.Core.Editor.Tests.dll not valid. Loading of assembly skipped.
Assembly Unity.RenderPipelines.Core.Runtime.Tests.dll at Library/ScriptAssemblies/Unity.RenderPipelines.Core.Runtime.Tests.dll not valid. Loading of assembly skipped.
Assembly Unity.RenderPipelines.Universal.Config.Editor.Tests.dll at Library/ScriptAssemblies/Unity.RenderPipelines.Universal.Config.Editor.Tests.dll not valid. Loading of assembly skipped.
Assembly Unity.RenderPipelines.Universal.Editor.Tests.dll at Library/ScriptAssemblies/Unity.RenderPipelines.Universal.Editor.Tests.dll not valid. Loading of assembly skipped.
Assembly Unity.RenderPipelines.Universal.Runtime.Tests.dll at Library/ScriptAssemblies/Unity.RenderPipelines.Universal.Runtime.Tests.dll not valid. Loading of assembly skipped.
Assembly Unity.Searcher.EditorTests.dll at Library/ScriptAssemblies/Unity.Searcher.EditorTests.dll not valid. Loading of assembly skipped.
Assembly Unity.ShaderGraph.Editor.Tests.dll at Library/ScriptAssemblies/Unity.ShaderGraph.Editor.Tests.dll not valid. Loading of assembly skipped.
Assembly Unity.TextMeshPro.Editor.Tests.dll at Library/ScriptAssemblies/Unity.TextMeshPro.Editor.Tests.dll not valid. Loading of assembly skipped.
Assembly Unity.TextMeshPro.Tests.dll at Library/ScriptAssemblies/Unity.TextMeshPro.Tests.dll not valid. Loading of assembly skipped.
Assembly Unity.UnifiedRayTracing.Editor.Tests.dll at Library/ScriptAssemblies/Unity.UnifiedRayTracing.Editor.Tests.dll not valid. Loading of assembly skipped.
Assembly UnityEditor.UI.Common.Tests.dll at Library/ScriptAssemblies/UnityEditor.UI.Common.Tests.dll not valid. Loading of assembly skipped.
Assembly UnityEditor.UI.EditorTests.dll at Library/ScriptAssemblies/UnityEditor.UI.EditorTests.dll not valid. Loading of assembly skipped.
Assembly UnityEngine.UI.Tests.dll at Library/ScriptAssemblies/UnityEngine.UI.Tests.dll not valid. Loading of assembly skipped.
Refreshing native plugins compatible for Editor in 5.22 ms, found 3 plugins.
Native extension for WindowsStandalone target not found
[Package Manager] Failed to launch server process. Reason: Unity was launched with the -noUpm command-line argument
[Package Manager] Unable to send message (not connected to server process).
[Package Manager] Cannot connect to Unity Package Manager local server
[Package Manager] Failed to launch server process. Reason: Unity was launched with the -noUpm command-line argument
[Package Manager] Unable to send message (not connected to server process).
[Package Manager] Cannot connect to Unity Package Manager local server
ScheduleIndexationOnStartup MainProcess:False IndexOnStartup:True
Mono: successfully reloaded assembly
- Finished resetting the current domain, in  1.331 seconds
Domain Reload Profiling: 5470ms
	BeginReloadAssembly (855ms)
		DisableScriptedObjects (35ms)
		CreateAndSetChildDomain (91ms)
	RebuildCommonClasses (73ms)
	RebuildNativeTypeToScriptingClass (24ms)
	initialDomainReloadingComplete (908ms)
	LoadAllAssembliesAndSetupDomain (2278ms)
		LoadAssemblies (1665ms)
		AnalyzeDomain (1130ms)
			TypeCache.Refresh (957ms)
				TypeCache.ScanAssembly (916ms)
			BuildScriptInfoCaches (143ms)
			ResolveRequiredComponents (23ms)
	FinalizeReload (1332ms)
		SetupLoadedEditorAssemblies (0ms)
			BeforeProcessingInitializeOnLoad (193ms)
			ProcessInitializeOnLoadAttributes (438ms)
			ProcessInitializeOnLoadMethodAttributes (121ms)
			AfterProcessingInitializeOnLoad (9ms)
		AwakeInstancesAfterBackupRestoration (10ms)
Launched and connected shader compiler UnityShaderCompiler.exe after 0.07 seconds
Unloading 24 Unused Serialized files (Serialized files now loaded: 0)
Unloading 6287 unused Assets / (6.3 MB). Loaded Objects now: 7118.
Memory consumption went from 166.5 MB to 160.2 MB.
Total: 18.597300 ms (FindLiveObjects: 2.452600 ms CreateObjectMapping: 1.222800 ms MarkObjects: 9.426100 ms  DeleteObjects: 5.293600 ms)

========================================================================
Received Import Request.
  Time since last request: 2249146.151668 seconds.
  path: Assets/Dreams of the future/25_gems/Sprites/free (24).png
  importAddress: Guid(1f52721ebd2ef83429f7512fbce4a4f7) Importer(2089858483,b0f066a214c2f5e87bad3c948f4d605d)
Start importing Assets/Dreams of the future/25_gems/Sprites/free (24).png using Guid(1f52721ebd2ef83429f7512fbce4a4f7) Importer(2089858483,b0f066a214c2f5e87bad3c948f4d605d) (ScriptedImporter) -> (Import Result ID: '32663291cfb72a59fe12546173748dfc') in 0.248738 seconds [static and dynamic dependencies]. Details - ImportResultOutputID=4174129ed5120bbe5b92ccc57b831290 DependenciesID=d0f2d385b78848836e3177a98c8fc9e7 StaticDependenciesID=4834a4fda0e1a43b0e7c3c543ad4d01c 
Number of updated asset objects reloaded before import = 0Number of asset objects unloaded after import = 3

========================================================================
Received Import Request.
  Time since last request: 0.000026 seconds.
  path: Assets/scripts/fence.cs
  importAddress: Guid(31c281de8f9daf5429c2612d2f44af71) Importer(2089858483,b0f066a214c2f5e87bad3c948f4d605d)
Start importing Assets/scripts/fence.cs using Guid(31c281de8f9daf5429c2612d2f44af71) Importer(2089858483,b0f066a214c2f5e87bad3c948f4d605d) (ScriptedImporter) -> (Import Result ID: '10979c012c95210d733244af27c3687b') in 0.0206071 seconds [static and dynamic dependencies]. Details - ImportResultOutputID=5da4fe28c08146e8c5224c8933f09756 DependenciesID=3e5d590fc3ee5bf02ffde6b5e223507b StaticDependenciesID=3aa02110cd87fd32636ec1610c1cbed9 
Number of updated asset objects reloaded before import = 0Number of asset objects unloaded after import = 0

========================================================================
Received Import Request.
  Time since last request: 0.000036 seconds.
  path: Assets/Dreams of the future/25_gems/Sprites/free (13).png
  importAddress: Guid(00ce94660e6809e41933896b95df5353) Importer(2089858483,b0f066a214c2f5e87bad3c948f4d605d)
Start importing Assets/Dreams of the future/25_gems/Sprites/free (13).png using Guid(00ce94660e6809e41933896b95df5353) Importer(2089858483,b0f066a214c2f5e87bad3c948f4d605d) (ScriptedImporter) -> (Import Result ID: 'd6e27da1cf9c5cbb040f52e157d15103') in 0.0395124 seconds [static and dynamic dependencies]. Details - ImportResultOutputID=10bb089e0c0d38a7e0c0987e00cef989 DependenciesID=fb9877383e73b0c975769c05bdbde8ca StaticDependenciesID=c8291981ae655210afa6931bd68a320d 
Number of updated asset objects reloaded before import = 0Number of asset objects unloaded after import = 3

========================================================================
Received Import Request.
  Time since last request: 0.000054 seconds.
  path: Assets/Dreams of the future/25_gems/Sprites/free (9).png
  importAddress: Guid(badfadc35b40b97428e4bf64ba71360b) Importer(2089858483,b0f066a214c2f5e87bad3c948f4d605d)
Start importing Assets/Dreams of the future/25_gems/Sprites/free (9).png using Guid(badfadc35b40b97428e4bf64ba71360b) Importer(2089858483,b0f066a214c2f5e87bad3c948f4d605d) (ScriptedImporter) -> (Import Result ID: '1b33b69d8e607cd99cc3781d54c11de9') in 0.0482636 seconds [static and dynamic dependencies]. Details - ImportResultOutputID=875705412e15380e8ff47c3740774b4f DependenciesID=c952043771eb28bc62bbf5b1f8bb5a22 StaticDependenciesID=58559aacc6ee49843d504eaa3a19adad 
Number of updated asset objects reloaded before import = 0Number of asset objects unloaded after import = 3

========================================================================
Received Import Request.
  Time since last request: 0.000044 seconds.
  path: Assets/Dreams of the future/25_gems/Sprites/free (25).png
  importAddress: Guid(9bea05a10fdc2f3449bb004bdc3712ea) Importer(2089858483,b0f066a214c2f5e87bad3c948f4d605d)
Start importing Assets/Dreams of the future/25_gems/Sprites/free (25).png using Guid(9bea05a10fdc2f3449bb004bdc3712ea) Importer(2089858483,b0f066a214c2f5e87bad3c948f4d605d) (ScriptedImporter) -> (Import Result ID: 'f6351d74f1f74626dd59c46db4c8e730') in 0.0491482 seconds [static and dynamic dependencies]. Details - ImportResultOutputID=f56dcc160673f6b66b289d60fb5b9647 DependenciesID=75166fe05dee2c2a57542ab9b4ee4909 StaticDependenciesID=46f70b9dd59d5e600436a30fa090e2b2 
Number of updated asset objects reloaded before import = 0Number of asset objects unloaded after import = 3

========================================================================
Received Import Request.
  Time since last request: 0.000079 seconds.
  path: Assets/Dreams of the future/25_gems/Sprites/free (4).png
  importAddress: Guid(703eed248f190f845886aa59b2c1a85b) Importer(2089858483,b0f066a214c2f5e87bad3c948f4d605d)
Start importing Assets/Dreams of the future/25_gems/Sprites/free (4).png using Guid(703eed248f190f845886aa59b2c1a85b) Importer(2089858483,b0f066a214c2f5e87bad3c948f4d605d) (ScriptedImporter) -> (Import Result ID: 'f1888356cf2d0e45fb5d4279241aebdc') in 0.0487387 seconds [static and dynamic dependencies]. Details - ImportResultOutputID=2ab097691dc1c796b71177c37a99377e DependenciesID=c5f1f3f1254faed9ea8f04969cfca841 StaticDependenciesID=10c0e3e738571748f054e37ea2ecab62 
Number of updated asset objects reloaded before import = 0Number of asset objects unloaded after import = 3

========================================================================
Received Import Request.
  Time since last request: 0.000022 seconds.
  path: Assets/Dreams of the future/25_gems/Sprites/free (7).png
  importAddress: Guid(44c33ca2528e8de40b79083846b136c4) Importer(2089858483,b0f066a214c2f5e87bad3c948f4d605d)
Start importing Assets/Dreams of the future/25_gems/Sprites/free (7).png using Guid(44c33ca2528e8de40b79083846b136c4) Importer(2089858483,b0f066a214c2f5e87bad3c948f4d605d) (ScriptedImporter) -> (Import Result ID: 'b3112bdf5f0ffdfe323634041df42622') in 0.0435412 seconds [static and dynamic dependencies]. Details - ImportResultOutputID=232f52875fb8bd74e48df0feae33c1b2 DependenciesID=73c32c95f35b0d4b802a3014fcef1d25 StaticDependenciesID=49ed63e17ac94db3ca356954f6244e63 
Number of updated asset objects reloaded before import = 0Number of asset objects unloaded after import = 3

========================================================================
Received Import Request.
  Time since last request: 0.000040 seconds.
  path: Assets/Dreams of the future/25_gems/Sprites/free (12).png
  importAddress: Guid(b156b23b5dc548a4a9bc423300019db0) Importer(2089858483,b0f066a214c2f5e87bad3c948f4d605d)
Start importing Assets/Dreams of the future/25_gems/Sprites/free (12).png using Guid(b156b23b5dc548a4a9bc423300019db0) Importer(2089858483,b0f066a214c2f5e87bad3c948f4d605d) (ScriptedImporter) -> (Import Result ID: '08fd7b46165181f4bf5813cdb4e43452') in 0.0324599 seconds [static and dynamic dependencies]. Details - ImportResultOutputID=8ad4bf6c6be37fa3d1d5a71c72d28ea5 DependenciesID=ffc87ab786715d3dff47c288e918aab3 StaticDependenciesID=d2fd78f62e472baa5ad9948682957e44 
Number of updated asset objects reloaded before import = 0Number of asset objects unloaded after import = 3

========================================================================
Received Import Request.
  Time since last request: 0.000097 seconds.
  path: Assets/Dreams of the future/25_gems
  importAddress: Guid(fd7bfae919c24c447889e05e8cc3bcaa) Importer(2089858483,b0f066a214c2f5e87bad3c948f4d605d)
Start importing Assets/Dreams of the future/25_gems using Guid(fd7bfae919c24c447889e05e8cc3bcaa) Importer(2089858483,b0f066a214c2f5e87bad3c948f4d605d) (ScriptedImporter) -> (Import Result ID: '498ca2e0185d852f130530703c2ceda0') in 0.0235665 seconds [static and dynamic dependencies]. Details - ImportResultOutputID=7d71089ebeb621ad3a553ad8fcc05ccd DependenciesID=131d0efef9c5a7d6dfa3aa8b19a1cb46 StaticDependenciesID=a1fcbc689e921ec0a25567e5f928e8ae 
Number of updated asset objects reloaded before import = 0Number of asset objects unloaded after import = 1

========================================================================
Received Import Request.
  Time since last request: 0.000017 seconds.
  path: Assets/Dreams of the future
  importAddress: Guid(3e93682719e6b2e4388167f90f424a81) Importer(2089858483,b0f066a214c2f5e87bad3c948f4d605d)
Start importing Assets/Dreams of the future using Guid(3e93682719e6b2e4388167f90f424a81) Importer(2089858483,b0f066a214c2f5e87bad3c948f4d605d) (ScriptedImporter) -> (Import Result ID: 'c3cd78b45b13a4181baa68c7796786a6') in 0.2237694 seconds [static and dynamic dependencies]. Details - ImportResultOutputID=e31d74e9311d11044cc507d5e93e1357 DependenciesID=40a77a45dd2592e4b551fa1650be5ab1 StaticDependenciesID=1b111218cc0f9ef3a7ea623951cf7e91 
Number of updated asset objects reloaded before import = 0Number of asset objects unloaded after import = 1

========================================================================
Received Import Request.
  Time since last request: 0.000038 seconds.
  path: Assets/Dreams of the future/25_gems/Sprites/free (2).png
  importAddress: Guid(41dbc7b6465c4794199a2b1403e70fee) Importer(2089858483,b0f066a214c2f5e87bad3c948f4d605d)
Start importing Assets/Dreams of the future/25_gems/Sprites/free (2).png using Guid(41dbc7b6465c4794199a2b1403e70fee) Importer(2089858483,b0f066a214c2f5e87bad3c948f4d605d) (ScriptedImporter) -> (Import Result ID: '8dca9396615087111f7ac1e8bae7530c') in 0.7257264 seconds [static and dynamic dependencies]. Details - ImportResultOutputID=83943cff5c46503bd6e666eabf835aee DependenciesID=8afcd5a9fe92ad7c440893ae2c5cdfa7 StaticDependenciesID=a3c68e04f0e02a4615cb19316a5ef029 
Number of updated asset objects reloaded before import = 0Number of asset objects unloaded after import = 3

========================================================================
Received Import Request.
  Time since last request: 447.361529 seconds.
  path: Assets/Ball Pack/Models/Split Metal Ball/SplitMetalBall.fbx
  importAddress: Guid(5ae1b6d4c894f9c449d33837a633a8ec) Importer(2089858483,b0f066a214c2f5e87bad3c948f4d605d)
Start importing Assets/Ball Pack/Models/Split Metal Ball/SplitMetalBall.fbx using Guid(5ae1b6d4c894f9c449d33837a633a8ec) Importer(2089858483,b0f066a214c2f5e87bad3c948f4d605d) (ScriptedImporter) -> (Import Result ID: '7855817b49afe208f6156ed2d2efa7f7') in 1.3248019 seconds [static and dynamic dependencies]. Details - ImportResultOutputID=80dd4c3ad2c2e7aeb8701aabec8946c5 DependenciesID=730701c14135c7dfa332184996220588 StaticDependenciesID=7e7ec61c4b53aa92ba5fca25fc07db27 
Number of updated asset objects reloaded before import = 0Number of asset objects unloaded after import = 8

========================================================================
Received Import Request.
  Time since last request: 0.002100 seconds.
  path: Assets/Ball Pack/UI
  importAddress: Guid(0647a0f53e3fa1b4e82e29a0fc1d83b3) Importer(2089858483,b0f066a214c2f5e87bad3c948f4d605d)
Start importing Assets/Ball Pack/UI using Guid(0647a0f53e3fa1b4e82e29a0fc1d83b3) Importer(2089858483,b0f066a214c2f5e87bad3c948f4d605d) (ScriptedImporter) -> (Import Result ID: '2396a81a52aeb9f7455302abae62b994') in 0.0224348 seconds [static and dynamic dependencies]. Details - ImportResultOutputID=1b6d853b34cd8e3e6e56e83d35da46b1 DependenciesID=d3d973e900351e703b22bda94276750a StaticDependenciesID=58b7fa080edd4f779541a8cb69a657e5 
Number of updated asset objects reloaded before import = 0Number of asset objects unloaded after import = 1

========================================================================
Received Import Request.
  Time since last request: 0.000051 seconds.
  path: Assets/Ball Pack/Prefabs/EyeBall - Simple.prefab
  importAddress: Guid(8ce846c7eebb84f4d92bc6bdcde36312) Importer(2089858483,b0f066a214c2f5e87bad3c948f4d605d)
Start importing Assets/Ball Pack/Prefabs/EyeBall - Simple.prefab using Guid(8ce846c7eebb84f4d92bc6bdcde36312) Importer(2089858483,b0f066a214c2f5e87bad3c948f4d605d) (ScriptedImporter) -> (Import Result ID: 'a1291502ab37ead36f5cbc9e5a9196b0') in 0.0986329 seconds [static and dynamic dependencies]. Details - ImportResultOutputID=59e2b357b0a46e1649f509975d43cf3a DependenciesID=c10d01d0a6e3e95c238bfae0b7710c92 StaticDependenciesID=db358398c56415162734a023c717d53e 
Number of updated asset objects reloaded before import = 0Number of asset objects unloaded after import = 15

========================================================================
Received Import Request.
  Time since last request: 0.000026 seconds.
  path: Assets/Ball Pack/Models/Bomb Ball/Textures/BombBall.png
  importAddress: Guid(6baf704df9aa55046a9553124c407683) Importer(2089858483,b0f066a214c2f5e87bad3c948f4d605d)
Start importing Assets/Ball Pack/Models/Bomb Ball/Textures/BombBall.png using Guid(6baf704df9aa55046a9553124c407683) Importer(2089858483,b0f066a214c2f5e87bad3c948f4d605d) (ScriptedImporter) -> (Import Result ID: 'b2eea1c990d0f17e4e6c4b1c575cf345') in 0.0573332 seconds [static and dynamic dependencies]. Details - ImportResultOutputID=4685bc5760b024d1636fe8a08b8fe964 DependenciesID=453e896fa16097d3c95374deb843a60e StaticDependenciesID=868a8caa164f16b677254f8f2f95b2ad 
Number of updated asset objects reloaded before import = 0Number of asset objects unloaded after import = 1

========================================================================
Received Import Request.
  Time since last request: 0.000029 seconds.
  path: Assets/Ball Pack/Models/Wheel Ball/WheelBall.fbx
  importAddress: Guid(12526e89db618e64a816c6d525098695) Importer(2089858483,b0f066a214c2f5e87bad3c948f4d605d)
Start importing Assets/Ball Pack/Models/Wheel Ball/WheelBall.fbx using Guid(12526e89db618e64a816c6d525098695) Importer(2089858483,b0f066a214c2f5e87bad3c948f4d605d) (ScriptedImporter) -> (Import Result ID: '87ee0076a050a84949e9d9806faa32b2') in 0.0436854 seconds [static and dynamic dependencies]. Details - ImportResultOutputID=c0019c11c472f2bb2a47f9bd2fe29e62 DependenciesID=5b584ea5d2b598beabf9fbdaacf1f14d StaticDependenciesID=9720777b3176fe653a6e511ba1d82d5e 
Number of updated asset objects reloaded before import = 0Number of asset objects unloaded after import = 8

========================================================================
Received Import Request.
  Time since last request: 0.000040 seconds.
  path: Assets/Ball Pack/Models/Eye Ball/Textures
  importAddress: Guid(96e42f61af1806643b9be7e69505ec66) Importer(2089858483,b0f066a214c2f5e87bad3c948f4d605d)
Start importing Assets/Ball Pack/Models/Eye Ball/Textures using Guid(96e42f61af1806643b9be7e69505ec66) Importer(2089858483,b0f066a214c2f5e87bad3c948f4d605d) (ScriptedImporter) -> (Import Result ID: '5367f9e614dbb51f93f0cde28af2654c') in 0.0233214 seconds [static and dynamic dependencies]. Details - ImportResultOutputID=4a00d43fb7b46f987734bfb1a5d1fc00 DependenciesID=69542939ce2c0bb66e45bae182d6e2e8 StaticDependenciesID=bb995f31e4ae900c9ec2f83ceb9474e1 
Number of updated asset objects reloaded before import = 0Number of asset objects unloaded after import = 1

========================================================================
Received Import Request.
  Time since last request: 0.000024 seconds.
  path: Assets/Ball Pack/Prefabs/SplitMetalBall.prefab
  importAddress: Guid(640b1c008119192418bb742524f946d6) Importer(2089858483,b0f066a214c2f5e87bad3c948f4d605d)
Start importing Assets/Ball Pack/Prefabs/SplitMetalBall.prefab using Guid(640b1c008119192418bb742524f946d6) Importer(2089858483,b0f066a214c2f5e87bad3c948f4d605d) (ScriptedImporter) -> (Import Result ID: 'be52c50b6e0630b1318a8519c77f3027') in 0.0398145 seconds [static and dynamic dependencies]. Details - ImportResultOutputID=e777864acf46eed2a5310dfa6dceb399 DependenciesID=435558f74969e6c0ed563e5c7e39c486 StaticDependenciesID=6a29bd838a5c12a4432ef02feef9d1b3 
Number of updated asset objects reloaded before import = 0Number of asset objects unloaded after import = 14

========================================================================
Received Import Request.
  Time since last request: 0.000025 seconds.
  path: Assets/Ball Pack/Models/Spike Ball/SpikeBall.fbx
  importAddress: Guid(c455996f6e6b49d418895f41b5216202) Importer(2089858483,b0f066a214c2f5e87bad3c948f4d605d)
Start importing Assets/Ball Pack/Models/Spike Ball/SpikeBall.fbx using Guid(c455996f6e6b49d418895f41b5216202) Importer(2089858483,b0f066a214c2f5e87bad3c948f4d605d) (ScriptedImporter) -> (Import Result ID: '2bccc2de5de6adcbd3a739315a7b00d8') in 0.0353899 seconds [static and dynamic dependencies]. Details - ImportResultOutputID=88c0a2ed8c8c9beb61346a0e2a40671d DependenciesID=0c5283a411b760c33b8052d165196046 StaticDependenciesID=c4ce6678589b60acaa2e3beff930b0a9 
Number of updated asset objects reloaded before import = 0Number of asset objects unloaded after import = 9

========================================================================
Received Import Request.
  Time since last request: 0.000050 seconds.
  path: Assets/Ball Pack/Models/Bomb Ball/Textures/BombBall - Metal.png
  importAddress: Guid(c0af70bfff25f3e458ffddfc5e3c3bea) Importer(2089858483,b0f066a214c2f5e87bad3c948f4d605d)
Start importing Assets/Ball Pack/Models/Bomb Ball/Textures/BombBall - Metal.png using Guid(c0af70bfff25f3e458ffddfc5e3c3bea) Importer(2089858483,b0f066a214c2f5e87bad3c948f4d605d) (ScriptedImporter) -> (Import Result ID: '6076eccc129d458b48d61a5395ea229c') in 0.0292201 seconds [static and dynamic dependencies]. Details - ImportResultOutputID=32e3e6ea8e5bfd5dc0b013a37bef6ba2 DependenciesID=17ea4bd0f8082a9d736d686007dfe090 StaticDependenciesID=c5beffddccc1ed70b8dc5d88fa1d1ba1 
Number of updated asset objects reloaded before import = 0Number of asset objects unloaded after import = 1

========================================================================
Received Import Request.
  Time since last request: 0.000023 seconds.
  path: Assets/Ball Pack/Prefabs/SpikeBall.prefab
  importAddress: Guid(63c76cfb42cea0e429cc31b49501da0e) Importer(2089858483,b0f066a214c2f5e87bad3c948f4d605d)
Start importing Assets/Ball Pack/Prefabs/SpikeBall.prefab using Guid(63c76cfb42cea0e429cc31b49501da0e) Importer(2089858483,b0f066a214c2f5e87bad3c948f4d605d) (ScriptedImporter) -> (Import Result ID: '2fd1296f032da278223a3fd9c07c82cf') in 0.0558232 seconds [static and dynamic dependencies]. Details - ImportResultOutputID=7e7a92f2a14968a23a6b37d51fba8bfc DependenciesID=8c86fe3e5f14c6cb6dc3b911fd79fb2c StaticDependenciesID=721d6b77052fea3f0c04171035ba7fa3 
Number of updated asset objects reloaded before import = 0Number of asset objects unloaded after import = 17

========================================================================
Received Import Request.
  Time since last request: 0.000042 seconds.
  path: Assets/Ball Pack/Models/Wooden Ball/Textures/WoodenBall - Specular.png
  importAddress: Guid(7f8b7ed9ed4f36b47a5d50f08b9bad53) Importer(2089858483,b0f066a214c2f5e87bad3c948f4d605d)
Start importing Assets/Ball Pack/Models/Wooden Ball/Textures/WoodenBall - Specular.png using Guid(7f8b7ed9ed4f36b47a5d50f08b9bad53) Importer(2089858483,b0f066a214c2f5e87bad3c948f4d605d) (ScriptedImporter) -> (Import Result ID: '516c16264f16a8ad9433cae43efc6e26') in 0.0340302 seconds [static and dynamic dependencies]. Details - ImportResultOutputID=b26f1c0383eb3681f75acd8e9888975a DependenciesID=2c275f5ed4c7392d30bf688b076aec81 StaticDependenciesID=0d39578efdbdfe81a3584d47d95dcc27 
Number of updated asset objects reloaded before import = 0Number of asset objects unloaded after import = 1

========================================================================
Received Import Request.
  Time since last request: 0.000049 seconds.
  path: Assets/Ball Pack/Models/Eye Ball/Materials
  importAddress: Guid(db4cf904cf0ad4b42b20de2404b23436) Importer(2089858483,b0f066a214c2f5e87bad3c948f4d605d)
Start importing Assets/Ball Pack/Models/Eye Ball/Materials using Guid(db4cf904cf0ad4b42b20de2404b23436) Importer(2089858483,b0f066a214c2f5e87bad3c948f4d605d) (ScriptedImporter) -> (Import Result ID: '2d684603c31eb924eea889b104e5c91e') in 0.0250592 seconds [static and dynamic dependencies]. Details - ImportResultOutputID=34e662f0f93e421e0e0dc627c16359d0 DependenciesID=9224c020b1ee25538ef91ceea8c3d03d StaticDependenciesID=95ad7df847db8a04e196b1ed5d6fd3ae 
Number of updated asset objects reloaded before import = 0Number of asset objects unloaded after import = 1

========================================================================
Received Import Request.
  Time since last request: 0.000022 seconds.
  path: Assets/Ball Pack/Models/Wheel Ball - Old/Materials
  importAddress: Guid(8bdc5c295c86a1f44b7e69bacec97b26) Importer(2089858483,b0f066a214c2f5e87bad3c948f4d605d)
Start importing Assets/Ball Pack/Models/Wheel Ball - Old/Materials using Guid(8bdc5c295c86a1f44b7e69bacec97b26) Importer(2089858483,b0f066a214c2f5e87bad3c948f4d605d) (ScriptedImporter) -> (Import Result ID: 'cb333bfa2d58a0101375a46438ae503b') in 0.0171159 seconds [static and dynamic dependencies]. Details - ImportResultOutputID=9bdcc3d45eda725932085166ee25f422 DependenciesID=145d045ce9d11e66ee4f714af5c4ff53 StaticDependenciesID=83e4dbeeb37a8858350fdd2a2fbd7404 
Number of updated asset objects reloaded before import = 0Number of asset objects unloaded after import = 1

========================================================================
Received Import Request.
  Time since last request: 0.000027 seconds.
  path: Assets/Ball Pack/Models
  importAddress: Guid(7e9d83179b3618645bd6db13a642a170) Importer(2089858483,b0f066a214c2f5e87bad3c948f4d605d)
Start importing Assets/Ball Pack/Models using Guid(7e9d83179b3618645bd6db13a642a170) Importer(2089858483,b0f066a214c2f5e87bad3c948f4d605d) (ScriptedImporter) -> (Import Result ID: '9d89a5b436016a8e2e2637fe08aaf752') in 0.0203214 seconds [static and dynamic dependencies]. Details - ImportResultOutputID=df88b3b99ccfe8ed3aa473cb69b366b5 DependenciesID=329de14c83d5625614b92e0246977492 StaticDependenciesID=0ec2cd13164324681910eee345104e38 
Number of updated asset objects reloaded before import = 0Number of asset objects unloaded after import = 1

========================================================================
Received Import Request.
  Time since last request: 0.000025 seconds.
  path: Assets/Ball Pack/Models/Split Metal Ball/Textures
  importAddress: Guid(b20bbd66615f16a46a5b5f98f8c69fe6) Importer(2089858483,b0f066a214c2f5e87bad3c948f4d605d)
Start importing Assets/Ball Pack/Models/Split Metal Ball/Textures using Guid(b20bbd66615f16a46a5b5f98f8c69fe6) Importer(2089858483,b0f066a214c2f5e87bad3c948f4d605d) (ScriptedImporter) -> (Import Result ID: '91c8bcfcbd4ee1c592ee8d74e7c07655') in 0.0187601 seconds [static and dynamic dependencies]. Details - ImportResultOutputID=bf5509918e6d654b18120ce6bfef035c DependenciesID=65030b77af4470a82c0b0da989a6dd0c StaticDependenciesID=12a56c65703c2295219c1eff07930e35 
Number of updated asset objects reloaded before import = 0Number of asset objects unloaded after import = 1

========================================================================
Received Import Request.
  Time since last request: 0.000047 seconds.
  path: Assets/Ball Pack/Models/Eye Ball/Textures/EyeBall Iris Bump.png
  importAddress: Guid(992f72e4b731908428b61d6396e6cae4) Importer(2089858483,b0f066a214c2f5e87bad3c948f4d605d)
Start importing Assets/Ball Pack/Models/Eye Ball/Textures/EyeBall Iris Bump.png using Guid(992f72e4b731908428b61d6396e6cae4) Importer(2089858483,b0f066a214c2f5e87bad3c948f4d605d) (ScriptedImporter) -> (Import Result ID: '8cac6c2a06ecef4cdb0faf7e28889ff1') in 0.0437513 seconds [static and dynamic dependencies]. Details - ImportResultOutputID=5d84a4448150432fb99062a830fcfaec DependenciesID=5abe1c697951a809ef7fd3b6a4c2d2c4 StaticDependenciesID=d83402d44fbf2406fdc86bad771bcdfb 
Number of updated asset objects reloaded before import = 0Number of asset objects unloaded after import = 1

========================================================================
Received Import Request.
  Time since last request: 0.000034 seconds.
  path: Assets/Ball Pack/URP Assets.unitypackage
  importAddress: Guid(7cdbca4c93a9a7840a32f8c2634ae9e9) Importer(2089858483,b0f066a214c2f5e87bad3c948f4d605d)
Start importing Assets/Ball Pack/URP Assets.unitypackage using Guid(7cdbca4c93a9a7840a32f8c2634ae9e9) Importer(2089858483,b0f066a214c2f5e87bad3c948f4d605d) (ScriptedImporter) -> (Import Result ID: '2cbea01fd3d2937daa466b016d1e6eef') in 0.021179 seconds [static and dynamic dependencies]. Details - ImportResultOutputID=cc0e1475bff32cb4dcc8928f23312ca0 DependenciesID=330a5875d39006bd2cbb1fb464bf523e StaticDependenciesID=117b1a7e97090847a749f7a501cee54a 
Number of updated asset objects reloaded before import = 0Number of asset objects unloaded after import = 1

========================================================================
Received Import Request.
  Time since last request: 0.000036 seconds.
  path: Assets/Ball Pack/Models/Wooden Ball/Textures/WoodenBall - Bump.png
  importAddress: Guid(1c7a4e28b7e27c4419c2214196fb3bd9) Importer(2089858483,b0f066a214c2f5e87bad3c948f4d605d)
Start importing Assets/Ball Pack/Models/Wooden Ball/Textures/WoodenBall - Bump.png using Guid(1c7a4e28b7e27c4419c2214196fb3bd9) Importer(2089858483,b0f066a214c2f5e87bad3c948f4d605d) (ScriptedImporter) -> (Import Result ID: '3d47e0ea0b7add40f370765d9199b6c3') in 0.0320429 seconds [static and dynamic dependencies]. Details - ImportResultOutputID=19c94c3d61f45935abb0bf87cd8dfb87 DependenciesID=bfeb80f8d397e48cdeebff5eea9be6fe StaticDependenciesID=7db3e13f3e2b856b84669bd701cd0c35 
Number of updated asset objects reloaded before import = 0Number of asset objects unloaded after import = 1

========================================================================
Received Import Request.
  Time since last request: 0.000065 seconds.
  path: Assets/Ball Pack/Models/Wheel Ball - Old/WheelBall - Old.fbx
  importAddress: Guid(74cbada03bcd41d49acec56746acf71e) Importer(2089858483,b0f066a214c2f5e87bad3c948f4d605d)
Start importing Assets/Ball Pack/Models/Wheel Ball - Old/WheelBall - Old.fbx using Guid(74cbada03bcd41d49acec56746acf71e) Importer(2089858483,b0f066a214c2f5e87bad3c948f4d605d) (ScriptedImporter) -> (Import Result ID: '6717fa014d62d83d4969be53066ad530') in 0.0560414 seconds [static and dynamic dependencies]. Details - ImportResultOutputID=50f96f2e6740dacdcebcc7575e050490 DependenciesID=31549bcbca2fbf6dddbf5cdc4886c30f StaticDependenciesID=c3f35b93ff3ee677a35948dc089808dc 
Number of updated asset objects reloaded before import = 0Number of asset objects unloaded after import = 9

========================================================================
Received Import Request.
  Time since last request: 0.000038 seconds.
  path: Assets/Ball Pack/Models/Eye Ball/Materials/EyeBall White.mat
  importAddress: Guid(47a8093fe3481254cb6d6513fd395ea0) Importer(2089858483,b0f066a214c2f5e87bad3c948f4d605d)
Start importing Assets/Ball Pack/Models/Eye Ball/Materials/EyeBall White.mat using Guid(47a8093fe3481254cb6d6513fd395ea0) Importer(2089858483,b0f066a214c2f5e87bad3c948f4d605d) (ScriptedImporter) -> (Import Result ID: 'd21a1f0296dd09cd212e47fdfed8b337') in 0.3099562 seconds [static and dynamic dependencies]. Details - ImportResultOutputID=c36b121ef14f3dfc2c5bb9afe5d91f6b DependenciesID=722425b0ac7e8a44905f47fa81d9c577 StaticDependenciesID=5045bd01388a659574ca65e58eb4c512 
Number of updated asset objects reloaded before import = 0Number of asset objects unloaded after import = 3

========================================================================
Received Import Request.
  Time since last request: 0.000027 seconds.
  path: Assets/Ball Pack/Models/Eye Ball/Textures/EyeBall White.png
  importAddress: Guid(7dc7e5cf856ee864db67221969f719dd) Importer(2089858483,b0f066a214c2f5e87bad3c948f4d605d)
Start importing Assets/Ball Pack/Models/Eye Ball/Textures/EyeBall White.png using Guid(7dc7e5cf856ee864db67221969f719dd) Importer(2089858483,b0f066a214c2f5e87bad3c948f4d605d) (ScriptedImporter) -> (Import Result ID: 'b131a51ca99f7ee4899919e068de3a6b') in 0.024384 seconds [static and dynamic dependencies]. Details - ImportResultOutputID=83e093a5419b515bdc554572e5d85bcb DependenciesID=fab6cb97f90bf6f43177cde22c1680b4 StaticDependenciesID=5bd85a6c7ced6fe3c11536cab457f361 
Number of updated asset objects reloaded before import = 0Number of asset objects unloaded after import = 1

========================================================================
Received Import Request.
  Time since last request: 0.000030 seconds.
  path: Assets/Ball Pack/Models/Wooden Ball/Textures
  importAddress: Guid(4fad616280214854f8c456d5380c6d2e) Importer(2089858483,b0f066a214c2f5e87bad3c948f4d605d)
Start importing Assets/Ball Pack/Models/Wooden Ball/Textures using Guid(4fad616280214854f8c456d5380c6d2e) Importer(2089858483,b0f066a214c2f5e87bad3c948f4d605d) (ScriptedImporter) -> (Import Result ID: '7db4d69fea7b31664010985b3786951d') in 0.0144122 seconds [static and dynamic dependencies]. Details - ImportResultOutputID=fef1af8790e6d5aab422c40e9674d508 DependenciesID=48ae3e26f9c49bf8e7e5b549cd1680ba StaticDependenciesID=311a3655f4c29e659bbf31bfe51beb50 
Number of updated asset objects reloaded before import = 0Number of asset objects unloaded after import = 1

========================================================================
Received Import Request.
  Time since last request: 0.000027 seconds.
  path: Assets/Ball Pack/Models/Wheel Ball - Old
  importAddress: Guid(0e21f755c9b17dd41aa7248dab4dd73d) Importer(2089858483,b0f066a214c2f5e87bad3c948f4d605d)
Start importing Assets/Ball Pack/Models/Wheel Ball - Old using Guid(0e21f755c9b17dd41aa7248dab4dd73d) Importer(2089858483,b0f066a214c2f5e87bad3c948f4d605d) (ScriptedImporter) -> (Import Result ID: 'ea4852f6bb73940a2267734b4c5ba4b3') in 0.0175066 seconds [static and dynamic dependencies]. Details - ImportResultOutputID=414f0ce78828d04c8e1f6e04f9cf7865 DependenciesID=242d0f71ccba302b3c82cab60983f863 StaticDependenciesID=84b4cdb4125ad9387b699fac8d9370df 
Number of updated asset objects reloaded before import = 0Number of asset objects unloaded after import = 1

========================================================================
Received Import Request.
  Time since last request: 0.000069 seconds.
  path: Assets/Ball Pack/Showcase.unity
  importAddress: Guid(b0fafae756170fc4da9b2c0583673d75) Importer(2089858483,b0f066a214c2f5e87bad3c948f4d605d)
Start importing Assets/Ball Pack/Showcase.unity using Guid(b0fafae756170fc4da9b2c0583673d75) Importer(2089858483,b0f066a214c2f5e87bad3c948f4d605d) (ScriptedImporter) -> (Import Result ID: 'd5a731bee1e0922155cf9e3cb1291b95') in 0.0355008 seconds [static and dynamic dependencies]. Details - ImportResultOutputID=6224037619bfc97549228a768449d28a DependenciesID=9c84f2bf332c87278b96a1b53e1cc434 StaticDependenciesID=e0a596533b7ff72ebe5ea744515c85a8 
Number of updated asset objects reloaded before import = 0Number of asset objects unloaded after import = 1

========================================================================
Received Import Request.
  Time since last request: 0.000023 seconds.
  path: Assets/Ball Pack/Models/Wheel Ball/Textures/Wheel Ball - Metal.png
  importAddress: Guid(2ba26154294c1c44898d38f779ca2f20) Importer(2089858483,b0f066a214c2f5e87bad3c948f4d605d)
Start importing Assets/Ball Pack/Models/Wheel Ball/Textures/Wheel Ball - Metal.png using Guid(2ba26154294c1c44898d38f779ca2f20) Importer(2089858483,b0f066a214c2f5e87bad3c948f4d605d) (ScriptedImporter) -> (Import Result ID: 'f788cf1ad9565915ab2d402c8c491d81') in 0.0317702 seconds [static and dynamic dependencies]. Details - ImportResultOutputID=c60bfa3758ccfef4dd6f8cad2708a928 DependenciesID=34a4c3c5c030eb09bf50b99d9f7ca8b8 StaticDependenciesID=36595fa5170932e2763b4032e3609cc4 
Number of updated asset objects reloaded before import = 0Number of asset objects unloaded after import = 1

========================================================================
Received Import Request.
  Time since last request: 0.000031 seconds.
  path: Assets/Ball Pack/Models/Split Metal Ball/Textures/SplitMetalBall.png
  importAddress: Guid(b467e7c58ee9db547bd2a2cdbd184931) Importer(2089858483,b0f066a214c2f5e87bad3c948f4d605d)
Start importing Assets/Ball Pack/Models/Split Metal Ball/Textures/SplitMetalBall.png using Guid(b467e7c58ee9db547bd2a2cdbd184931) Importer(2089858483,b0f066a214c2f5e87bad3c948f4d605d) (ScriptedImporter) -> (Import Result ID: '45b58c6e44d372a4c78ff950cf600aeb') in 0.0555653 seconds [static and dynamic dependencies]. Details - ImportResultOutputID=be474b5531e69f0982b0b3d0179607e6 DependenciesID=dbff2b84a46102481fc1163b7e571a34 StaticDependenciesID=f98808204ececafa133754fabdee824a 
Number of updated asset objects reloaded before import = 0Number of asset objects unloaded after import = 1

========================================================================
Received Import Request.
  Time since last request: 0.000020 seconds.
  path: Assets/Ball Pack/Models/Wheel Ball - Old/Textures
  importAddress: Guid(0245a9ab8de8c6047949b6a472fea2b8) Importer(2089858483,b0f066a214c2f5e87bad3c948f4d605d)
Start importing Assets/Ball Pack/Models/Wheel Ball - Old/Textures using Guid(0245a9ab8de8c6047949b6a472fea2b8) Importer(2089858483,b0f066a214c2f5e87bad3c948f4d605d) (ScriptedImporter) -> (Import Result ID: '898b13632fcaf129ae67366f46c1481d') in 0.0173888 seconds [static and dynamic dependencies]. Details - ImportResultOutputID=1ee7cb78667f5f8ddd6940f3d2211741 DependenciesID=bb17faaaa69ae63d88830b76b8d31ef0 StaticDependenciesID=f793bcc2bf442f5e30a2fd5eb068f1f2 
Number of updated asset objects reloaded before import = 0Number of asset objects unloaded after import = 1

========================================================================
Received Import Request.
  Time since last request: 0.000017 seconds.
  path: Assets/Ball Pack/Models/Split Metal Ball/Textures/SplitMetalBallEmissive.png
  importAddress: Guid(32ab4bdcacdc792468d228e1439d645e) Importer(2089858483,b0f066a214c2f5e87bad3c948f4d605d)
Start importing Assets/Ball Pack/Models/Split Metal Ball/Textures/SplitMetalBallEmissive.png using Guid(32ab4bdcacdc792468d228e1439d645e) Importer(2089858483,b0f066a214c2f5e87bad3c948f4d605d) (ScriptedImporter) -> (Import Result ID: 'a98868156dabddae2d0be5bf409ffce0') in 0.02769 seconds [static and dynamic dependencies]. Details - ImportResultOutputID=dbd5c87c8b580510a9888876d1e422ec DependenciesID=1b4128ca542716f15623055b95363064 StaticDependenciesID=418d2be52783999cf60b9b15f425cbd5 
Number of updated asset objects reloaded before import = 0Number of asset objects unloaded after import = 1

========================================================================
Received Import Request.
  Time since last request: 0.000033 seconds.
  path: Assets/Ball Pack/Models/Spike Ball/Textures/SpikeBall.png
  importAddress: Guid(a7620eecb715ccf409f41bda9e06f7cc) Importer(2089858483,b0f066a214c2f5e87bad3c948f4d605d)
Start importing Assets/Ball Pack/Models/Spike Ball/Textures/SpikeBall.png using Guid(a7620eecb715ccf409f41bda9e06f7cc) Importer(2089858483,b0f066a214c2f5e87bad3c948f4d605d) (ScriptedImporter) -> (Import Result ID: '763694c741d82a5bd144905c4511b187') in 0.0207484 seconds [static and dynamic dependencies]. Details - ImportResultOutputID=5fe7ee0b72b52461e2805b70469da310 DependenciesID=15c6435d6038da42bfb41145a1e70a6e StaticDependenciesID=f5353250c1aa16652d02e826a77018d1 
Number of updated asset objects reloaded before import = 0Number of asset objects unloaded after import = 1

========================================================================
Received Import Request.
  Time since last request: 0.000058 seconds.
  path: Assets/Ball Pack/Models/Wheel Ball - Old/Materials/Wheel Ball - Old.mat
  importAddress: Guid(40db05b0756f19c43ae471505d9b8ce5) Importer(2089858483,b0f066a214c2f5e87bad3c948f4d605d)
Start importing Assets/Ball Pack/Models/Wheel Ball - Old/Materials/Wheel Ball - Old.mat using Guid(40db05b0756f19c43ae471505d9b8ce5) Importer(2089858483,b0f066a214c2f5e87bad3c948f4d605d) (ScriptedImporter) -> (Import Result ID: '4ef7f92b5ed8bb4bc1d9ac423a05830c') in 0.0196689 seconds [static and dynamic dependencies]. Details - ImportResultOutputID=db8a241f95645d6e14dd544fce556cdc DependenciesID=b2536c2c4bb5f93bdf3932ebc7c03128 StaticDependenciesID=fb10012950d8c8fbc0e801e0f8e03cc3 
Number of updated asset objects reloaded before import = 0Number of asset objects unloaded after import = 2

========================================================================
Received Import Request.
  Time since last request: 0.000020 seconds.
  path: Assets/Ball Pack/Models/Eye Ball
  importAddress: Guid(e9eded04223b0ba45ae266e36f837c7e) Importer(2089858483,b0f066a214c2f5e87bad3c948f4d605d)
Start importing Assets/Ball Pack/Models/Eye Ball using Guid(e9eded04223b0ba45ae266e36f837c7e) Importer(2089858483,b0f066a214c2f5e87bad3c948f4d605d) (ScriptedImporter) -> (Import Result ID: '2441155a88c1fc2da240d0083c1bea63') in 0.0134821 seconds [static and dynamic dependencies]. Details - ImportResultOutputID=d72f027d0eb35cfc7877ff76002b0c21 DependenciesID=087b0807fe8f849c593cca2a5944c02c StaticDependenciesID=bd2dea28bbea4ff77864b63437f92d09 
Number of updated asset objects reloaded before import = 0Number of asset objects unloaded after import = 1

========================================================================
Received Import Request.
  Time since last request: 0.000021 seconds.
  path: Assets/Ball Pack/Models/Atom Ball/AtomBall.fbx
  importAddress: Guid(4a1142b17f64bbc40871f76529421f77) Importer(2089858483,b0f066a214c2f5e87bad3c948f4d605d)
Start importing Assets/Ball Pack/Models/Atom Ball/AtomBall.fbx using Guid(4a1142b17f64bbc40871f76529421f77) Importer(2089858483,b0f066a214c2f5e87bad3c948f4d605d) (ScriptedImporter) -> (Import Result ID: '9a792d80548041d69864dbd57d0f0aa4') in 0.0222409 seconds [static and dynamic dependencies]. Details - ImportResultOutputID=ed3cb24fe8d53642bfbcce779a177c3b DependenciesID=499ed05ce7f16bd60988eb3722b7635e StaticDependenciesID=a8a90a5a24c37be82db88c940951d002 
Number of updated asset objects reloaded before import = 0Number of asset objects unloaded after import = 14

========================================================================
Received Import Request.
  Time since last request: 0.000026 seconds.
  path: Assets/Ball Pack/Models/Materials Old/WheelBall.mat
  importAddress: Guid(55902ecb6b1720e4e80dad79614baab3) Importer(2089858483,b0f066a214c2f5e87bad3c948f4d605d)
Start importing Assets/Ball Pack/Models/Materials Old/WheelBall.mat using Guid(55902ecb6b1720e4e80dad79614baab3) Importer(2089858483,b0f066a214c2f5e87bad3c948f4d605d) (ScriptedImporter) -> (Import Result ID: '0583b444827673777813339acff897c2') in 0.1437653 seconds [static and dynamic dependencies]. Details - ImportResultOutputID=3ad34ebac1ecc05f735ba054bb74d15d DependenciesID=14464d4c77389fb36d5f3cce7157b073 StaticDependenciesID=ba5c5c10ad8a2670ae2913c8cf1f2bd6 
Number of updated asset objects reloaded before import = 0Number of asset objects unloaded after import = 2

========================================================================
Received Import Request.
  Time since last request: 0.000031 seconds.
  path: Assets/Ball Pack/Models/Wooden Ball/Textures/WoodenBall - Diffuse.png
  importAddress: Guid(65d18d1cfbd4e424da7b55c4e0b15d5b) Importer(2089858483,b0f066a214c2f5e87bad3c948f4d605d)
Start importing Assets/Ball Pack/Models/Wooden Ball/Textures/WoodenBall - Diffuse.png using Guid(65d18d1cfbd4e424da7b55c4e0b15d5b) Importer(2089858483,b0f066a214c2f5e87bad3c948f4d605d) (ScriptedImporter) -> (Import Result ID: '1ade351521aa09c264e5f67925d8b297') in 0.0241683 seconds [static and dynamic dependencies]. Details - ImportResultOutputID=4d6d7749521837e1cd41f771bfca184a DependenciesID=0c47c7f9c62fc6446f2d51aa29c14fe4 StaticDependenciesID=41138f0adfb5e3162bc0dc8ec3287746 
Number of updated asset objects reloaded before import = 0Number of asset objects unloaded after import = 1

========================================================================
Received Import Request.
  Time since last request: 0.000063 seconds.
  path: Assets/Ball Pack/Models/Bucky Ball/BuckyBall.fbx
  importAddress: Guid(a97bdcf094fff104d9f67b004b505dd0) Importer(2089858483,b0f066a214c2f5e87bad3c948f4d605d)
Start importing Assets/Ball Pack/Models/Bucky Ball/BuckyBall.fbx using Guid(a97bdcf094fff104d9f67b004b505dd0) Importer(2089858483,b0f066a214c2f5e87bad3c948f4d605d) (ScriptedImporter) -> (Import Result ID: '6e08c315786ed1197cb6382c0f3bb28d') in 0.030825 seconds [static and dynamic dependencies]. Details - ImportResultOutputID=2a57db8ef2ff5546c6c70ead5a2f3018 DependenciesID=fae2d08b39e5d6e327f4f9fc89fda6d7 StaticDependenciesID=cef8b432e63a95a8cfef5a80c217f846 
Number of updated asset objects reloaded before import = 0Number of asset objects unloaded after import = 14

========================================================================
Received Import Request.
  Time since last request: 0.000026 seconds.
  path: Assets/Ball Pack/Models/Split Metal Ball
  importAddress: Guid(85656b84a19e42c458c1d281cd26ed9f) Importer(2089858483,b0f066a214c2f5e87bad3c948f4d605d)
Start importing Assets/Ball Pack/Models/Split Metal Ball using Guid(85656b84a19e42c458c1d281cd26ed9f) Importer(2089858483,b0f066a214c2f5e87bad3c948f4d605d) (ScriptedImporter) -> (Import Result ID: 'cc7cbb9c037fd8dfd8489d27a6fcff27') in 0.0186616 seconds [static and dynamic dependencies]. Details - ImportResultOutputID=4c7c3793a5cd742292cbecdc8d343fe7 DependenciesID=3bded1e5045f08fe21318b2cf8668629 StaticDependenciesID=b7be3300e66926abbeacaeae752395ff 
Number of updated asset objects reloaded before import = 0Number of asset objects unloaded after import = 1

========================================================================
Received Import Request.
  Time since last request: 0.000028 seconds.
  path: Assets/Ball Pack/Models/Materials Old
  importAddress: Guid(a1bfbe57827bb50469dbcb84b03c035d) Importer(2089858483,b0f066a214c2f5e87bad3c948f4d605d)
Start importing Assets/Ball Pack/Models/Materials Old using Guid(a1bfbe57827bb50469dbcb84b03c035d) Importer(2089858483,b0f066a214c2f5e87bad3c948f4d605d) (ScriptedImporter) -> (Import Result ID: '519fb615f6e3b936cf6419c73593b821') in 0.0162385 seconds [static and dynamic dependencies]. Details - ImportResultOutputID=e0cf6104aafb7c6123ff35774a260b6e DependenciesID=d3bac49b2a8fa354ee56a9b603c35959 StaticDependenciesID=6eba5b6739f079b5c89911484967e341 
Number of updated asset objects reloaded before import = 0Number of asset objects unloaded after import = 1

========================================================================
Received Import Request.
  Time since last request: 0.000039 seconds.
  path: Assets/Ball Pack/Models/Eye Ball/Materials/EyeBall Lens.mat
  importAddress: Guid(dd6ff34369111ef4eae9da9f1b08d08d) Importer(2089858483,b0f066a214c2f5e87bad3c948f4d605d)
Start importing Assets/Ball Pack/Models/Eye Ball/Materials/EyeBall Lens.mat using Guid(dd6ff34369111ef4eae9da9f1b08d08d) Importer(2089858483,b0f066a214c2f5e87bad3c948f4d605d) (ScriptedImporter) -> (Import Result ID: 'b0993408e0edccd17595e8baf7c21a29') in 0.1187486 seconds [static and dynamic dependencies]. Details - ImportResultOutputID=475386b4c1d54f40b8463f476e467e5c DependenciesID=d2b53f16a0f38c4c81d8c568243664a5 StaticDependenciesID=1e922404c6d434571595831e1adb2bea 
Number of updated asset objects reloaded before import = 0Number of asset objects unloaded after import = 1

========================================================================
Received Import Request.
  Time since last request: 0.000033 seconds.
  path: Assets/Ball Pack/Models/Split Metal Ball/Materials
  importAddress: Guid(0c90d2539fc0c6246a06a20721078cf5) Importer(2089858483,b0f066a214c2f5e87bad3c948f4d605d)
Start importing Assets/Ball Pack/Models/Split Metal Ball/Materials using Guid(0c90d2539fc0c6246a06a20721078cf5) Importer(2089858483,b0f066a214c2f5e87bad3c948f4d605d) (ScriptedImporter) -> (Import Result ID: 'e6310a4aa7e95d63f2bdeb2b562d9577') in 0.0168115 seconds [static and dynamic dependencies]. Details - ImportResultOutputID=2826869ae065316250962395712eaf6f DependenciesID=fc2af2c8d39a1ea9a4f42655118f0c06 StaticDependenciesID=b4199da585ff0b431c3a1e44421a678b 
Number of updated asset objects reloaded before import = 0Number of asset objects unloaded after import = 1

========================================================================
Received Import Request.
  Time since last request: 0.000020 seconds.
  path: Assets/Ball Pack/Models/Bomb Ball/BombBall.fbx
  importAddress: Guid(38972d9a807375f4fbdbf2e076aa183f) Importer(2089858483,b0f066a214c2f5e87bad3c948f4d605d)
Start importing Assets/Ball Pack/Models/Bomb Ball/BombBall.fbx using Guid(38972d9a807375f4fbdbf2e076aa183f) Importer(2089858483,b0f066a214c2f5e87bad3c948f4d605d) (ScriptedImporter) -> (Import Result ID: '5ce3f00d653c408df9fe03aac074b956') in 0.0227872 seconds [static and dynamic dependencies]. Details - ImportResultOutputID=bf52bf3999e4eb75b6a46d692b0a8993 DependenciesID=653a063694ad4da776b0ce981298fcf6 StaticDependenciesID=900e3004dbb6ba0a30237e09690ff3f5 
Number of updated asset objects reloaded before import = 0Number of asset objects unloaded after import = 19

========================================================================
Received Import Request.
  Time since last request: 0.000029 seconds.
  path: Assets/Ball Pack/Models/Bomb Ball/Materials/Bomb Ball.mat
  importAddress: Guid(7717d08fdcc532b449044fc4b21a7b5a) Importer(2089858483,b0f066a214c2f5e87bad3c948f4d605d)
Start importing Assets/Ball Pack/Models/Bomb Ball/Materials/Bomb Ball.mat using Guid(7717d08fdcc532b449044fc4b21a7b5a) Importer(2089858483,b0f066a214c2f5e87bad3c948f4d605d) (ScriptedImporter) -> (Import Result ID: '55f6e568082d1601ddda1adcb71d3800') in 0.0440438 seconds [static and dynamic dependencies]. Details - ImportResultOutputID=2c3bc9a76927f2d63a1a8e22762e2378 DependenciesID=2731308bf6544e3b2f880ca7fe80214b StaticDependenciesID=419bd59ef4ba73cc85167ddc858e6ba6 
Number of updated asset objects reloaded before import = 0Number of asset objects unloaded after import = 3

========================================================================
Received Import Request.
  Time since last request: 0.000022 seconds.
  path: Assets/Ball Pack/Models/Wooden Ball
  importAddress: Guid(96ca6be70a3cb6e4e9852672beabc506) Importer(2089858483,b0f066a214c2f5e87bad3c948f4d605d)
Start importing Assets/Ball Pack/Models/Wooden Ball using Guid(96ca6be70a3cb6e4e9852672beabc506) Importer(2089858483,b0f066a214c2f5e87bad3c948f4d605d) (ScriptedImporter) -> (Import Result ID: '2620f69dbb3dbff4bc802a891d3a4082') in 0.0148556 seconds [static and dynamic dependencies]. Details - ImportResultOutputID=1ab0dfcaa0cd0e4f485845ab98be264a DependenciesID=4a6f90457d767d76c00e38e219980a16 StaticDependenciesID=5e03b5e7c0172b97910cf2e739bf2135 
Number of updated asset objects reloaded before import = 0Number of asset objects unloaded after import = 1

========================================================================
Received Import Request.
  Time since last request: 0.000022 seconds.
  path: Assets/Ball Pack/Models/Eye Ball/EyeBall.fbx
  importAddress: Guid(5f603b8c73c81724b9bdc1c65764eb4c) Importer(2089858483,b0f066a214c2f5e87bad3c948f4d605d)
Start importing Assets/Ball Pack/Models/Eye Ball/EyeBall.fbx using Guid(5f603b8c73c81724b9bdc1c65764eb4c) Importer(2089858483,b0f066a214c2f5e87bad3c948f4d605d) (ScriptedImporter) -> (Import Result ID: '22c1414e88a12df88573e27314702638') in 0.1482053 seconds [static and dynamic dependencies]. Details - ImportResultOutputID=0d4bb75b707ddb28a37326a9d9ec65bc DependenciesID=a82564e127744157ffe807af3a948bbf StaticDependenciesID=08407072d988b6791fd4d8236d0038e4 
Number of updated asset objects reloaded before import = 0Number of asset objects unloaded after import = 9

========================================================================
Received Import Request.
  Time since last request: 0.000033 seconds.
  path: Assets/Ball Pack/Models/Wheel Ball/Textures/Wheel Ball - Emissive.png
  importAddress: Guid(eed12405f2fde0d4a9ddf4e6e509119c) Importer(2089858483,b0f066a214c2f5e87bad3c948f4d605d)
Start importing Assets/Ball Pack/Models/Wheel Ball/Textures/Wheel Ball - Emissive.png using Guid(eed12405f2fde0d4a9ddf4e6e509119c) Importer(2089858483,b0f066a214c2f5e87bad3c948f4d605d) (ScriptedImporter) -> (Import Result ID: '1ad63942675ab507538820ff232f4613') in 0.0243163 seconds [static and dynamic dependencies]. Details - ImportResultOutputID=dda11dcedbfc46c8198ff7c66f172c26 DependenciesID=384031a160e8f27c5748877a74138fe0 StaticDependenciesID=ba86d6c7406c3218156d04551cfab6ef 
Number of updated asset objects reloaded before import = 0Number of asset objects unloaded after import = 1

========================================================================
Received Import Request.
  Time since last request: 0.000164 seconds.
  path: Assets/Ball Pack/Models/Wheel Ball/Materials/Wheel Ball.mat
  importAddress: Guid(7362c132d0d07c541b206f2a74646d82) Importer(2089858483,b0f066a214c2f5e87bad3c948f4d605d)
Start importing Assets/Ball Pack/Models/Wheel Ball/Materials/Wheel Ball.mat using Guid(7362c132d0d07c541b206f2a74646d82) Importer(2089858483,b0f066a214c2f5e87bad3c948f4d605d) (ScriptedImporter) -> (Import Result ID: '0dbe6ffe2a6c433a7c17802a322479e6') in 0.0596694 seconds [static and dynamic dependencies]. Details - ImportResultOutputID=f4e577c231db25a63f6094829b3ad54d DependenciesID=25a3913cf3a0aeb857a37b7eadaadd87 StaticDependenciesID=b7d446c769b0e7dd7fa4450c05e36151 
Number of updated asset objects reloaded before import = 0Number of asset objects unloaded after import = 5

========================================================================
Received Import Request.
  Time since last request: 0.000032 seconds.
  path: Assets/Ball Pack/Models/Eye Ball/EyeBall 2.fbx
  importAddress: Guid(72b518a29fb79d146a446a27e00ab52c) Importer(2089858483,b0f066a214c2f5e87bad3c948f4d605d)
Start importing Assets/Ball Pack/Models/Eye Ball/EyeBall 2.fbx using Guid(72b518a29fb79d146a446a27e00ab52c) Importer(2089858483,b0f066a214c2f5e87bad3c948f4d605d) (ScriptedImporter) -> (Import Result ID: 'b837faf8c5fedd0d8b01b337d7a8d90e') in 0.0359427 seconds [static and dynamic dependencies]. Details - ImportResultOutputID=75d25178d9655b148c8d2176ab032f6c DependenciesID=0fb699bbdf1a6e86dc85e24b497a06c3 StaticDependenciesID=f990cd7844501d0dbc53e730e6a590f3 
Number of updated asset objects reloaded before import = 0Number of asset objects unloaded after import = 9

========================================================================
Received Import Request.
  Time since last request: 0.000026 seconds.
  path: Assets/Ball Pack/Models/Bucky Ball
  importAddress: Guid(9569523325da39e4da8a8a5d9c41c92e) Importer(2089858483,b0f066a214c2f5e87bad3c948f4d605d)
Start importing Assets/Ball Pack/Models/Bucky Ball using Guid(9569523325da39e4da8a8a5d9c41c92e) Importer(2089858483,b0f066a214c2f5e87bad3c948f4d605d) (ScriptedImporter) -> (Import Result ID: 'd463fca055ae1613799bdffbbd49138a') in 0.0178485 seconds [static and dynamic dependencies]. Details - ImportResultOutputID=4da5af11a2f83e7cec31485d287a5d98 DependenciesID=f202abdf19c8599ce1533e73fd63db2f StaticDependenciesID=d305bf5c5bbf6fae719931b9bd37cf99 
Number of updated asset objects reloaded before import = 0Number of asset objects unloaded after import = 1

========================================================================
Received Import Request.
  Time since last request: 13.271934 seconds.
  path: Assets/Ball Pack/Models/Atom Ball
  importAddress: Guid(6086d5cf050f6f1428c7ba048fd52a86) Importer(815301076,1909f56bfc062723c751e8b465ee728b)
Start importing Assets/Ball Pack/Models/Atom Ball using Guid(6086d5cf050f6f1428c7ba048fd52a86) Importer(815301076,1909f56bfc062723c751e8b465ee728b) (PreviewImporter) -> (Import Result ID: 'b4faf4738188871861b532ee2fd69d5a') in 0.0031509 seconds [static and dynamic dependencies]. Details - ImportResultOutputID=52edee19b94bf478fe1062ec1741bc05 DependenciesID=9670000c2a289f8c639edffb32f339a7 StaticDependenciesID=5d180170e3c7103f61c95bdc9a7cec34 
Number of updated asset objects reloaded before import = 0Number of asset objects unloaded after import = 0

========================================================================
Received Import Request.
  Time since last request: 1.110328 seconds.
  path: Assets/Ball Pack/Models/Atom Ball/Materials
  importAddress: Guid(a7208012a14653d4d935aca8c8ca665c) Importer(815301076,1909f56bfc062723c751e8b465ee728b)
Start importing Assets/Ball Pack/Models/Atom Ball/Materials using Guid(a7208012a14653d4d935aca8c8ca665c) Importer(815301076,1909f56bfc062723c751e8b465ee728b) (PreviewImporter) -> (Import Result ID: 'f0423a608707634fc7393333c95ed7cc') in 0.0016408 seconds [static and dynamic dependencies]. Details - ImportResultOutputID=c4f289b6c35ba3ac05b073353ecd5b6b DependenciesID=6e7004e31c81ac66ec3795ef52502811 StaticDependenciesID=86dd4509bbaeab210230f2638d7c7e20 
Number of updated asset objects reloaded before import = 0Number of asset objects unloaded after import = 0

========================================================================
Received Import Request.
  Time since last request: 0.022863 seconds.
  path: Assets/Ball Pack/Models/Atom Ball/Materials/Atom Ball Atom Lines.mat
  importAddress: Guid(4c6ea6940a355434eb03c9c271744eca) Importer(815301076,1909f56bfc062723c751e8b465ee728b)
Start importing Assets/Ball Pack/Models/Atom Ball/Materials/Atom Ball Atom Lines.mat using Guid(4c6ea6940a355434eb03c9c271744eca) Importer(815301076,1909f56bfc062723c751e8b465ee728b) (PreviewImporter) -> (Import Result ID: '529f9c6bab646a95337cd7180cc71624') in 1.4251856 seconds [static and dynamic dependencies]. Details - ImportResultOutputID=3c9182c56efaf1b662b0d5a263540405 DependenciesID=489871ad5e7e24736eee1ee8b807cb62 StaticDependenciesID=641967bf90d146914330038bc245b438 
Number of updated asset objects reloaded before import = 0Number of asset objects unloaded after import = 1

========================================================================
Received Import Request.
  Time since last request: 4.716328 seconds.
  path: Assets/Ball Pack/Prefabs/BombBall.prefab
  importAddress: Guid(3b5a28db09a60f0479da5f8cdf8d7039) Importer(815301076,1909f56bfc062723c751e8b465ee728b)
Start importing Assets/Ball Pack/Prefabs/BombBall.prefab using Guid(3b5a28db09a60f0479da5f8cdf8d7039) Importer(815301076,1909f56bfc062723c751e8b465ee728b) (PreviewImporter) -> (Import Result ID: '3e2d77b71e96867a1384cc6aaa1556b4') in 0.0800347 seconds [static and dynamic dependencies]. Details - ImportResultOutputID=c68a381761f4d2ca8085c72c7df58d8d DependenciesID=929577a2e427c83e4a4dc3fd43a945ee StaticDependenciesID=091d750cc6c60d74d4366aa0006de4a6 
Number of updated asset objects reloaded before import = 0Number of asset objects unloaded after import = 39

========================================================================
Received Import Request.
  Time since last request: 0.000111 seconds.
  path: Assets/Ball Pack/Prefabs/EyeBall - Simple.prefab
  importAddress: Guid(8ce846c7eebb84f4d92bc6bdcde36312) Importer(815301076,1909f56bfc062723c751e8b465ee728b)
Start importing Assets/Ball Pack/Prefabs/EyeBall - Simple.prefab using Guid(8ce846c7eebb84f4d92bc6bdcde36312) Importer(815301076,1909f56bfc062723c751e8b465ee728b) (PreviewImporter) -> (Import Result ID: '558e5e48c7957bef3e7997b22df54287') in 0.0385595 seconds [static and dynamic dependencies]. Details - ImportResultOutputID=3917f19e58392a29940d1e969e3fd008 DependenciesID=bca36a224a5a162bd39681b3ef289183 StaticDependenciesID=ead87022bde88fa8f8f317a417dfd5bf 
Number of updated asset objects reloaded before import = 0Number of asset objects unloaded after import = 16

========================================================================
Received Import Request.
  Time since last request: 0.000030 seconds.
  path: Assets/Ball Pack/Prefabs/WheelBall - Old.prefab
  importAddress: Guid(9507ca9f6e3797a47a8af6ca90f12748) Importer(815301076,1909f56bfc062723c751e8b465ee728b)
Start importing Assets/Ball Pack/Prefabs/WheelBall - Old.prefab using Guid(9507ca9f6e3797a47a8af6ca90f12748) Importer(815301076,1909f56bfc062723c751e8b465ee728b) (PreviewImporter) -> (Import Result ID: '1a4765be0a4978d01ee29f0d524fabeb') in 0.0341897 seconds [static and dynamic dependencies]. Details - ImportResultOutputID=c2a2eaa099b19d73924b28f59705f640 DependenciesID=08dc89313320c9ca2194c24d372a12f0 StaticDependenciesID=5ae506ef19b0c1443eebcba694ff8ed5 
Number of updated asset objects reloaded before import = 0Number of asset objects unloaded after import = 20

========================================================================
Received Import Request.
  Time since last request: 0.000065 seconds.
  path: Assets/Ball Pack/Prefabs/SpikeBall.prefab
  importAddress: Guid(63c76cfb42cea0e429cc31b49501da0e) Importer(815301076,1909f56bfc062723c751e8b465ee728b)
Start importing Assets/Ball Pack/Prefabs/SpikeBall.prefab using Guid(63c76cfb42cea0e429cc31b49501da0e) Importer(815301076,1909f56bfc062723c751e8b465ee728b) (PreviewImporter) -> (Import Result ID: 'a79702b7640d61c753eccf36f179d7ac') in 0.0262974 seconds [static and dynamic dependencies]. Details - ImportResultOutputID=5d5db60c18bf00cf67bed92905804a8a DependenciesID=8a3b12c53957609d9783e7c0f72b1ac1 StaticDependenciesID=c27b4c45f1371f376f9731b64d637a3f 
Number of updated asset objects reloaded before import = 0Number of asset objects unloaded after import = 22

========================================================================
Received Import Request.
  Time since last request: 19.555154 seconds.
  path: Assets/Ball Pack/Models/Eye Ball/EyeBall 2.fbx
  importAddress: Guid(72b518a29fb79d146a446a27e00ab52c) Importer(815301076,1909f56bfc062723c751e8b465ee728b)
Start importing Assets/Ball Pack/Models/Eye Ball/EyeBall 2.fbx using Guid(72b518a29fb79d146a446a27e00ab52c) Importer(815301076,1909f56bfc062723c751e8b465ee728b) (PreviewImporter) -> (Import Result ID: '856a6518a1446cc4e5c56d4a8bba8f2b') in 0.2710738 seconds [static and dynamic dependencies]. Details - ImportResultOutputID=c48e381562dbc5303a778a32714ec4ae DependenciesID=72b5eb085ddf2ec08b390c9758992825 StaticDependenciesID=9f00de3f09e5b4667f3375d78052e7db 
Number of updated asset objects reloaded before import = 0Number of asset objects unloaded after import = 11

========================================================================
Received Import Request.
  Time since last request: 2.645676 seconds.
  path: Assets/Ball Pack/Models/Eye Ball/Textures/EyeBall Iris.png
  importAddress: Guid(581f4764538f11945b623fa91ac5ec85) Importer(815301076,1909f56bfc062723c751e8b465ee728b)
Start importing Assets/Ball Pack/Models/Eye Ball/Textures/EyeBall Iris.png using Guid(581f4764538f11945b623fa91ac5ec85) Importer(815301076,1909f56bfc062723c751e8b465ee728b) (PreviewImporter) -> (Import Result ID: '55b07bff9b5d87e92f2dc68c416467fc') in 0.0433177 seconds [static and dynamic dependencies]. Details - ImportResultOutputID=1f1e9709f882da6af94e1a473bf42ed6 DependenciesID=b01226b4229e2b90d3fa025f40fc1484 StaticDependenciesID=7b0a89b5418195f0e862098d833fb86c 
Number of updated asset objects reloaded before import = 0Number of asset objects unloaded after import = 2

========================================================================
Received Import Request.
  Time since last request: 0.000038 seconds.
  path: Assets/Ball Pack/Models/Eye Ball/Textures/EyeBall Iris Bump.png
  importAddress: Guid(992f72e4b731908428b61d6396e6cae4) Importer(815301076,1909f56bfc062723c751e8b465ee728b)
Start importing Assets/Ball Pack/Models/Eye Ball/Textures/EyeBall Iris Bump.png using Guid(992f72e4b731908428b61d6396e6cae4) Importer(815301076,1909f56bfc062723c751e8b465ee728b) (PreviewImporter) -> (Import Result ID: '40532a3f442daeb68c48632c3cc84118') in 0.0697644 seconds [static and dynamic dependencies]. Details - ImportResultOutputID=2dee7f4c417b4db65216d156b35e5bf3 DependenciesID=76082f31650e22f9d4c3fa69bf726f41 StaticDependenciesID=be83edb61278ff27522720b25b4f8c6f 
Number of updated asset objects reloaded before import = 0Number of asset objects unloaded after import = 2

========================================================================
Received Import Request.
  Time since last request: 6.741497 seconds.
  path: Assets/Ball Pack/Models/Wooden Ball/Textures/WoodenBall - Diffuse.png
  importAddress: Guid(65d18d1cfbd4e424da7b55c4e0b15d5b) Importer(815301076,1909f56bfc062723c751e8b465ee728b)
Start importing Assets/Ball Pack/Models/Wooden Ball/Textures/WoodenBall - Diffuse.png using Guid(65d18d1cfbd4e424da7b55c4e0b15d5b) Importer(815301076,1909f56bfc062723c751e8b465ee728b) (PreviewImporter) -> (Import Result ID: 'd7d7d9a38e3e837e0addbb58ed8b6de5') in 0.0296648 seconds [static and dynamic dependencies]. Details - ImportResultOutputID=f8082d1e25d7df054b202533edb8f7bf DependenciesID=0582fbaa6f346433f93f1cc1a6ec562f StaticDependenciesID=7c6ce1cca6b64c1e61b8f750cda82b2e 
Number of updated asset objects reloaded before import = 0Number of asset objects unloaded after import = 2

========================================================================
Received Import Request.
  Time since last request: 20.791940 seconds.
  path: Assets/Ball Pack/Models/Wooden Ball/Materials/WoodenBall - Diffuse.mat
  importAddress: Guid(3d1a56f61af75364dbd69f61e340c2ff) Importer(815301076,1909f56bfc062723c751e8b465ee728b)
Start importing Assets/Ball Pack/Models/Wooden Ball/Materials/WoodenBall - Diffuse.mat using Guid(3d1a56f61af75364dbd69f61e340c2ff) Importer(815301076,1909f56bfc062723c751e8b465ee728b) (PreviewImporter) -> (Import Result ID: '977ca42778a7da34fef53056e65320fe') in 0.0950668 seconds [static and dynamic dependencies]. Details - ImportResultOutputID=cf257037a86cbdf8130ad296236b104e DependenciesID=d8ebabe6dc0f3389e815f5191e4eb070 StaticDependenciesID=25d280bcedcb6fbe02dfc64261a9cadc 
Number of updated asset objects reloaded before import = 0Number of asset objects unloaded after import = 2

========================================================================
Received Import Request.
  Time since last request: 36.526498 seconds.
  path: Assets/Dreams of the future/25_gems/Sprites/free (2).png
  importAddress: Guid(41dbc7b6465c4794199a2b1403e70fee) Importer(815301076,1909f56bfc062723c751e8b465ee728b)
Start importing Assets/Dreams of the future/25_gems/Sprites/free (2).png using Guid(41dbc7b6465c4794199a2b1403e70fee) Importer(815301076,1909f56bfc062723c751e8b465ee728b) (PreviewImporter) -> (Import Result ID: 'efaf249470b82c3bcf95e78ed8a18f32') in 0.1226461 seconds [static and dynamic dependencies]. Details - ImportResultOutputID=c0704c8bf15f92dfff5f0ab90ce8a411 DependenciesID=bfae4ab5fc9ac39948ee01f50ade055b StaticDependenciesID=e7ad1a5c0397676694f23ccf4fa0e9a6 
Number of updated asset objects reloaded before import = 0Number of asset objects unloaded after import = 3

========================================================================
Received Import Request.
  Time since last request: 0.000062 seconds.
  path: Assets/Dreams of the future/25_gems/Sprites/free (15).png
  importAddress: Guid(7de629bb1b782bc4a841add65fd8ca65) Importer(815301076,1909f56bfc062723c751e8b465ee728b)
Start importing Assets/Dreams of the future/25_gems/Sprites/free (15).png using Guid(7de629bb1b782bc4a841add65fd8ca65) Importer(815301076,1909f56bfc062723c751e8b465ee728b) (PreviewImporter) -> (Import Result ID: '6a993230316f2efb92274bc36e8bfa2b') in 0.0489122 seconds [static and dynamic dependencies]. Details - ImportResultOutputID=8a52a18afba679b2508f2136eddcd265 DependenciesID=7f8ace27d9757a99a37a951b322987e3 StaticDependenciesID=36f75721bc09df2334dde71d32191324 
Number of updated asset objects reloaded before import = 0Number of asset objects unloaded after import = 3

========================================================================
Received Import Request.
  Time since last request: 0.000041 seconds.
  path: Assets/Dreams of the future/25_gems/Sprites/free (9).png
  importAddress: Guid(badfadc35b40b97428e4bf64ba71360b) Importer(815301076,1909f56bfc062723c751e8b465ee728b)
Start importing Assets/Dreams of the future/25_gems/Sprites/free (9).png using Guid(badfadc35b40b97428e4bf64ba71360b) Importer(815301076,1909f56bfc062723c751e8b465ee728b) (PreviewImporter) -> (Import Result ID: 'd97a0eb516ec34bb34f01ee4f26b6f54') in 0.0461565 seconds [static and dynamic dependencies]. Details - ImportResultOutputID=be31f3dff74289b6ee32391a1d4a47e2 DependenciesID=4edba7b2576461319d5483e93921da76 StaticDependenciesID=ff9a8a2907e9af6c574735c0ac804e05 
Number of updated asset objects reloaded before import = 0Number of asset objects unloaded after import = 3

========================================================================
Received Import Request.
  Time since last request: 0.000032 seconds.
  path: Assets/Dreams of the future/25_gems/Sprites/free (16).png
  importAddress: Guid(7cdf458ed74c54b4a9529131cdab9d8b) Importer(815301076,1909f56bfc062723c751e8b465ee728b)
Start importing Assets/Dreams of the future/25_gems/Sprites/free (16).png using Guid(7cdf458ed74c54b4a9529131cdab9d8b) Importer(815301076,1909f56bfc062723c751e8b465ee728b) (PreviewImporter) -> (Import Result ID: 'e2fdea6450541e71e5c7d499a2600a3a') in 0.0405928 seconds [static and dynamic dependencies]. Details - ImportResultOutputID=054dda00fdc797b0efdf94411d6084b6 DependenciesID=a3e35d9f5aa84464e563cb73ab3f798c StaticDependenciesID=8c54b4d1e98383f4b120d6a1b34396bc 
Number of updated asset objects reloaded before import = 0Number of asset objects unloaded after import = 3

========================================================================
Received Import Request.
  Time since last request: 0.000067 seconds.
  path: Assets/Dreams of the future/25_gems/Sprites/free (23).png
  importAddress: Guid(daee0914001f64c41b429c8c270f3da2) Importer(815301076,1909f56bfc062723c751e8b465ee728b)
Start importing Assets/Dreams of the future/25_gems/Sprites/free (23).png using Guid(daee0914001f64c41b429c8c270f3da2) Importer(815301076,1909f56bfc062723c751e8b465ee728b) (PreviewImporter) -> (Import Result ID: '7211771815b6473f1c468979b16aeb5a') in 0.0379781 seconds [static and dynamic dependencies]. Details - ImportResultOutputID=3b4b5f300b7a5f9afeeb8e13b586afbd DependenciesID=c877556f55ddfb112b8301ef8bce0b69 StaticDependenciesID=fcac0b941b231250baa920a71b0274a6 
Number of updated asset objects reloaded before import = 0Number of asset objects unloaded after import = 3

========================================================================
Received Import Request.
  Time since last request: 0.000083 seconds.
  path: Assets/Dreams of the future/25_gems/Sprites/free (4).png
  importAddress: Guid(703eed248f190f845886aa59b2c1a85b) Importer(815301076,1909f56bfc062723c751e8b465ee728b)
Start importing Assets/Dreams of the future/25_gems/Sprites/free (4).png using Guid(703eed248f190f845886aa59b2c1a85b) Importer(815301076,1909f56bfc062723c751e8b465ee728b) (PreviewImporter) -> (Import Result ID: 'a842b01de8d1e368155d5a01a4c82c28') in 0.0406617 seconds [static and dynamic dependencies]. Details - ImportResultOutputID=4bfb66f224fee15c0fc7de85dbf810c2 DependenciesID=c516f46eac52dec00a77f8962cecb065 StaticDependenciesID=0863ae1fe0bb37cd7c4106cb283de645 
Number of updated asset objects reloaded before import = 0Number of asset objects unloaded after import = 3

========================================================================
Received Import Request.
  Time since last request: 0.000030 seconds.
  path: Assets/Dreams of the future/25_gems/Sprites/free (8).png
  importAddress: Guid(bca756bfdd6be5341aa9aac5e64f4294) Importer(815301076,1909f56bfc062723c751e8b465ee728b)
Start importing Assets/Dreams of the future/25_gems/Sprites/free (8).png using Guid(bca756bfdd6be5341aa9aac5e64f4294) Importer(815301076,1909f56bfc062723c751e8b465ee728b) (PreviewImporter) -> (Import Result ID: 'ab4ef1f441dc796cd242423019dae888') in 0.0429584 seconds [static and dynamic dependencies]. Details - ImportResultOutputID=fa1883006e20e77f60a6857ddb46cca2 DependenciesID=8f140a257bdfed83afbe66868a807acd StaticDependenciesID=01ff057d621a760c26b0065d98f5c18e 
Number of updated asset objects reloaded before import = 0Number of asset objects unloaded after import = 3

Editor requested this worker to shutdown with reason: Scaling down because of idle timeout
AssetImportWorker is now disconnected from the server
Process exiting
Exiting without the bug reporter. Application will terminate with return code 0