[Licensing::Module] Trying to connect to existing licensing client channel...
Built from '6000.4/staging' branch; Version is '6000.4.1f1 (8535861f39e1) revision 8729990'; Using compiler version '194234433'; Build Type 'Release'
[Licensing::IpcConnector] Successfully connected to: "LicenseClient-hilom" at "2026-04-06T20:41:37.8688383Z"
OS: 'Windows 11  (10.0.26200) CoreSingleLanguage' Language: 'tr' Physical Memory: 7971 MB
BatchMode: 1, IsHumanControllingUs: 0, StartBugReporterOnCrash: 0, Is64bit: 1
System  architecture: x64
Process architecture: x64
Date: 2026-04-06T20:41:37Z

COMMAND LINE ARGUMENTS:
C:\Program Files\Unity\Hub\Editor\6000.4.1f1\Editor\Unity.exe
-adb2
-batchMode
-noUpm
-name
AssetImportWorker0
-projectPath
C:/Users/hilom/My project (1)
-logFile
Logs/AssetImportWorker0.log
-srvPort
64981
-licensingIpc
LicenseClient-hilom
-force-d3d12
-job-worker-count
5
-background-job-worker-count
8
-gc-helper-count
1
-name
AssetImport
Successfully changed project path to: C:/Users/hilom/My project (1)
C:/Users/hilom/My project (1)
[UnityMemory] Configuration Parameters - Can be set up in boot.config
    "memorysetup-temp-allocator-size-gi-baking-worker=262144"
    "memorysetup-temp-allocator-size-gi-baking-worker=262144"
    "memorysetup-temp-allocator-size-gi-baking-worker=262144"
    "memorysetup-temp-allocator-size-gi-baking-worker=262144"
    "memorysetup-temp-allocator-size-gi-baking-worker=262144"
    "memorysetup-temp-allocator-size-nav-mesh-worker=65536"
    "memorysetup-temp-allocator-size-audio-worker=65536"
    "memorysetup-temp-allocator-size-cloud-worker=32768"
    "memorysetup-temp-allocator-size-gfx=262144"
    "memorysetup-temp-allocator-size-preload-manager=33554432"
    "memorysetup-temp-allocator-size-job-worker=262144"
    "memorysetup-temp-allocator-size-background-worker=32768"
    "memorysetup-allocator-temp-initial-block-size-main=262144"
    "memorysetup-allocator-temp-initial-block-size-worker=262144"
    "memorysetup-bucket-allocator-granularity=16"
    "memorysetup-bucket-allocator-bucket-count=8"
    "memorysetup-bucket-allocator-block-size=33554432"
    "memorysetup-bucket-allocator-block-count=8"
    "memorysetup-main-allocator-block-size=16777216"
    "memorysetup-thread-allocator-block-size=16777216"
    "memorysetup-gfx-main-allocator-block-size=16777216"
    "memorysetup-gfx-thread-allocator-block-size=16777216"
    "memorysetup-cache-allocator-block-size=4194304"
    "memorysetup-typetree-allocator-block-size=2097152"
    "memorysetup-profiler-bucket-allocator-granularity=16"
    "memorysetup-profiler-bucket-allocator-bucket-count=8"
    "memorysetup-profiler-bucket-allocator-block-size=33554432"
    "memorysetup-profiler-bucket-allocator-block-count=8"
    "memorysetup-profiler-allocator-block-size=16777216"
    "memorysetup-profiler-editor-allocator-block-size=1048576"
    "memorysetup-temp-allocator-size-main=16777216"
    "memorysetup-job-temp-allocator-block-size=2097152"
    "memorysetup-job-temp-allocator-block-size-background=1048576"
    "memorysetup-job-temp-allocator-reduction-small-platforms=262144"
Player connection [15332]  Target information:

Player connection [15332]  * "[IP] 192.168.1.44 [Port] 0 [Flags] 2 [Guid] 4058505185 [EditorId] 4058505185 [Version] 1048832 [Id] WindowsEditor(7,selene) [Debug] 1 [PackageName] WindowsEditor [ProjectName] Editor" 

Player connection [15332] Host joined multi-casting on [225.0.0.222:54997]...
Player connection [15332] Host joined alternative multi-casting on [225.0.0.222:34997]...
JobSystem: Creating JobQueue using job-worker-count value 5
Input System module state changed to: Initialized.
[Physics::Module] Initialized fallback backend.
[Physics::Module] Id: 0xdecafbad
Library Redirect Path: Library/
[Physics::Module] Selected backend.
[Physics::Module] Name: PhysX
[Physics::Module] Id: 0xf2b8ea05
[Physics::Module] SDK Version: 4.1.2
[Physics::Module] Integration Version: 1.0.0
[Physics::Module] Threading Mode: Multi-Threaded
Refreshing native plugins compatible for Editor in 62.63 ms, found 3 plugins.
Initialize engine version: 6000.4.1f1 (8535861f39e1)
[Subsystems] Discovering subsystems at path C:/Program Files/Unity/Hub/Editor/6000.4.1f1/Editor/Data/Resources/UnitySubsystems
[Subsystems] Discovering subsystems at path C:/Users/hilom/My project (1)/Assets
Forcing GfxDevice: Direct3D 12
GfxDevice: creating device client; kGfxThreadingModeNonThreaded
d3d12: failed to query info queue interface (0x80004002).
Direct3D:
    Version:         Direct3D 12 [level 12.1]
    Renderer:        NVIDIA GeForce GTX 1650 (ID=0x1f9d)
    Vendor:          NVIDIA
    VRAM:            3935 MB
    App VRAM Budget: 3344 MB
    Driver:          32.0.15.9597
[Licensing::Client] Error: HandshakeResponse reported an error:
	ResponseCode: 505
	ResponseStatus: Unsupported protocol version '1.18.1'.
[Licensing::Module] Error: Failed to handshake to channel: "LicenseClient-hilom"
[Licensing::IpcConnector] LicenseClient-hilom channel disconnected successfully.
[Licensing::IpcConnector] Successfully connected to: "LicenseClient-hilom-6000.4.1" at "2026-04-06T20:41:40.5102217Z"
Initialize mono
Mono path[0] = 'C:/Program Files/Unity/Hub/Editor/6000.4.1f1/Editor/Data/Managed'
Mono path[1] = 'C:/Program Files/Unity/Hub/Editor/6000.4.1f1/Editor/Data/MonoBleedingEdge/lib/mono/unityjit-win32'
Mono config path = 'C:/Program Files/Unity/Hub/Editor/6000.4.1f1/Editor/Data/MonoBleedingEdge/etc'
Using monoOptions --debugger-agent=transport=dt_socket,embedding=1,server=y,suspend=n,address=127.0.0.1:56548
CodeReloadManager initialized
Begin MonoManager ReloadAssembly
Registering precompiled unity dll's ...
Register platform support module: C:/Program Files/Unity/Hub/Editor/6000.4.1f1/Editor/Data/PlaybackEngines/WindowsStandaloneSupport/UnityEditor.WindowsStandalone.Extensions.dll
Registered in 0.132564 seconds.
[Licensing::Client] Handshaking with LicensingClient:
  Version:                 1.18.1+9fbee8e
  Session Id:              f0fd3cd2ba1b4924b3cdbd1002d2cfa0
  Correlation Id:          d40b30d8ce30f99ceb33ae49c23a836c
  External correlation Id: 160879150804167808
  Machine Id:              XKxCPiat0Kuau2Vir2mc3JKSD2A=
[Licensing::Module] Successfully connected to LicensingClient on channel: "LicenseClient-hilom-6000.4.1" (connect: 0.02s, validation: 0.01s, handshake: 6.64s)
[Licensing::IpcConnector] Successfully connected to: "LicenseClient-hilom-6000.4.1-notifications" at "2026-04-06T20:41:47.161285Z"
[Licensing::Module] Licensing Background thread has ended after 9.29s
Native extension for WindowsStandalone target not found
Package Manager log level set to [2]
[Package Manager] Failed to launch server process. Reason: Unity was launched with the -noUpm command-line argument
[Package Manager] Unable to send message (not connected to server process).
[Package Manager] Cannot connect to Unity Package Manager local server
ScheduleIndexationOnStartup MainProcess:False IndexOnStartup:True
Mono: successfully reloaded assembly
- Finished resetting the current domain, in  0.766 seconds
Domain Reload Profiling: 5807ms
	BeginReloadAssembly (493ms)
		CreateAndSetChildDomain (9ms)
	RebuildCommonClasses (164ms)
	RebuildNativeTypeToScriptingClass (65ms)
	initialDomainReloadingComplete (2678ms)
	LoadAllAssembliesAndSetupDomain (1639ms)
		LoadAssemblies (542ms)
		AnalyzeDomain (1320ms)
			TypeCache.Refresh (1314ms)
				TypeCache.ScanAssembly (1135ms)
	FinalizeReload (769ms)
		SetupLoadedEditorAssemblies (0ms)
			InitializePlatformSupportModulesInManaged (88ms)
			BeforeProcessingInitializeOnLoad (150ms)
			ProcessInitializeOnLoadAttributes (210ms)
			ProcessInitializeOnLoadMethodAttributes (164ms)
========================================================================
Worker process is ready to serve import requests
Import Worker Mode flag is 0x00
Begin MonoManager ReloadAssembly
[Licensing::Client] Successfully resolved entitlement details
[Licensing::Module] License group:
  Id: 18968386807692-UnityPersXXXX
  Product: Unity Personal
  Type: Assigned
  Expiration: Unlimited
Assembly Assembly-CSharp-Editor-firstpass.dll at Library/ScriptAssemblies/Assembly-CSharp-Editor-firstpass.dll not valid. Loading of assembly skipped.
Assembly Assembly-CSharp-firstpass.dll at Library/ScriptAssemblies/Assembly-CSharp-firstpass.dll not valid. Loading of assembly skipped.
Assembly DocCodeExamples.dll at Library/ScriptAssemblies/DocCodeExamples.dll not valid. Loading of assembly skipped.
Assembly TestNewCustomAssembly.dll at Library/ScriptAssemblies/TestNewCustomAssembly.dll not valid. Loading of assembly skipped.
Assembly Unity.Collections.BurstCompatibilityGen.dll at Library/ScriptAssemblies/Unity.Collections.BurstCompatibilityGen.dll not valid. Loading of assembly skipped.
Assembly Unity.Collections.DocCodeSamples.dll at Library/ScriptAssemblies/Unity.Collections.DocCodeSamples.dll not valid. Loading of assembly skipped.
Assembly Unity.Collections.PerformanceTests.dll at Library/ScriptAssemblies/Unity.Collections.PerformanceTests.dll not valid. Loading of assembly skipped.
Assembly Unity.Collections.Tests.dll at Library/ScriptAssemblies/Unity.Collections.Tests.dll not valid. Loading of assembly skipped.
Assembly Unity.Collections.Tests.Playmode.dll at Library/ScriptAssemblies/Unity.Collections.Tests.Playmode.dll not valid. Loading of assembly skipped.
Assembly Unity.InputSystem.IntegrationTests.dll at Library/ScriptAssemblies/Unity.InputSystem.IntegrationTests.dll not valid. Loading of assembly skipped.
Assembly Unity.Mathematics.Tests.dll at Library/ScriptAssemblies/Unity.Mathematics.Tests.dll not valid. Loading of assembly skipped.
Assembly Unity.Multiplayer.Center.Editor.Tests.dll at Library/ScriptAssemblies/Unity.Multiplayer.Center.Editor.Tests.dll not valid. Loading of assembly skipped.
Assembly Unity.Multiplayer.Center.Tests.dll at Library/ScriptAssemblies/Unity.Multiplayer.Center.Tests.dll not valid. Loading of assembly skipped.
Assembly Unity.Nuget.Mono-Cecil.dll at Library/ScriptAssemblies/Unity.Nuget.Mono-Cecil.dll not valid. Loading of assembly skipped.
Assembly Unity.PathTracing.Editor.Tests.dll at Library/ScriptAssemblies/Unity.PathTracing.Editor.Tests.dll not valid. Loading of assembly skipped.
Assembly Unity.PathTracing.Runtime.Tests.dll at Library/ScriptAssemblies/Unity.PathTracing.Runtime.Tests.dll not valid. Loading of assembly skipped.
Assembly Unity.RenderPipelines.Core.Editor.Tests.dll at Library/ScriptAssemblies/Unity.RenderPipelines.Core.Editor.Tests.dll not valid. Loading of assembly skipped.
Assembly Unity.RenderPipelines.Core.Runtime.Tests.dll at Library/ScriptAssemblies/Unity.RenderPipelines.Core.Runtime.Tests.dll not valid. Loading of assembly skipped.
Assembly Unity.RenderPipelines.Universal.Config.Editor.Tests.dll at Library/ScriptAssemblies/Unity.RenderPipelines.Universal.Config.Editor.Tests.dll not valid. Loading of assembly skipped.
Assembly Unity.RenderPipelines.Universal.Editor.Tests.dll at Library/ScriptAssemblies/Unity.RenderPipelines.Universal.Editor.Tests.dll not valid. Loading of assembly skipped.
Assembly Unity.RenderPipelines.Universal.Runtime.Tests.dll at Library/ScriptAssemblies/Unity.RenderPipelines.Universal.Runtime.Tests.dll not valid. Loading of assembly skipped.
Assembly Unity.Searcher.EditorTests.dll at Library/ScriptAssemblies/Unity.Searcher.EditorTests.dll not valid. Loading of assembly skipped.
Assembly Unity.ShaderGraph.Editor.Tests.dll at Library/ScriptAssemblies/Unity.ShaderGraph.Editor.Tests.dll not valid. Loading of assembly skipped.
Assembly Unity.TextMeshPro.Editor.Tests.dll at Library/ScriptAssemblies/Unity.TextMeshPro.Editor.Tests.dll not valid. Loading of assembly skipped.
Assembly Unity.TextMeshPro.Tests.dll at Library/ScriptAssemblies/Unity.TextMeshPro.Tests.dll not valid. Loading of assembly skipped.
Assembly Unity.UnifiedRayTracing.Editor.Tests.dll at Library/ScriptAssemblies/Unity.UnifiedRayTracing.Editor.Tests.dll not valid. Loading of assembly skipped.
Assembly UnityEditor.UI.Common.Tests.dll at Library/ScriptAssemblies/UnityEditor.UI.Common.Tests.dll not valid. Loading of assembly skipped.
Assembly UnityEditor.UI.EditorTests.dll at Library/ScriptAssemblies/UnityEditor.UI.EditorTests.dll not valid. Loading of assembly skipped.
Assembly UnityEngine.UI.Tests.dll at Library/ScriptAssemblies/UnityEngine.UI.Tests.dll not valid. Loading of assembly skipped.
Refreshing native plugins compatible for Editor in 6.28 ms, found 3 plugins.
Native extension for WindowsStandalone target not found
[Package Manager] Failed to launch server process. Reason: Unity was launched with the -noUpm command-line argument
[Package Manager] Unable to send message (not connected to server process).
[Package Manager] Cannot connect to Unity Package Manager local server
[Package Manager] Failed to launch server process. Reason: Unity was launched with the -noUpm command-line argument
[Package Manager] Unable to send message (not connected to server process).
[Package Manager] Cannot connect to Unity Package Manager local server
ScheduleIndexationOnStartup MainProcess:False IndexOnStartup:True
Mono: successfully reloaded assembly
- Finished resetting the current domain, in  1.327 seconds
Domain Reload Profiling: 5462ms
	BeginReloadAssembly (851ms)
		DisableScriptedObjects (53ms)
		CreateAndSetChildDomain (88ms)
	RebuildCommonClasses (71ms)
	RebuildNativeTypeToScriptingClass (27ms)
	initialDomainReloadingComplete (908ms)
	LoadAllAssembliesAndSetupDomain (2278ms)
		LoadAssemblies (1665ms)
		AnalyzeDomain (1130ms)
			TypeCache.Refresh (956ms)
				TypeCache.ScanAssembly (917ms)
			BuildScriptInfoCaches (144ms)
			ResolveRequiredComponents (24ms)
	FinalizeReload (1328ms)
		SetupLoadedEditorAssemblies (0ms)
			BeforeProcessingInitializeOnLoad (204ms)
			ProcessInitializeOnLoadAttributes (428ms)
			ProcessInitializeOnLoadMethodAttributes (119ms)
			AfterProcessingInitializeOnLoad (8ms)
		AwakeInstancesAfterBackupRestoration (9ms)
Launched and connected shader compiler UnityShaderCompiler.exe after 0.04 seconds
Refreshing native plugins compatible for Editor in 2.17 ms, found 3 plugins.
Unloading 24 Unused Serialized files (Serialized files now loaded: 0)
Unloading 6287 unused Assets / (5.9 MB). Loaded Objects now: 7118.
Memory consumption went from 166.4 MB to 160.5 MB.
Total: 18.666700 ms (FindLiveObjects: 2.448300 ms CreateObjectMapping: 1.162400 ms MarkObjects: 9.210500 ms  DeleteObjects: 5.634200 ms)

========================================================================
Received Import Request.
  Time since last request: 2249146.151668 seconds.
  path: Assets/Dreams of the future/25_gems/Sprites/free (22).png
  importAddress: Guid(efefba7afcc1206429800318a862ae25) Importer(2089858483,b0f066a214c2f5e87bad3c948f4d605d)
Start importing Assets/Dreams of the future/25_gems/Sprites/free (22).png using Guid(efefba7afcc1206429800318a862ae25) Importer(2089858483,b0f066a214c2f5e87bad3c948f4d605d) (ScriptedImporter) -> (Import Result ID: 'f9b22329431f8be125ac58d8482b41aa') in 0.24514 seconds [static and dynamic dependencies]. Details - ImportResultOutputID=19130e72e8af82cca8f3d8e1c1c0bb9a DependenciesID=51d84624dc59ee062d6b3f970a008860 StaticDependenciesID=c6ebdf42c4adab687b7c63b53bb5ae84 
Number of updated asset objects reloaded before import = 0Number of asset objects unloaded after import = 3

========================================================================
Received Import Request.
  Time since last request: 0.000025 seconds.
  path: Assets/Dreams of the future/25_gems/demo.unity
  importAddress: Guid(d314673b1e1563541a2a2f52c47bcab2) Importer(2089858483,b0f066a214c2f5e87bad3c948f4d605d)
Start importing Assets/Dreams of the future/25_gems/demo.unity using Guid(d314673b1e1563541a2a2f52c47bcab2) Importer(2089858483,b0f066a214c2f5e87bad3c948f4d605d) (ScriptedImporter) -> (Import Result ID: '1811de543abb94d54807c0e199533940') in 0.0279309 seconds [static and dynamic dependencies]. Details - ImportResultOutputID=1e13816e1137f5477b8bf88717508def DependenciesID=a519f46ae38df3be60f848c6d3bbf775 StaticDependenciesID=1b770cfb002eb8736e5684c8070c43f1 
Number of updated asset objects reloaded before import = 0Number of asset objects unloaded after import = 1

========================================================================
Received Import Request.
  Time since last request: 0.000041 seconds.
  path: Assets/Dreams of the future/25_gems/Sprites/free (20).png
  importAddress: Guid(b72b508823acfee49bdbe2b1e6c86d85) Importer(2089858483,b0f066a214c2f5e87bad3c948f4d605d)
Start importing Assets/Dreams of the future/25_gems/Sprites/free (20).png using Guid(b72b508823acfee49bdbe2b1e6c86d85) Importer(2089858483,b0f066a214c2f5e87bad3c948f4d605d) (ScriptedImporter) -> (Import Result ID: '0f9193e1bf9d1c8ffa1e70582b322632') in 0.0287783 seconds [static and dynamic dependencies]. Details - ImportResultOutputID=fa978433a53449060e461570b30d70fb DependenciesID=63331fcef67a1338e469caeb5805f8b6 StaticDependenciesID=f2be4f0ed84ce6a4c13db445e281b91c 
Number of updated asset objects reloaded before import = 0Number of asset objects unloaded after import = 3

========================================================================
Received Import Request.
  Time since last request: 0.000102 seconds.
  path: Assets/Dreams of the future/25_gems/Sprites/free (15).png
  importAddress: Guid(7de629bb1b782bc4a841add65fd8ca65) Importer(2089858483,b0f066a214c2f5e87bad3c948f4d605d)
Start importing Assets/Dreams of the future/25_gems/Sprites/free (15).png using Guid(7de629bb1b782bc4a841add65fd8ca65) Importer(2089858483,b0f066a214c2f5e87bad3c948f4d605d) (ScriptedImporter) -> (Import Result ID: '82945830437b2f9662b355968ed37464') in 0.0523295 seconds [static and dynamic dependencies]. Details - ImportResultOutputID=580946dfb2b121cb7a295afbdf92be46 DependenciesID=f2322d93465f0d11b38e69857e18d48c StaticDependenciesID=eeb8007224b28ca284432b898aa2311f 
Number of updated asset objects reloaded before import = 0Number of asset objects unloaded after import = 3

========================================================================
Received Import Request.
  Time since last request: 0.000046 seconds.
  path: Assets/Dreams of the future/25_gems/Sprites/free (19).png
  importAddress: Guid(670fe8f343199fa4fbc242aec9dfe73d) Importer(2089858483,b0f066a214c2f5e87bad3c948f4d605d)
Start importing Assets/Dreams of the future/25_gems/Sprites/free (19).png using Guid(670fe8f343199fa4fbc242aec9dfe73d) Importer(2089858483,b0f066a214c2f5e87bad3c948f4d605d) (ScriptedImporter) -> (Import Result ID: 'c27f4fd1cb615ffcce712d4e2a496a25') in 0.0491088 seconds [static and dynamic dependencies]. Details - ImportResultOutputID=29a6f71c0f24542612cbb55376c36888 DependenciesID=52c601c226b44548e2f5228498e0baef StaticDependenciesID=b46458b5cecfa6a6af249be196a29f9f 
Number of updated asset objects reloaded before import = 0Number of asset objects unloaded after import = 3

========================================================================
Received Import Request.
  Time since last request: 0.000116 seconds.
  path: Assets/Dreams of the future/25_gems/Sprites/free (1).png
  importAddress: Guid(6da729b68853d7543877bbed6cf9d555) Importer(2089858483,b0f066a214c2f5e87bad3c948f4d605d)
Start importing Assets/Dreams of the future/25_gems/Sprites/free (1).png using Guid(6da729b68853d7543877bbed6cf9d555) Importer(2089858483,b0f066a214c2f5e87bad3c948f4d605d) (ScriptedImporter) -> (Import Result ID: '451257df731e1a05b07e45cb6ea0d5bd') in 0.0418938 seconds [static and dynamic dependencies]. Details - ImportResultOutputID=e00278c6d28c14ce1953f33bce0452ae DependenciesID=27456acc87484245d8c0a2f72231579d StaticDependenciesID=6f2a507880d97f0220f1768c46c025ca 
Number of updated asset objects reloaded before import = 0Number of asset objects unloaded after import = 3

========================================================================
Received Import Request.
  Time since last request: 0.000025 seconds.
  path: Assets/Dreams of the future/25_gems/Sprites/free (14).png
  importAddress: Guid(54647a546f2cc924c95d432af54ed8fc) Importer(2089858483,b0f066a214c2f5e87bad3c948f4d605d)
Start importing Assets/Dreams of the future/25_gems/Sprites/free (14).png using Guid(54647a546f2cc924c95d432af54ed8fc) Importer(2089858483,b0f066a214c2f5e87bad3c948f4d605d) (ScriptedImporter) -> (Import Result ID: '9e6873e164ce9fd5b1bef34adbb4443c') in 0.0443083 seconds [static and dynamic dependencies]. Details - ImportResultOutputID=15c54834ad35655cee6ae5245c055b6f DependenciesID=3bcab719f478d55c36bd45b21c1be9be StaticDependenciesID=609921884b7e0c2373ccd2a31d9abcee 
Number of updated asset objects reloaded before import = 0Number of asset objects unloaded after import = 3

========================================================================
Received Import Request.
  Time since last request: 0.000059 seconds.
  path: Assets/Dreams of the future/25_gems/Sprites/free (6).png
  importAddress: Guid(c770f728a4fafd24da72b2935f03b2b9) Importer(2089858483,b0f066a214c2f5e87bad3c948f4d605d)
Start importing Assets/Dreams of the future/25_gems/Sprites/free (6).png using Guid(c770f728a4fafd24da72b2935f03b2b9) Importer(2089858483,b0f066a214c2f5e87bad3c948f4d605d) (ScriptedImporter) -> (Import Result ID: 'c3169ac786da39bcbe93a36640ed84a5') in 0.0322148 seconds [static and dynamic dependencies]. Details - ImportResultOutputID=850dcb1996b3219be581656aa248b3ae DependenciesID=06cc9011dcba29e3d3e0efd53cf550b6 StaticDependenciesID=85f9757e1fc762775a94bd3d7b7c32b7 
Number of updated asset objects reloaded before import = 0Number of asset objects unloaded after import = 3

========================================================================
Received Import Request.
  Time since last request: 0.000051 seconds.
  path: Assets/Dreams of the future/25_gems/Sprites/free (10).png
  importAddress: Guid(119a9e7d9b7b2d642b4cf4287f788ffa) Importer(2089858483,b0f066a214c2f5e87bad3c948f4d605d)
Start importing Assets/Dreams of the future/25_gems/Sprites/free (10).png using Guid(119a9e7d9b7b2d642b4cf4287f788ffa) Importer(2089858483,b0f066a214c2f5e87bad3c948f4d605d) (ScriptedImporter) -> (Import Result ID: '0d050a5f406300c2ef628c37007e1e38') in 0.028977 seconds [static and dynamic dependencies]. Details - ImportResultOutputID=c772bfac4941f5b631b7e77e4ccf27f5 DependenciesID=9fa699ee84d6b710e481400dbcc3aea8 StaticDependenciesID=dd4d0f34832e56300221fadfd99c2b62 
Number of updated asset objects reloaded before import = 0Number of asset objects unloaded after import = 3

========================================================================
Received Import Request.
  Time since last request: 0.000044 seconds.
  path: Assets/Dreams of the future/25_gems/Sprites/free (17).png
  importAddress: Guid(528157947f1ac174583ec830b38f72ae) Importer(2089858483,b0f066a214c2f5e87bad3c948f4d605d)
Start importing Assets/Dreams of the future/25_gems/Sprites/free (17).png using Guid(528157947f1ac174583ec830b38f72ae) Importer(2089858483,b0f066a214c2f5e87bad3c948f4d605d) (ScriptedImporter) -> (Import Result ID: '17dc63180a3b3072a98ae0801f51d6c3') in 0.5347186 seconds [static and dynamic dependencies]. Details - ImportResultOutputID=1359cf9c8a7f75a14cb926818198eac4 DependenciesID=70e81327f94f5fcd1a9e5c646d3037b3 StaticDependenciesID=0e5bc7ca1e1b4ab41d5dbcf39065d372 
Number of updated asset objects reloaded before import = 0Number of asset objects unloaded after import = 3

Editor requested this worker to shutdown with reason: Scaling down because of idle timeout
AssetImportWorker is now disconnected from the server
Process exiting
Exiting without the bug reporter. Application will terminate with return code 0