[Licensing::Module] Trying to connect to existing licensing client channel...
Built from '6000.4/staging' branch; Version is '6000.4.1f1 (8535861f39e1) revision 8729990'; Using compiler version '194234433'; Build Type 'Release'
[Licensing::IpcConnector] Successfully connected to: "LicenseClient-hilom" at "2026-04-06T20:49:27.3591823Z"
OS: 'Windows 11  (10.0.26200) CoreSingleLanguage' Language: 'tr' Physical Memory: 7971 MB
BatchMode: 1, IsHumanControllingUs: 0, StartBugReporterOnCrash: 0, Is64bit: 1
System  architecture: x64
Process architecture: x64
Date: 2026-04-06T20:49:27Z

COMMAND LINE ARGUMENTS:
C:\Program Files\Unity\Hub\Editor\6000.4.1f1\Editor\Unity.exe
-adb2
-batchMode
-noUpm
-name
AssetImportWorker3
-projectPath
C:/Users/hilom/My project (1)
-logFile
Logs/AssetImportWorker3.log
-srvPort
64981
-licensingIpc
LicenseClient-hilom
-force-d3d12
-job-worker-count
5
-background-job-worker-count
8
-gc-helper-count
1
-name
AssetImport
Successfully changed project path to: C:/Users/hilom/My project (1)
C:/Users/hilom/My project (1)
[UnityMemory] Configuration Parameters - Can be set up in boot.config
    "memorysetup-temp-allocator-size-gi-baking-worker=262144"
    "memorysetup-temp-allocator-size-gi-baking-worker=262144"
    "memorysetup-temp-allocator-size-gi-baking-worker=262144"
    "memorysetup-temp-allocator-size-gi-baking-worker=262144"
    "memorysetup-temp-allocator-size-gi-baking-worker=262144"
    "memorysetup-temp-allocator-size-nav-mesh-worker=65536"
    "memorysetup-temp-allocator-size-audio-worker=65536"
    "memorysetup-temp-allocator-size-cloud-worker=32768"
    "memorysetup-temp-allocator-size-gfx=262144"
    "memorysetup-temp-allocator-size-preload-manager=33554432"
    "memorysetup-temp-allocator-size-job-worker=262144"
    "memorysetup-temp-allocator-size-background-worker=32768"
    "memorysetup-allocator-temp-initial-block-size-main=262144"
    "memorysetup-allocator-temp-initial-block-size-worker=262144"
    "memorysetup-bucket-allocator-granularity=16"
    "memorysetup-bucket-allocator-bucket-count=8"
    "memorysetup-bucket-allocator-block-size=33554432"
    "memorysetup-bucket-allocator-block-count=8"
    "memorysetup-main-allocator-block-size=16777216"
    "memorysetup-thread-allocator-block-size=16777216"
    "memorysetup-gfx-main-allocator-block-size=16777216"
    "memorysetup-gfx-thread-allocator-block-size=16777216"
    "memorysetup-cache-allocator-block-size=4194304"
    "memorysetup-typetree-allocator-block-size=2097152"
    "memorysetup-profiler-bucket-allocator-granularity=16"
    "memorysetup-profiler-bucket-allocator-bucket-count=8"
    "memorysetup-profiler-bucket-allocator-block-size=33554432"
    "memorysetup-profiler-bucket-allocator-block-count=8"
    "memorysetup-profiler-allocator-block-size=16777216"
    "memorysetup-profiler-editor-allocator-block-size=1048576"
    "memorysetup-temp-allocator-size-main=16777216"
    "memorysetup-job-temp-allocator-block-size=2097152"
    "memorysetup-job-temp-allocator-block-size-background=1048576"
    "memorysetup-job-temp-allocator-reduction-small-platforms=262144"
Player connection [3100]  Target information:

Player connection [3100]  * "[IP] 192.168.1.44 [Port] 0 [Flags] 2 [Guid] 1055961668 [EditorId] 1055961668 [Version] 1048832 [Id] WindowsEditor(7,selene) [Debug] 1 [PackageName] WindowsEditor [ProjectName] Editor" 

Player connection [3100] Host joined multi-casting on [225.0.0.222:54997]...
Player connection [3100] Host joined alternative multi-casting on [225.0.0.222:34997]...
JobSystem: Creating JobQueue using job-worker-count value 5
Input System module state changed to: Initialized.
[Physics::Module] Initialized fallback backend.
[Physics::Module] Id: 0xdecafbad
Library Redirect Path: Library/
[Physics::Module] Selected backend.
[Physics::Module] Name: PhysX
[Physics::Module] Id: 0xf2b8ea05
[Physics::Module] SDK Version: 4.1.2
[Physics::Module] Integration Version: 1.0.0
[Physics::Module] Threading Mode: Multi-Threaded
Refreshing native plugins compatible for Editor in 10.17 ms, found 3 plugins.
Initialize engine version: 6000.4.1f1 (8535861f39e1)
[Subsystems] Discovering subsystems at path C:/Program Files/Unity/Hub/Editor/6000.4.1f1/Editor/Data/Resources/UnitySubsystems
[Subsystems] Discovering subsystems at path C:/Users/hilom/My project (1)/Assets
Forcing GfxDevice: Direct3D 12
GfxDevice: creating device client; kGfxThreadingModeNonThreaded
d3d12: failed to query info queue interface (0x80004002).
Direct3D:
    Version:         Direct3D 12 [level 12.1]
    Renderer:        NVIDIA GeForce GTX 1650 (ID=0x1f9d)
    Vendor:          NVIDIA
    VRAM:            3935 MB
    App VRAM Budget: 3344 MB
    Driver:          32.0.15.9597
Initialize mono
Mono path[0] = 'C:/Program Files/Unity/Hub/Editor/6000.4.1f1/Editor/Data/Managed'
Mono path[1] = 'C:/Program Files/Unity/Hub/Editor/6000.4.1f1/Editor/Data/MonoBleedingEdge/lib/mono/unityjit-win32'
Mono config path = 'C:/Program Files/Unity/Hub/Editor/6000.4.1f1/Editor/Data/MonoBleedingEdge/etc'
Using monoOptions --debugger-agent=transport=dt_socket,embedding=1,server=y,suspend=n,address=127.0.0.1:56600
[Licensing::Client] Error: HandshakeResponse reported an error:
	ResponseCode: 505
	ResponseStatus: Unsupported protocol version '1.18.1'.
[Licensing::Module] Error: Failed to handshake to channel: "LicenseClient-hilom"
[Licensing::IpcConnector] LicenseClient-hilom channel disconnected successfully.
[Licensing::IpcConnector] Successfully connected to: "LicenseClient-hilom-6000.4.1" at "2026-04-06T20:49:29.2609191Z"
CodeReloadManager initialized
Begin MonoManager ReloadAssembly
Registering precompiled unity dll's ...
Register platform support module: C:/Program Files/Unity/Hub/Editor/6000.4.1f1/Editor/Data/PlaybackEngines/WindowsStandaloneSupport/UnityEditor.WindowsStandalone.Extensions.dll
Registered in 0.005354 seconds.
Native extension for WindowsStandalone target not found
Package Manager log level set to [2]
[Package Manager] Failed to launch server process. Reason: Unity was launched with the -noUpm command-line argument
[Package Manager] Unable to send message (not connected to server process).
[Package Manager] Cannot connect to Unity Package Manager local server
ScheduleIndexationOnStartup MainProcess:False IndexOnStartup:True
Mono: successfully reloaded assembly
- Finished resetting the current domain, in  0.879 seconds
Domain Reload Profiling: 1841ms
	BeginReloadAssembly (249ms)
		CreateAndSetChildDomain (3ms)
	RebuildCommonClasses (81ms)
	RebuildNativeTypeToScriptingClass (22ms)
	initialDomainReloadingComplete (199ms)
	LoadAllAssembliesAndSetupDomain (408ms)
		LoadAssemblies (241ms)
		AnalyzeDomain (384ms)
			TypeCache.Refresh (378ms)
				TypeCache.ScanAssembly (337ms)
	FinalizeReload (882ms)
		SetupLoadedEditorAssemblies (0ms)
			InitializePlatformSupportModulesInManaged (90ms)
			BeforeProcessingInitializeOnLoad (213ms)
			ProcessInitializeOnLoadAttributes (245ms)
			ProcessInitializeOnLoadMethodAttributes (161ms)
[Licensing::Client] Handshaking with LicensingClient:
  Version:                 1.18.1+9fbee8e
  Session Id:              339facfff0d04efc8852ab84c7ff426f
  Correlation Id:          d40b30d8ce30f99ceb33ae49c23a836c
  External correlation Id: 3046080482664884928
  Machine Id:              XKxCPiat0Kuau2Vir2mc3JKSD2A=
[Licensing::Module] Successfully connected to LicensingClient on channel: "LicenseClient-hilom-6000.4.1" (connect: 0.00s, validation: 0.02s, handshake: 2.18s)
[Licensing::IpcConnector] Successfully connected to: "LicenseClient-hilom-6000.4.1-notifications" at "2026-04-06T20:49:31.4568201Z"
[Licensing::Module] Licensing Background thread has ended after 4.10s
========================================================================
Worker process is ready to serve import requests
Import Worker Mode flag is 0x00
Begin MonoManager ReloadAssembly
[Licensing::Client] Successfully resolved entitlement details
[Licensing::Module] License group:
  Id: 18968386807692-UnityPersXXXX
  Product: Unity Personal
  Type: Assigned
  Expiration: Unlimited
Assembly Assembly-CSharp-Editor-firstpass.dll at Library/ScriptAssemblies/Assembly-CSharp-Editor-firstpass.dll not valid. Loading of assembly skipped.
Assembly Assembly-CSharp-firstpass.dll at Library/ScriptAssemblies/Assembly-CSharp-firstpass.dll not valid. Loading of assembly skipped.
Assembly DocCodeExamples.dll at Library/ScriptAssemblies/DocCodeExamples.dll not valid. Loading of assembly skipped.
Assembly TestNewCustomAssembly.dll at Library/ScriptAssemblies/TestNewCustomAssembly.dll not valid. Loading of assembly skipped.
Assembly Unity.Collections.BurstCompatibilityGen.dll at Library/ScriptAssemblies/Unity.Collections.BurstCompatibilityGen.dll not valid. Loading of assembly skipped.
Assembly Unity.Collections.DocCodeSamples.dll at Library/ScriptAssemblies/Unity.Collections.DocCodeSamples.dll not valid. Loading of assembly skipped.
Assembly Unity.Collections.PerformanceTests.dll at Library/ScriptAssemblies/Unity.Collections.PerformanceTests.dll not valid. Loading of assembly skipped.
Assembly Unity.Collections.Tests.dll at Library/ScriptAssemblies/Unity.Collections.Tests.dll not valid. Loading of assembly skipped.
Assembly Unity.Collections.Tests.Playmode.dll at Library/ScriptAssemblies/Unity.Collections.Tests.Playmode.dll not valid. Loading of assembly skipped.
Assembly Unity.InputSystem.IntegrationTests.dll at Library/ScriptAssemblies/Unity.InputSystem.IntegrationTests.dll not valid. Loading of assembly skipped.
Assembly Unity.Mathematics.Tests.dll at Library/ScriptAssemblies/Unity.Mathematics.Tests.dll not valid. Loading of assembly skipped.
Assembly Unity.Multiplayer.Center.Editor.Tests.dll at Library/ScriptAssemblies/Unity.Multiplayer.Center.Editor.Tests.dll not valid. Loading of assembly skipped.
Assembly Unity.Multiplayer.Center.Tests.dll at Library/ScriptAssemblies/Unity.Multiplayer.Center.Tests.dll not valid. Loading of assembly skipped.
Assembly Unity.Nuget.Mono-Cecil.dll at Library/ScriptAssemblies/Unity.Nuget.Mono-Cecil.dll not valid. Loading of assembly skipped.
Assembly Unity.PathTracing.Editor.Tests.dll at Library/ScriptAssemblies/Unity.PathTracing.Editor.Tests.dll not valid. Loading of assembly skipped.
Assembly Unity.PathTracing.Runtime.Tests.dll at Library/ScriptAssemblies/Unity.PathTracing.Runtime.Tests.dll not valid. Loading of assembly skipped.
Assembly Unity.RenderPipelines.Core.Editor.Tests.dll at Library/ScriptAssemblies/Unity.RenderPipelines.Core.Editor.Tests.dll not valid. Loading of assembly skipped.
Assembly Unity.RenderPipelines.Core.Runtime.Tests.dll at Library/ScriptAssemblies/Unity.RenderPipelines.Core.Runtime.Tests.dll not valid. Loading of assembly skipped.
Assembly Unity.RenderPipelines.Universal.Config.Editor.Tests.dll at Library/ScriptAssemblies/Unity.RenderPipelines.Universal.Config.Editor.Tests.dll not valid. Loading of assembly skipped.
Assembly Unity.RenderPipelines.Universal.Editor.Tests.dll at Library/ScriptAssemblies/Unity.RenderPipelines.Universal.Editor.Tests.dll not valid. Loading of assembly skipped.
Assembly Unity.RenderPipelines.Universal.Runtime.Tests.dll at Library/ScriptAssemblies/Unity.RenderPipelines.Universal.Runtime.Tests.dll not valid. Loading of assembly skipped.
Assembly Unity.Searcher.EditorTests.dll at Library/ScriptAssemblies/Unity.Searcher.EditorTests.dll not valid. Loading of assembly skipped.
Assembly Unity.ShaderGraph.Editor.Tests.dll at Library/ScriptAssemblies/Unity.ShaderGraph.Editor.Tests.dll not valid. Loading of assembly skipped.
Assembly Unity.TextMeshPro.Editor.Tests.dll at Library/ScriptAssemblies/Unity.TextMeshPro.Editor.Tests.dll not valid. Loading of assembly skipped.
Assembly Unity.TextMeshPro.Tests.dll at Library/ScriptAssemblies/Unity.TextMeshPro.Tests.dll not valid. Loading of assembly skipped.
Assembly Unity.UnifiedRayTracing.Editor.Tests.dll at Library/ScriptAssemblies/Unity.UnifiedRayTracing.Editor.Tests.dll not valid. Loading of assembly skipped.
Assembly UnityEditor.UI.Common.Tests.dll at Library/ScriptAssemblies/UnityEditor.UI.Common.Tests.dll not valid. Loading of assembly skipped.
Assembly UnityEditor.UI.EditorTests.dll at Library/ScriptAssemblies/UnityEditor.UI.EditorTests.dll not valid. Loading of assembly skipped.
Assembly UnityEngine.UI.Tests.dll at Library/ScriptAssemblies/UnityEngine.UI.Tests.dll not valid. Loading of assembly skipped.
Refreshing native plugins compatible for Editor in 3.33 ms, found 3 plugins.
Native extension for WindowsStandalone target not found
[Package Manager] Failed to launch server process. Reason: Unity was launched with the -noUpm command-line argument
[Package Manager] Unable to send message (not connected to server process).
[Package Manager] Cannot connect to Unity Package Manager local server
[Package Manager] Failed to launch server process. Reason: Unity was launched with the -noUpm command-line argument
[Package Manager] Unable to send message (not connected to server process).
[Package Manager] Cannot connect to Unity Package Manager local server
ScheduleIndexationOnStartup MainProcess:False IndexOnStartup:True
Mono: successfully reloaded assembly
- Finished resetting the current domain, in  2.586 seconds
Domain Reload Profiling: 4175ms
	BeginReloadAssembly (298ms)
		DisableScriptedObjects (11ms)
		CreateAndSetChildDomain (48ms)
	RebuildCommonClasses (56ms)
	RebuildNativeTypeToScriptingClass (19ms)
	initialDomainReloadingComplete (190ms)
	LoadAllAssembliesAndSetupDomain (1025ms)
		LoadAssemblies (758ms)
		AnalyzeDomain (414ms)
			TypeCache.Refresh (287ms)
				TypeCache.ScanAssembly (259ms)
			BuildScriptInfoCaches (99ms)
			ResolveRequiredComponents (22ms)
	FinalizeReload (2586ms)
		SetupLoadedEditorAssemblies (0ms)
			BeforeProcessingInitializeOnLoad (238ms)
			ProcessInitializeOnLoadAttributes (1699ms)
			ProcessInitializeOnLoadMethodAttributes (66ms)
			AfterProcessingInitializeOnLoad (6ms)
		AwakeInstancesAfterBackupRestoration (6ms)
Launched and connected shader compiler UnityShaderCompiler.exe after 0.03 seconds
Unloading 24 Unused Serialized files (Serialized files now loaded: 0)
Unloading 6287 unused Assets / (5.3 MB). Loaded Objects now: 7118.
Memory consumption went from 166.5 MB to 161.2 MB.
Total: 8.675500 ms (FindLiveObjects: 0.755100 ms CreateObjectMapping: 0.710500 ms MarkObjects: 4.653400 ms  DeleteObjects: 2.554000 ms)

========================================================================
Received Import Request.
  Time since last request: 2249617.827398 seconds.
  path: Assets/Ball Pack/Models/Atom Ball/Materials/Atom Ball Atom Sphere.mat
  importAddress: Guid(5c353f7057da35640bdff38d63dda4d8) Importer(815301076,1909f56bfc062723c751e8b465ee728b)
Start importing Assets/Ball Pack/Models/Atom Ball/Materials/Atom Ball Atom Sphere.mat using Guid(5c353f7057da35640bdff38d63dda4d8) Importer(815301076,1909f56bfc062723c751e8b465ee728b) (PreviewImporter) -> (Import Result ID: 'dd9aa91f7cb7efac1b2cfb20ac9599f6') in 0.6498453 seconds [static and dynamic dependencies]. Details - ImportResultOutputID=55d51ae4fe872e4f8375d3dc4542e115 DependenciesID=36e68698b0d393eca005632a88b4943e StaticDependenciesID=62eabe550782d1870cfcab49331194e6 
Number of updated asset objects reloaded before import = 0Number of asset objects unloaded after import = 1

========================================================================
Received Import Request.
  Time since last request: 5.484890 seconds.
  path: Assets/Ball Pack/Prefabs/BuckyBall.prefab
  importAddress: Guid(12ab7dfd39045c04a914a2ac9e59b02f) Importer(815301076,1909f56bfc062723c751e8b465ee728b)
Start importing Assets/Ball Pack/Prefabs/BuckyBall.prefab using Guid(12ab7dfd39045c04a914a2ac9e59b02f) Importer(815301076,1909f56bfc062723c751e8b465ee728b) (PreviewImporter) -> (Import Result ID: '792ccbe55212d1513738ffcf3ab9df20') in 0.0608258 seconds [static and dynamic dependencies]. Details - ImportResultOutputID=76d11fcbe4e9b5c88f9c0a232091a35f DependenciesID=0e8b287ffbfd82b98c29cb592618d318 StaticDependenciesID=5e05f1d19844a2ffa48e4f33f8c82f29 
Number of updated asset objects reloaded before import = 0Number of asset objects unloaded after import = 28

========================================================================
Received Import Request.
  Time since last request: 0.000039 seconds.
  path: Assets/Ball Pack/Prefabs/WoodenBall.prefab
  importAddress: Guid(325dfdd9dab0e8f478b599780abdbd57) Importer(815301076,1909f56bfc062723c751e8b465ee728b)
Start importing Assets/Ball Pack/Prefabs/WoodenBall.prefab using Guid(325dfdd9dab0e8f478b599780abdbd57) Importer(815301076,1909f56bfc062723c751e8b465ee728b) (PreviewImporter) -> (Import Result ID: '551ce4b65a0e61c0ce3d00fad2c09985') in 0.0373643 seconds [static and dynamic dependencies]. Details - ImportResultOutputID=590f29cc4fe82e4e5ee73743d1c4e701 DependenciesID=6b9260ed10e21ee99ed50568a4121a16 StaticDependenciesID=ff10a5ccd8f923cd4a4ca2d6d6e6c02e 
Number of updated asset objects reloaded before import = 0Number of asset objects unloaded after import = 23

========================================================================
Received Import Request.
  Time since last request: 0.000097 seconds.
  path: Assets/Ball Pack/Prefabs/EyeBall.prefab
  importAddress: Guid(da98780e533fe794aa83fa27bbfddf57) Importer(815301076,1909f56bfc062723c751e8b465ee728b)
Start importing Assets/Ball Pack/Prefabs/EyeBall.prefab using Guid(da98780e533fe794aa83fa27bbfddf57) Importer(815301076,1909f56bfc062723c751e8b465ee728b) (PreviewImporter) -> (Import Result ID: '69862939f227362c0671398805ef290c') in 0.0853114 seconds [static and dynamic dependencies]. Details - ImportResultOutputID=335f232bae0fcbef73804ef5a7218eb7 DependenciesID=f4202abec1898ddcdb2ece7a60b14417 StaticDependenciesID=7eee1a6e58bfa0695061e3304845914b 
Number of updated asset objects reloaded before import = 0Number of asset objects unloaded after import = 23

========================================================================
Received Import Request.
  Time since last request: 22.565166 seconds.
  path: Assets/Ball Pack/Models/Eye Ball/Textures/EyeBall Iris - Diffuse.png
  importAddress: Guid(cbefb4f983d64bd42a523e1867f72452) Importer(815301076,1909f56bfc062723c751e8b465ee728b)
Start importing Assets/Ball Pack/Models/Eye Ball/Textures/EyeBall Iris - Diffuse.png using Guid(cbefb4f983d64bd42a523e1867f72452) Importer(815301076,1909f56bfc062723c751e8b465ee728b) (PreviewImporter) -> (Import Result ID: 'ae0dd1cbf9a820c25b5151407aeeb542') in 0.0343135 seconds [static and dynamic dependencies]. Details - ImportResultOutputID=829f61d3ff051d2b7adfa63aed0661b6 DependenciesID=a128ab7e2328d05b0796ea504c094bde StaticDependenciesID=6ee1317af73b2063f2369987120b11ad 
Number of updated asset objects reloaded before import = 0Number of asset objects unloaded after import = 2

========================================================================
Received Import Request.
  Time since last request: 0.000109 seconds.
  path: Assets/Ball Pack/Models/Eye Ball/Textures/EyeBall White.png
  importAddress: Guid(7dc7e5cf856ee864db67221969f719dd) Importer(815301076,1909f56bfc062723c751e8b465ee728b)
Start importing Assets/Ball Pack/Models/Eye Ball/Textures/EyeBall White.png using Guid(7dc7e5cf856ee864db67221969f719dd) Importer(815301076,1909f56bfc062723c751e8b465ee728b) (PreviewImporter) -> (Import Result ID: 'bc86a6aa9cb1364965dcfaa64842de7f') in 0.0325054 seconds [static and dynamic dependencies]. Details - ImportResultOutputID=6b4fc21e6b6ecdb9be83f01a8253b353 DependenciesID=f7a1ed9f168d0a0ff480e80ebc709bfb StaticDependenciesID=52bf4ac4b15398af2359991844b563d2 
Number of updated asset objects reloaded before import = 0Number of asset objects unloaded after import = 2

========================================================================
Received Import Request.
  Time since last request: 0.000067 seconds.
  path: Assets/Ball Pack/Models/Eye Ball/Textures/EyeBall Iris 4.png
  importAddress: Guid(367f4c980e7dc9e42bd037190280af9f) Importer(815301076,1909f56bfc062723c751e8b465ee728b)
Start importing Assets/Ball Pack/Models/Eye Ball/Textures/EyeBall Iris 4.png using Guid(367f4c980e7dc9e42bd037190280af9f) Importer(815301076,1909f56bfc062723c751e8b465ee728b) (PreviewImporter) -> (Import Result ID: 'abd800a1b03af0634ffc22a1eab6b6b4') in 0.0294457 seconds [static and dynamic dependencies]. Details - ImportResultOutputID=3e1ed725141d82c9ec521175a5ea3b86 DependenciesID=d875f886cbeac9d77136e96e51b68974 StaticDependenciesID=e677fd6a0b4038644652810be657d707 
Number of updated asset objects reloaded before import = 0Number of asset objects unloaded after import = 2

========================================================================
Received Import Request.
  Time since last request: 6.705852 seconds.
  path: Assets/Ball Pack/Models/Wooden Ball/Textures/WoodenBall - Grayscale.png
  importAddress: Guid(af391f08752851541aa28e8e2873f5fb) Importer(815301076,1909f56bfc062723c751e8b465ee728b)
Start importing Assets/Ball Pack/Models/Wooden Ball/Textures/WoodenBall - Grayscale.png using Guid(af391f08752851541aa28e8e2873f5fb) Importer(815301076,1909f56bfc062723c751e8b465ee728b) (PreviewImporter) -> (Import Result ID: 'd83f7fbf0edde7cb0d124c9c80e84daf') in 0.0284749 seconds [static and dynamic dependencies]. Details - ImportResultOutputID=07a33e7a9e4eebc091c74fd9c67a7b0f DependenciesID=22b87398d38c9330502a49a9f8bce11d StaticDependenciesID=0d303ad2beb0907495be462595e61db4 
Number of updated asset objects reloaded before import = 0Number of asset objects unloaded after import = 2

========================================================================
Received Import Request.
  Time since last request: 20.792991 seconds.
  path: Assets/Ball Pack/Models/Wooden Ball/Materials/WoodenBall - Grayscale.mat
  importAddress: Guid(788330ad823cb0140aaa120bfe7a0fff) Importer(815301076,1909f56bfc062723c751e8b465ee728b)
Start importing Assets/Ball Pack/Models/Wooden Ball/Materials/WoodenBall - Grayscale.mat using Guid(788330ad823cb0140aaa120bfe7a0fff) Importer(815301076,1909f56bfc062723c751e8b465ee728b) (PreviewImporter) -> (Import Result ID: 'f5029a99bf55e85967f6dd8514fdab0b') in 0.0886615 seconds [static and dynamic dependencies]. Details - ImportResultOutputID=e3ba317a6c8682423887b9cbbbeddac6 DependenciesID=3d461487a0d835394efe3e4f3fb46a6c StaticDependenciesID=bb4c2c62475664257e462a47a9390b2d 
Number of updated asset objects reloaded before import = 0Number of asset objects unloaded after import = 2

========================================================================
Received Import Request.
  Time since last request: 36.536165 seconds.
  path: Assets/Dreams of the future/25_gems/Sprites/free (3).png
  importAddress: Guid(631623504cc918346a96f6e1927d871f) Importer(815301076,1909f56bfc062723c751e8b465ee728b)
Start importing Assets/Dreams of the future/25_gems/Sprites/free (3).png using Guid(631623504cc918346a96f6e1927d871f) Importer(815301076,1909f56bfc062723c751e8b465ee728b) (PreviewImporter) -> (Import Result ID: '1851851de2774e9a79aa45bc0d57adbf') in 0.061327 seconds [static and dynamic dependencies]. Details - ImportResultOutputID=798a2d51938c6e1b521fbdfb1abd3433 DependenciesID=5e2bd1a964b95e1afabcf45be5147ecf StaticDependenciesID=c291247279eb67748806174541dfd0c9 
Number of updated asset objects reloaded before import = 0Number of asset objects unloaded after import = 3

========================================================================
Received Import Request.
  Time since last request: 0.000071 seconds.
  path: Assets/Dreams of the future/25_gems/Sprites/free (17).png
  importAddress: Guid(528157947f1ac174583ec830b38f72ae) Importer(815301076,1909f56bfc062723c751e8b465ee728b)
Start importing Assets/Dreams of the future/25_gems/Sprites/free (17).png using Guid(528157947f1ac174583ec830b38f72ae) Importer(815301076,1909f56bfc062723c751e8b465ee728b) (PreviewImporter) -> (Import Result ID: '7141c0ddcedfff5f69db549e5c783aeb') in 0.0347956 seconds [static and dynamic dependencies]. Details - ImportResultOutputID=124d6eaccc316916dd4d67234a4466e7 DependenciesID=31d7ebd0f1a62f043739713666cd3219 StaticDependenciesID=93e59820ed85287137266715e0dca322 
Number of updated asset objects reloaded before import = 0Number of asset objects unloaded after import = 3

========================================================================
Received Import Request.
  Time since last request: 0.000076 seconds.
  path: Assets/Dreams of the future/25_gems/Sprites/free (19).png
  importAddress: Guid(670fe8f343199fa4fbc242aec9dfe73d) Importer(815301076,1909f56bfc062723c751e8b465ee728b)
Start importing Assets/Dreams of the future/25_gems/Sprites/free (19).png using Guid(670fe8f343199fa4fbc242aec9dfe73d) Importer(815301076,1909f56bfc062723c751e8b465ee728b) (PreviewImporter) -> (Import Result ID: '6324fd2b55863da7b0edde2433eeaba6') in 0.0310395 seconds [static and dynamic dependencies]. Details - ImportResultOutputID=c20524836e9d350d4da7c265d9e85c53 DependenciesID=772c45a9eb4feae02f01cf760ff2893a StaticDependenciesID=9c632cd939086b25fe71222a69120570 
Number of updated asset objects reloaded before import = 0Number of asset objects unloaded after import = 3

========================================================================
Received Import Request.
  Time since last request: 0.000027 seconds.
  path: Assets/Dreams of the future/25_gems/Sprites/free (5).png
  importAddress: Guid(a4206ddecff414044940dc3b6d3d0674) Importer(815301076,1909f56bfc062723c751e8b465ee728b)
Start importing Assets/Dreams of the future/25_gems/Sprites/free (5).png using Guid(a4206ddecff414044940dc3b6d3d0674) Importer(815301076,1909f56bfc062723c751e8b465ee728b) (PreviewImporter) -> (Import Result ID: '9966b09a0b60359b69966817bcc4974b') in 0.0309707 seconds [static and dynamic dependencies]. Details - ImportResultOutputID=1ea32fd02c987684a69e17ad7d76edb4 DependenciesID=9a1cb73da7f1397f268040080ffb890a StaticDependenciesID=528e3b15675fae43d23e8220fb7b9229 
Number of updated asset objects reloaded before import = 0Number of asset objects unloaded after import = 3

========================================================================
Received Import Request.
  Time since last request: 0.000028 seconds.
  path: Assets/Dreams of the future/25_gems/Sprites/free (6).png
  importAddress: Guid(c770f728a4fafd24da72b2935f03b2b9) Importer(815301076,1909f56bfc062723c751e8b465ee728b)
Start importing Assets/Dreams of the future/25_gems/Sprites/free (6).png using Guid(c770f728a4fafd24da72b2935f03b2b9) Importer(815301076,1909f56bfc062723c751e8b465ee728b) (PreviewImporter) -> (Import Result ID: '727bc4ec7da36fe343faaa55cd05f067') in 0.0305426 seconds [static and dynamic dependencies]. Details - ImportResultOutputID=849729761e9157db3b1c9b7e601a444d DependenciesID=ef57cbc7d0f56f1054b04d0ecd710254 StaticDependenciesID=0ddb85f50283a15f896d7945a161fabf 
Number of updated asset objects reloaded before import = 0Number of asset objects unloaded after import = 3

========================================================================
Received Import Request.
  Time since last request: 0.000035 seconds.
  path: Assets/Dreams of the future/25_gems/Sprites/free (12).png
  importAddress: Guid(b156b23b5dc548a4a9bc423300019db0) Importer(815301076,1909f56bfc062723c751e8b465ee728b)
Start importing Assets/Dreams of the future/25_gems/Sprites/free (12).png using Guid(b156b23b5dc548a4a9bc423300019db0) Importer(815301076,1909f56bfc062723c751e8b465ee728b) (PreviewImporter) -> (Import Result ID: '29abc906542c60382c187d79844b7faa') in 0.0296149 seconds [static and dynamic dependencies]. Details - ImportResultOutputID=205d3b6d79cf3a986bc3107b93b54dc7 DependenciesID=fcd8363510c5befa7ddee71742d7772e StaticDependenciesID=39bb9b3f0fdfc0298a0599f454de68a2 
Number of updated asset objects reloaded before import = 0Number of asset objects unloaded after import = 3

========================================================================
Received Import Request.
  Time since last request: 0.000080 seconds.
  path: Assets/Dreams of the future/25_gems/Sprites/free (18).png
  importAddress: Guid(ab698dab9498c1f45914c3d1497d5648) Importer(815301076,1909f56bfc062723c751e8b465ee728b)
Start importing Assets/Dreams of the future/25_gems/Sprites/free (18).png using Guid(ab698dab9498c1f45914c3d1497d5648) Importer(815301076,1909f56bfc062723c751e8b465ee728b) (PreviewImporter) -> (Import Result ID: '9a28f4c39ea6f5b77899e604eee9f892') in 0.0288402 seconds [static and dynamic dependencies]. Details - ImportResultOutputID=f817fd16f7f6e9eb57e69ef7c0cd0c8f DependenciesID=eb42d86bbdd5b271006cd9e9eaa0d3f6 StaticDependenciesID=9f362201df54dacc7d0b7c454bf687bf 
Number of updated asset objects reloaded before import = 0Number of asset objects unloaded after import = 3

========================================================================
Received Import Request.
  Time since last request: 0.000047 seconds.
  path: Assets/Dreams of the future/25_gems/Sprites/free (22).png
  importAddress: Guid(efefba7afcc1206429800318a862ae25) Importer(815301076,1909f56bfc062723c751e8b465ee728b)
Start importing Assets/Dreams of the future/25_gems/Sprites/free (22).png using Guid(efefba7afcc1206429800318a862ae25) Importer(815301076,1909f56bfc062723c751e8b465ee728b) (PreviewImporter) -> (Import Result ID: '7f5d42f63fd2608c75e362dd47c15a5a') in 0.0296757 seconds [static and dynamic dependencies]. Details - ImportResultOutputID=cd1255f1b8a4de97ee0e867682b2fba2 DependenciesID=0b2ec557c8dd46df3abeeb6b6e8bf355 StaticDependenciesID=52a84deeb2d4c96f6de0a9efbcb7c98f 
Number of updated asset objects reloaded before import = 0Number of asset objects unloaded after import = 3

========================================================================
Received Import Request.
  Time since last request: 0.000028 seconds.
  path: Assets/Dreams of the future/25_gems/Sprites/free (11).png
  importAddress: Guid(540bdc739067ccd41b432ef46572a062) Importer(815301076,1909f56bfc062723c751e8b465ee728b)
Start importing Assets/Dreams of the future/25_gems/Sprites/free (11).png using Guid(540bdc739067ccd41b432ef46572a062) Importer(815301076,1909f56bfc062723c751e8b465ee728b) (PreviewImporter) -> (Import Result ID: '192df96f13604873b2851bf424339a4a') in 0.0296773 seconds [static and dynamic dependencies]. Details - ImportResultOutputID=fa8eb14e6f107a6cadaa19629b98bfa5 DependenciesID=cb4af56779af5774ef3e74a32b029c2c StaticDependenciesID=539c026171914fbb965842fb40045efd 
Number of updated asset objects reloaded before import = 0Number of asset objects unloaded after import = 3

========================================================================
Received Import Request.
  Time since last request: 83.869297 seconds.
  path: Assets/Dreams of the future/25_gems/Sprites/Materials/free (5).mat
  importAddress: Guid(5d0b14bfe8b4d7c4aac4b8e4f303736b) Importer(2089858483,b0f066a214c2f5e87bad3c948f4d605d)
Start importing Assets/Dreams of the future/25_gems/Sprites/Materials/free (5).mat using Guid(5d0b14bfe8b4d7c4aac4b8e4f303736b) Importer(2089858483,b0f066a214c2f5e87bad3c948f4d605d) (ScriptedImporter) -> (Import Result ID: '12f5803a0bf7e682b3e8443b19279c3f') in 0.1984026 seconds [static and dynamic dependencies]. Details - ImportResultOutputID=2f9c86d79a1be953c4ed59f88ae88a32 DependenciesID=2e6f97b1ae92817b99ae4206b8ac82ed StaticDependenciesID=95e5048e18789f180bf0c938942841ba 
Number of updated asset objects reloaded before import = 0Number of asset objects unloaded after import = 2

