[Licensing::Module] Trying to connect to existing licensing client channel...
[Licensing::IpcConnector] Successfully connected to: "LicenseClient-hilom" at "2026-04-06T22:11:12.58419Z"
Built from '6000.4/staging' branch; Version is '6000.4.1f1 (8535861f39e1) revision 8729990'; Using compiler version '194234433'; Build Type 'Release'
OS: 'Windows 11  (10.0.26200) CoreSingleLanguage' Language: 'tr' Physical Memory: 7971 MB
BatchMode: 1, IsHumanControllingUs: 0, StartBugReporterOnCrash: 0, Is64bit: 1
System  architecture: x64
Process architecture: x64
Date: 2026-04-06T22:11:12Z

COMMAND LINE ARGUMENTS:
C:\Program Files\Unity\Hub\Editor\6000.4.1f1\Editor\Unity.exe
-adb2
-batchMode
-noUpm
-name
AssetImportWorker1
-projectPath
C:/Users/hilom/My project (1)
-logFile
Logs/AssetImportWorker1.log
-srvPort
65368
-licensingIpc
LicenseClient-hilom
-force-d3d12
-job-worker-count
5
-background-job-worker-count
8
-gc-helper-count
1
-name
AssetImport
Successfully changed project path to: C:/Users/hilom/My project (1)
C:/Users/hilom/My project (1)
[UnityMemory] Configuration Parameters - Can be set up in boot.config
    "memorysetup-temp-allocator-size-gi-baking-worker=262144"
    "memorysetup-temp-allocator-size-gi-baking-worker=262144"
    "memorysetup-temp-allocator-size-gi-baking-worker=262144"
    "memorysetup-temp-allocator-size-gi-baking-worker=262144"
    "memorysetup-temp-allocator-size-gi-baking-worker=262144"
    "memorysetup-temp-allocator-size-nav-mesh-worker=65536"
    "memorysetup-temp-allocator-size-audio-worker=65536"
    "memorysetup-temp-allocator-size-cloud-worker=32768"
    "memorysetup-temp-allocator-size-gfx=262144"
    "memorysetup-temp-allocator-size-preload-manager=33554432"
    "memorysetup-temp-allocator-size-job-worker=262144"
    "memorysetup-temp-allocator-size-background-worker=32768"
    "memorysetup-allocator-temp-initial-block-size-main=262144"
    "memorysetup-allocator-temp-initial-block-size-worker=262144"
    "memorysetup-bucket-allocator-granularity=16"
    "memorysetup-bucket-allocator-bucket-count=8"
    "memorysetup-bucket-allocator-block-size=33554432"
    "memorysetup-bucket-allocator-block-count=8"
    "memorysetup-main-allocator-block-size=16777216"
    "memorysetup-thread-allocator-block-size=16777216"
    "memorysetup-gfx-main-allocator-block-size=16777216"
    "memorysetup-gfx-thread-allocator-block-size=16777216"
    "memorysetup-cache-allocator-block-size=4194304"
    "memorysetup-typetree-allocator-block-size=2097152"
    "memorysetup-profiler-bucket-allocator-granularity=16"
    "memorysetup-profiler-bucket-allocator-bucket-count=8"
    "memorysetup-profiler-bucket-allocator-block-size=33554432"
    "memorysetup-profiler-bucket-allocator-block-count=8"
    "memorysetup-profiler-allocator-block-size=16777216"
    "memorysetup-profiler-editor-allocator-block-size=1048576"
    "memorysetup-temp-allocator-size-main=16777216"
    "memorysetup-job-temp-allocator-block-size=2097152"
    "memorysetup-job-temp-allocator-block-size-background=1048576"
    "memorysetup-job-temp-allocator-reduction-small-platforms=262144"
Player connection [27300]  Target information:

Player connection [27300]  * "[IP] 192.168.1.44 [Port] 0 [Flags] 2 [Guid] 2263900715 [EditorId] 2263900715 [Version] 1048832 [Id] WindowsEditor(7,selene) [Debug] 1 [PackageName] WindowsEditor [ProjectName] Editor" 

Player connection [27300] Host joined multi-casting on [225.0.0.222:54997]...
Player connection [27300] Host joined alternative multi-casting on [225.0.0.222:34997]...
JobSystem: Creating JobQueue using job-worker-count value 5
Input System module state changed to: Initialized.
[Physics::Module] Initialized fallback backend.
[Physics::Module] Id: 0xdecafbad
Library Redirect Path: Library/
[Physics::Module] Selected backend.
[Physics::Module] Name: PhysX
[Physics::Module] Id: 0xf2b8ea05
[Physics::Module] SDK Version: 4.1.2
[Physics::Module] Integration Version: 1.0.0
[Physics::Module] Threading Mode: Multi-Threaded
Refreshing native plugins compatible for Editor in 12.76 ms, found 3 plugins.
Initialize engine version: 6000.4.1f1 (8535861f39e1)
[Subsystems] Discovering subsystems at path C:/Program Files/Unity/Hub/Editor/6000.4.1f1/Editor/Data/Resources/UnitySubsystems
[Subsystems] Discovering subsystems at path C:/Users/hilom/My project (1)/Assets
Forcing GfxDevice: Direct3D 12
GfxDevice: creating device client; kGfxThreadingModeNonThreaded
d3d12: failed to query info queue interface (0x80004002).
Direct3D:
    Version:         Direct3D 12 [level 12.1]
    Renderer:        NVIDIA GeForce GTX 1650 (ID=0x1f9d)
    Vendor:          NVIDIA
    VRAM:            3935 MB
    App VRAM Budget: 3344 MB
    Driver:          32.0.15.9597
[Licensing::Client] Error: HandshakeResponse reported an error:
	ResponseCode: 505
	ResponseStatus: Unsupported protocol version '1.18.1'.
[Licensing::Module] Error: Failed to handshake to channel: "LicenseClient-hilom"
[Licensing::IpcConnector] LicenseClient-hilom channel disconnected successfully.
[Licensing::IpcConnector] Successfully connected to: "LicenseClient-hilom-6000.4.1" at "2026-04-06T22:11:14.4677472Z"
Initialize mono
Mono path[0] = 'C:/Program Files/Unity/Hub/Editor/6000.4.1f1/Editor/Data/Managed'
Mono path[1] = 'C:/Program Files/Unity/Hub/Editor/6000.4.1f1/Editor/Data/MonoBleedingEdge/lib/mono/unityjit-win32'
Mono config path = 'C:/Program Files/Unity/Hub/Editor/6000.4.1f1/Editor/Data/MonoBleedingEdge/etc'
Using monoOptions --debugger-agent=transport=dt_socket,embedding=1,server=y,suspend=n,address=127.0.0.1:56368
CodeReloadManager initialized
Begin MonoManager ReloadAssembly
Registering precompiled unity dll's ...
Register platform support module: C:/Program Files/Unity/Hub/Editor/6000.4.1f1/Editor/Data/PlaybackEngines/WindowsStandaloneSupport/UnityEditor.WindowsStandalone.Extensions.dll
Registered in 0.003080 seconds.
Native extension for WindowsStandalone target not found
Package Manager log level set to [2]
[Package Manager] Failed to launch server process. Reason: Unity was launched with the -noUpm command-line argument
[Package Manager] Unable to send message (not connected to server process).
[Package Manager] Cannot connect to Unity Package Manager local server
ScheduleIndexationOnStartup MainProcess:False IndexOnStartup:True
Mono: successfully reloaded assembly
[Licensing::Client] Handshaking with LicensingClient:
  Version:                 1.18.1+9fbee8e
  Session Id:              a54d9086702c4c3db6e0f373658feda8
  Correlation Id:          c0cacfa8fccb46c2efcb7a7f5a85d53d
  External correlation Id: 6165674843288846510
  Machine Id:              XKxCPiat0Kuau2Vir2mc3JKSD2A=
[Licensing::Module] Successfully connected to LicensingClient on channel: "LicenseClient-hilom-6000.4.1" (connect: 0.00s, validation: 0.01s, handshake: 2.18s)
[Licensing::IpcConnector] Successfully connected to: "LicenseClient-hilom-6000.4.1-notifications" at "2026-04-06T22:11:16.6618534Z"
[Licensing::Module] Licensing Background thread has ended after 4.08s
- Finished resetting the current domain, in  0.706 seconds
Domain Reload Profiling: 1466ms
	BeginReloadAssembly (255ms)
		CreateAndSetChildDomain (3ms)
	RebuildCommonClasses (65ms)
	RebuildNativeTypeToScriptingClass (20ms)
	initialDomainReloadingComplete (117ms)
	LoadAllAssembliesAndSetupDomain (300ms)
		LoadAssemblies (245ms)
		AnalyzeDomain (284ms)
			TypeCache.Refresh (277ms)
				TypeCache.ScanAssembly (258ms)
			ResolveRequiredComponents (5ms)
	FinalizeReload (710ms)
		SetupLoadedEditorAssemblies (0ms)
			InitializePlatformSupportModulesInManaged (71ms)
			BeforeProcessingInitializeOnLoad (145ms)
			ProcessInitializeOnLoadAttributes (182ms)
			ProcessInitializeOnLoadMethodAttributes (175ms)
========================================================================
Worker process is ready to serve import requests
Import Worker Mode flag is 0x00
Begin MonoManager ReloadAssembly
[Licensing::Client] Successfully resolved entitlement details
[Licensing::Module] License group:
  Id: 18968386807692-UnityPersXXXX
  Product: Unity Personal
  Type: Assigned
  Expiration: Unlimited
Assembly Assembly-CSharp-Editor-firstpass.dll at Library/ScriptAssemblies/Assembly-CSharp-Editor-firstpass.dll not valid. Loading of assembly skipped.
Assembly Assembly-CSharp-firstpass.dll at Library/ScriptAssemblies/Assembly-CSharp-firstpass.dll not valid. Loading of assembly skipped.
Assembly DocCodeExamples.dll at Library/ScriptAssemblies/DocCodeExamples.dll not valid. Loading of assembly skipped.
Assembly TestNewCustomAssembly.dll at Library/ScriptAssemblies/TestNewCustomAssembly.dll not valid. Loading of assembly skipped.
Assembly Unity.Collections.BurstCompatibilityGen.dll at Library/ScriptAssemblies/Unity.Collections.BurstCompatibilityGen.dll not valid. Loading of assembly skipped.
Assembly Unity.Collections.DocCodeSamples.dll at Library/ScriptAssemblies/Unity.Collections.DocCodeSamples.dll not valid. Loading of assembly skipped.
Assembly Unity.Collections.PerformanceTests.dll at Library/ScriptAssemblies/Unity.Collections.PerformanceTests.dll not valid. Loading of assembly skipped.
Assembly Unity.Collections.Tests.dll at Library/ScriptAssemblies/Unity.Collections.Tests.dll not valid. Loading of assembly skipped.
Assembly Unity.Collections.Tests.Playmode.dll at Library/ScriptAssemblies/Unity.Collections.Tests.Playmode.dll not valid. Loading of assembly skipped.
Assembly Unity.InputSystem.IntegrationTests.dll at Library/ScriptAssemblies/Unity.InputSystem.IntegrationTests.dll not valid. Loading of assembly skipped.
Assembly Unity.Mathematics.Tests.dll at Library/ScriptAssemblies/Unity.Mathematics.Tests.dll not valid. Loading of assembly skipped.
Assembly Unity.Multiplayer.Center.Editor.Tests.dll at Library/ScriptAssemblies/Unity.Multiplayer.Center.Editor.Tests.dll not valid. Loading of assembly skipped.
Assembly Unity.Multiplayer.Center.Tests.dll at Library/ScriptAssemblies/Unity.Multiplayer.Center.Tests.dll not valid. Loading of assembly skipped.
Assembly Unity.Nuget.Mono-Cecil.dll at Library/ScriptAssemblies/Unity.Nuget.Mono-Cecil.dll not valid. Loading of assembly skipped.
Assembly Unity.PathTracing.Editor.Tests.dll at Library/ScriptAssemblies/Unity.PathTracing.Editor.Tests.dll not valid. Loading of assembly skipped.
Assembly Unity.PathTracing.Runtime.Tests.dll at Library/ScriptAssemblies/Unity.PathTracing.Runtime.Tests.dll not valid. Loading of assembly skipped.
Assembly Unity.RenderPipelines.Core.Editor.Tests.dll at Library/ScriptAssemblies/Unity.RenderPipelines.Core.Editor.Tests.dll not valid. Loading of assembly skipped.
Assembly Unity.RenderPipelines.Core.Runtime.Tests.dll at Library/ScriptAssemblies/Unity.RenderPipelines.Core.Runtime.Tests.dll not valid. Loading of assembly skipped.
Assembly Unity.RenderPipelines.Universal.Config.Editor.Tests.dll at Library/ScriptAssemblies/Unity.RenderPipelines.Universal.Config.Editor.Tests.dll not valid. Loading of assembly skipped.
Assembly Unity.RenderPipelines.Universal.Editor.Tests.dll at Library/ScriptAssemblies/Unity.RenderPipelines.Universal.Editor.Tests.dll not valid. Loading of assembly skipped.
Assembly Unity.RenderPipelines.Universal.Runtime.Tests.dll at Library/ScriptAssemblies/Unity.RenderPipelines.Universal.Runtime.Tests.dll not valid. Loading of assembly skipped.
Assembly Unity.Searcher.EditorTests.dll at Library/ScriptAssemblies/Unity.Searcher.EditorTests.dll not valid. Loading of assembly skipped.
Assembly Unity.ShaderGraph.Editor.Tests.dll at Library/ScriptAssemblies/Unity.ShaderGraph.Editor.Tests.dll not valid. Loading of assembly skipped.
Assembly Unity.TextMeshPro.Editor.Tests.dll at Library/ScriptAssemblies/Unity.TextMeshPro.Editor.Tests.dll not valid. Loading of assembly skipped.
Assembly Unity.TextMeshPro.Tests.dll at Library/ScriptAssemblies/Unity.TextMeshPro.Tests.dll not valid. Loading of assembly skipped.
Assembly Unity.UnifiedRayTracing.Editor.Tests.dll at Library/ScriptAssemblies/Unity.UnifiedRayTracing.Editor.Tests.dll not valid. Loading of assembly skipped.
Assembly UnityEditor.UI.Common.Tests.dll at Library/ScriptAssemblies/UnityEditor.UI.Common.Tests.dll not valid. Loading of assembly skipped.
Assembly UnityEditor.UI.EditorTests.dll at Library/ScriptAssemblies/UnityEditor.UI.EditorTests.dll not valid. Loading of assembly skipped.
Assembly UnityEngine.UI.Tests.dll at Library/ScriptAssemblies/UnityEngine.UI.Tests.dll not valid. Loading of assembly skipped.
Native extension for WindowsStandalone target not found
[Package Manager] Failed to launch server process. Reason: Unity was launched with the -noUpm command-line argument
[Package Manager] Unable to send message (not connected to server process).
[Package Manager] Cannot connect to Unity Package Manager local server
[Package Manager] Failed to launch server process. Reason: Unity was launched with the -noUpm command-line argument
[Package Manager] Unable to send message (not connected to server process).
[Package Manager] Cannot connect to Unity Package Manager local server
ScheduleIndexationOnStartup MainProcess:False IndexOnStartup:True
Mono: successfully reloaded assembly
- Finished resetting the current domain, in  0.823 seconds
Domain Reload Profiling: 1921ms
	BeginReloadAssembly (280ms)
		DisableScriptedObjects (11ms)
		CreateAndSetChildDomain (45ms)
	RebuildCommonClasses (54ms)
	RebuildNativeTypeToScriptingClass (23ms)
	initialDomainReloadingComplete (140ms)
	LoadAllAssembliesAndSetupDomain (601ms)
		LoadAssemblies (442ms)
		AnalyzeDomain (302ms)
			TypeCache.Refresh (204ms)
				TypeCache.ScanAssembly (185ms)
			BuildScriptInfoCaches (73ms)
			ResolveRequiredComponents (21ms)
	FinalizeReload (823ms)
		SetupLoadedEditorAssemblies (0ms)
			BeforeProcessingInitializeOnLoad (135ms)
			ProcessInitializeOnLoadAttributes (320ms)
			ProcessInitializeOnLoadMethodAttributes (69ms)
			AfterProcessingInitializeOnLoad (6ms)
		AwakeInstancesAfterBackupRestoration (6ms)
Launched and connected shader compiler UnityShaderCompiler.exe after 0.03 seconds
Unloading 24 Unused Serialized files (Serialized files now loaded: 0)
Unloading 6290 unused Assets / (6.3 MB). Loaded Objects now: 7135.
Memory consumption went from 168.0 MB to 161.7 MB.
Total: 10.985300 ms (FindLiveObjects: 0.933400 ms CreateObjectMapping: 0.945200 ms MarkObjects: 5.376200 ms  DeleteObjects: 3.585200 ms)

========================================================================
Received Import Request.
  Time since last request: 2254510.627907 seconds.
  path: Assets/Scenes/MiniGame.unity
  importAddress: Guid(482e10bec050010498760af64d5f8a2e) Importer(2089858483,b0f066a214c2f5e87bad3c948f4d605d)
Start importing Assets/Scenes/MiniGame.unity using Guid(482e10bec050010498760af64d5f8a2e) Importer(2089858483,b0f066a214c2f5e87bad3c948f4d605d) (ScriptedImporter) -> (Import Result ID: 'b2f9176673fa6d369adb24c8b603b2c9') in 0.1083338 seconds [static and dynamic dependencies]. Details - ImportResultOutputID=9280283b454c6d7326672979d0e22348 DependenciesID=9e9f949d6270b59ca7de8b330763782f StaticDependenciesID=cc17a9372d7878f0b03e0a339b45c3f8 
Number of updated asset objects reloaded before import = 0Number of asset objects unloaded after import = 1

========================================================================
Received Import Request.
  Time since last request: 108.246430 seconds.
  path: Assets/LowlyPoly/HintsStarsLite/Magic Score 5.wav
  importAddress: Guid(668620113e9d6dc4483ba3d8dbae9fcf) Importer(2089858483,b0f066a214c2f5e87bad3c948f4d605d)
Start importing Assets/LowlyPoly/HintsStarsLite/Magic Score 5.wav using Guid(668620113e9d6dc4483ba3d8dbae9fcf) Importer(2089858483,b0f066a214c2f5e87bad3c948f4d605d) (ScriptedImporter) -> (Import Result ID: 'aeaea689579ec13097ce053c256f02a0') in 0.1828861 seconds [static and dynamic dependencies]. Details - ImportResultOutputID=b2b1f1e6a7da5f47108d9538b7ff861c DependenciesID=b7d8232c5e062e28ad061ecfd9b6f805 StaticDependenciesID=5cfec090c16e4e9e36db4dd2bd70665e 
Number of updated asset objects reloaded before import = 0Number of asset objects unloaded after import = 1

========================================================================
Received Import Request.
  Time since last request: 0.000155 seconds.
  path: Assets/LowlyPoly/HintsStarsLite/Sci Fi Stinger 4.wav
  importAddress: Guid(146d4b19f95fe6d40832414952b4ea39) Importer(2089858483,b0f066a214c2f5e87bad3c948f4d605d)
Start importing Assets/LowlyPoly/HintsStarsLite/Sci Fi Stinger 4.wav using Guid(146d4b19f95fe6d40832414952b4ea39) Importer(2089858483,b0f066a214c2f5e87bad3c948f4d605d) (ScriptedImporter) -> (Import Result ID: '15b340040ee935ee47c712a1c72f8c04') in 0.0231231 seconds [static and dynamic dependencies]. Details - ImportResultOutputID=a127d97b156cd94d97ff8a303bcf8cad DependenciesID=5f4dbd21043cd0b686ce3bbb883cce1d StaticDependenciesID=b3f693279c97f6c1c89a73f6b4d77403 
Number of updated asset objects reloaded before import = 0Number of asset objects unloaded after import = 1

========================================================================
Received Import Request.
  Time since last request: 0.000029 seconds.
  path: Assets/LowlyPoly/HintsStarsLite/Mellow Hint 2.wav
  importAddress: Guid(2999a8c2c936b614989c3aa5265eac71) Importer(2089858483,b0f066a214c2f5e87bad3c948f4d605d)
Start importing Assets/LowlyPoly/HintsStarsLite/Mellow Hint 2.wav using Guid(2999a8c2c936b614989c3aa5265eac71) Importer(2089858483,b0f066a214c2f5e87bad3c948f4d605d) (ScriptedImporter) -> (Import Result ID: 'a02760e40b58713009c233bd731e6f8b') in 0.0181398 seconds [static and dynamic dependencies]. Details - ImportResultOutputID=a3f1206813bdfc679a23a58a03235d70 DependenciesID=2d55dfa6024616bb82ae0922db0758d6 StaticDependenciesID=f520bba1c5ba28032171fb073d966fad 
Number of updated asset objects reloaded before import = 0Number of asset objects unloaded after import = 1

========================================================================
Received Import Request.
  Time since last request: 0.000027 seconds.
  path: Assets/LowlyPoly/HintsStarsLite/Retro Star Descending 3.wav
  importAddress: Guid(16d0788660e724f44ae05e641af1b222) Importer(2089858483,b0f066a214c2f5e87bad3c948f4d605d)
Start importing Assets/LowlyPoly/HintsStarsLite/Retro Star Descending 3.wav using Guid(16d0788660e724f44ae05e641af1b222) Importer(2089858483,b0f066a214c2f5e87bad3c948f4d605d) (ScriptedImporter) -> (Import Result ID: '649a5ac3399e3a8be316a2d9ba5ae5c0') in 0.0209732 seconds [static and dynamic dependencies]. Details - ImportResultOutputID=0c2415d09043604e43bcede9f9c63eec DependenciesID=caddc2abd2eac52951469b3c958cd0c8 StaticDependenciesID=f4c76c424cd6eaea2c53db703f312582 
Number of updated asset objects reloaded before import = 0Number of asset objects unloaded after import = 1

========================================================================
Received Import Request.
  Time since last request: 0.000030 seconds.
  path: Assets/LowlyPoly/HintsStarsLite/Solo Shimmer 2.wav
  importAddress: Guid(e7d5139a2d2df3f40b2fd91b5c4a0217) Importer(2089858483,b0f066a214c2f5e87bad3c948f4d605d)
Start importing Assets/LowlyPoly/HintsStarsLite/Solo Shimmer 2.wav using Guid(e7d5139a2d2df3f40b2fd91b5c4a0217) Importer(2089858483,b0f066a214c2f5e87bad3c948f4d605d) (ScriptedImporter) -> (Import Result ID: '0376a9e7be63a9da90e31fd365184e6a') in 0.0210167 seconds [static and dynamic dependencies]. Details - ImportResultOutputID=f2f3a2a485dc8f48e10442b873b535fb DependenciesID=751655fbf1dc9d1d3fc4747e22cd2889 StaticDependenciesID=2fbb4bec961056100cccb2aaca2315f8 
Number of updated asset objects reloaded before import = 0Number of asset objects unloaded after import = 1

========================================================================
Received Import Request.
  Time since last request: 0.000039 seconds.
  path: Assets/LowlyPoly/HintsStarsLite/Magic Score 8.wav
  importAddress: Guid(b7b21f9a60172844dbf194c6b25f40dd) Importer(2089858483,b0f066a214c2f5e87bad3c948f4d605d)
Start importing Assets/LowlyPoly/HintsStarsLite/Magic Score 8.wav using Guid(b7b21f9a60172844dbf194c6b25f40dd) Importer(2089858483,b0f066a214c2f5e87bad3c948f4d605d) (ScriptedImporter) -> (Import Result ID: 'aabbc15fcd840e85279304d765fb8b9d') in 0.0194133 seconds [static and dynamic dependencies]. Details - ImportResultOutputID=c8ef1939f2f01b2e1863d8d74b473f02 DependenciesID=21886e1a01a3317247649f78c22204da StaticDependenciesID=28f31270833857f6d48ba784a9fb2c0e 
Number of updated asset objects reloaded before import = 0Number of asset objects unloaded after import = 1

========================================================================
Received Import Request.
  Time since last request: 0.000036 seconds.
  path: Assets/LowlyPoly/HintsStarsLite/Score Point 2.wav
  importAddress: Guid(28a7e67ca249e874887b4c601e4f5e1b) Importer(2089858483,b0f066a214c2f5e87bad3c948f4d605d)
Start importing Assets/LowlyPoly/HintsStarsLite/Score Point 2.wav using Guid(28a7e67ca249e874887b4c601e4f5e1b) Importer(2089858483,b0f066a214c2f5e87bad3c948f4d605d) (ScriptedImporter) -> (Import Result ID: '59fae477648bf9f912f1229a43794694') in 0.0152369 seconds [static and dynamic dependencies]. Details - ImportResultOutputID=d0ba53b1f051a2987734e84e0a32e57c DependenciesID=844d5a248016aba8d9d41ca44d951ec1 StaticDependenciesID=8fc94e81dd5fdc313681b397afd6489f 
Number of updated asset objects reloaded before import = 0Number of asset objects unloaded after import = 1

========================================================================
Received Import Request.
  Time since last request: 0.000024 seconds.
  path: Assets/LowlyPoly/HintsStarsLite/Approved 1.wav
  importAddress: Guid(d296adf47dd0a514fbd36b5ff7df9f9c) Importer(2089858483,b0f066a214c2f5e87bad3c948f4d605d)
Start importing Assets/LowlyPoly/HintsStarsLite/Approved 1.wav using Guid(d296adf47dd0a514fbd36b5ff7df9f9c) Importer(2089858483,b0f066a214c2f5e87bad3c948f4d605d) (ScriptedImporter) -> (Import Result ID: '60280aa3daf29846e3458dc84d62638d') in 0.018924 seconds [static and dynamic dependencies]. Details - ImportResultOutputID=9b28dda9de5e908b2ab7f1852a8d6040 DependenciesID=01272688f15d24e03af927cf8df8f693 StaticDependenciesID=3bf4079f2cf9e1a66a3890d317865518 
Number of updated asset objects reloaded before import = 0Number of asset objects unloaded after import = 1

========================================================================
Received Import Request.
  Time since last request: 0.000037 seconds.
  path: Assets/LowlyPoly/HintsStarsLite/Discovery 1.wav
  importAddress: Guid(67583b1df87740e41b2542fe351fd91d) Importer(2089858483,b0f066a214c2f5e87bad3c948f4d605d)
Start importing Assets/LowlyPoly/HintsStarsLite/Discovery 1.wav using Guid(67583b1df87740e41b2542fe351fd91d) Importer(2089858483,b0f066a214c2f5e87bad3c948f4d605d) (ScriptedImporter) -> (Import Result ID: '2791681ea95a30052f9d80785f3be1e3') in 0.0177369 seconds [static and dynamic dependencies]. Details - ImportResultOutputID=59329a580a20277f3d1071eb6acf264d DependenciesID=aa923cbf8b143073113a52af27bb011b StaticDependenciesID=7ec345b3d8f1b3a948ecf15d363455f1 
Number of updated asset objects reloaded before import = 0Number of asset objects unloaded after import = 1

========================================================================
Received Import Request.
  Time since last request: 0.000032 seconds.
  path: Assets/LowlyPoly/HintsStarsLite/Ascending Mystery 1.wav
  importAddress: Guid(c4ba6436bdf9d134894c132824def13f) Importer(2089858483,b0f066a214c2f5e87bad3c948f4d605d)
Start importing Assets/LowlyPoly/HintsStarsLite/Ascending Mystery 1.wav using Guid(c4ba6436bdf9d134894c132824def13f) Importer(2089858483,b0f066a214c2f5e87bad3c948f4d605d) (ScriptedImporter) -> (Import Result ID: '327cab70a8cfc36fce5d89a6e16d5406') in 0.0174764 seconds [static and dynamic dependencies]. Details - ImportResultOutputID=56b38c2c12a5b40c6c2b75d843f394d8 DependenciesID=37a01f091992924512f3c3bb966cb970 StaticDependenciesID=4f6e1269ad238dda901503f252f086a4 
Number of updated asset objects reloaded before import = 0Number of asset objects unloaded after import = 1

========================================================================
Received Import Request.
  Time since last request: 0.000037 seconds.
  path: Assets/LowlyPoly/HintsStarsLite/Harp Money 1.wav
  importAddress: Guid(c58a6e6d4ceb56e4882a7d60561a7afc) Importer(2089858483,b0f066a214c2f5e87bad3c948f4d605d)
Start importing Assets/LowlyPoly/HintsStarsLite/Harp Money 1.wav using Guid(c58a6e6d4ceb56e4882a7d60561a7afc) Importer(2089858483,b0f066a214c2f5e87bad3c948f4d605d) (ScriptedImporter) -> (Import Result ID: 'b72e495d1117a959a422e787bc6d6870') in 0.0200361 seconds [static and dynamic dependencies]. Details - ImportResultOutputID=2c52d2d771438b8da60677b8604f7764 DependenciesID=8daf1a7c2a0221996a7b20e87ebe43c5 StaticDependenciesID=5432afca872e39eff7874f4275103787 
Number of updated asset objects reloaded before import = 0Number of asset objects unloaded after import = 1

========================================================================
Received Import Request.
  Time since last request: 0.000023 seconds.
  path: Assets/LowlyPoly/HintsStarsLite/Shimmery Reward 5.wav
  importAddress: Guid(6e7f23ef945c235438595e89d6332d46) Importer(2089858483,b0f066a214c2f5e87bad3c948f4d605d)
Start importing Assets/LowlyPoly/HintsStarsLite/Shimmery Reward 5.wav using Guid(6e7f23ef945c235438595e89d6332d46) Importer(2089858483,b0f066a214c2f5e87bad3c948f4d605d) (ScriptedImporter) -> (Import Result ID: '147841806498eb3bd054cd4d6aeef71e') in 0.0196519 seconds [static and dynamic dependencies]. Details - ImportResultOutputID=54e9526eb6cdc89b3e7a29606a3ed937 DependenciesID=3b8eae3ad20e82ef49eedce336256fca StaticDependenciesID=d4f32e07e9821207cdecd89145ad9c18 
Number of updated asset objects reloaded before import = 0Number of asset objects unloaded after import = 1

========================================================================
Received Import Request.
  Time since last request: 0.000026 seconds.
  path: Assets/LowlyPoly/HintsStarsLite/Magic Score 9.wav
  importAddress: Guid(46e7fc2590c4ae64fb8c79606698b98d) Importer(2089858483,b0f066a214c2f5e87bad3c948f4d605d)
Start importing Assets/LowlyPoly/HintsStarsLite/Magic Score 9.wav using Guid(46e7fc2590c4ae64fb8c79606698b98d) Importer(2089858483,b0f066a214c2f5e87bad3c948f4d605d) (ScriptedImporter) -> (Import Result ID: '9f8dabef7deeb5b9e3a7f4e87c0683ea') in 0.0193978 seconds [static and dynamic dependencies]. Details - ImportResultOutputID=dc9abdb6d205fad330623de3c34536aa DependenciesID=0a317762b7f5ef01e8c4d00b28bba869 StaticDependenciesID=77972c2ebc30c8ff00db9f4628de639f 
Number of updated asset objects reloaded before import = 0Number of asset objects unloaded after import = 1

========================================================================
Received Import Request.
  Time since last request: 38.860609 seconds.
  path: Assets/Game GUI Vol1/PurpleRock/PNG/Star.png
  importAddress: Guid(0fd1070f9532941f6a6fdf5719a3fd1a) Importer(2089858483,b0f066a214c2f5e87bad3c948f4d605d)
Start importing Assets/Game GUI Vol1/PurpleRock/PNG/Star.png using Guid(0fd1070f9532941f6a6fdf5719a3fd1a) Importer(2089858483,b0f066a214c2f5e87bad3c948f4d605d) (ScriptedImporter) -> (Import Result ID: '5f5547ef25c016b7ac0314d538ede745') in 0.5681146 seconds [static and dynamic dependencies]. Details - ImportResultOutputID=44ec454937bf5c67f1c753adadeaee04 DependenciesID=bc5613818fbb0c515430ee99c7394c96 StaticDependenciesID=9b0bf9e02e06ba4c8fe58b579d731d52 
Number of updated asset objects reloaded before import = 0Number of asset objects unloaded after import = 3

========================================================================
Received Import Request.
  Time since last request: 0.000222 seconds.
  path: Assets/Game GUI Vol1/Playful/PNG/Play.png
  importAddress: Guid(ce857edf439f7445da139f48a7f3dcd4) Importer(2089858483,b0f066a214c2f5e87bad3c948f4d605d)
Start importing Assets/Game GUI Vol1/Playful/PNG/Play.png using Guid(ce857edf439f7445da139f48a7f3dcd4) Importer(2089858483,b0f066a214c2f5e87bad3c948f4d605d) (ScriptedImporter) -> (Import Result ID: '130e45e55db83db5d3394f76bf872a06') in 0.0288408 seconds [static and dynamic dependencies]. Details - ImportResultOutputID=82e92fab006ccbaac0a03dcb78d34edd DependenciesID=262e1ac03b47e32cdbcf6c169d381541 StaticDependenciesID=9e5571c6a2a1e66d4af0e117c13d3179 
Number of updated asset objects reloaded before import = 0Number of asset objects unloaded after import = 3

========================================================================
Received Import Request.
  Time since last request: 0.000054 seconds.
  path: Assets/Game GUI Vol1/WoodenBlocks/PNG/Yes.png
  importAddress: Guid(9a448cbb837364621a5bbd09082913a6) Importer(2089858483,b0f066a214c2f5e87bad3c948f4d605d)
Start importing Assets/Game GUI Vol1/WoodenBlocks/PNG/Yes.png using Guid(9a448cbb837364621a5bbd09082913a6) Importer(2089858483,b0f066a214c2f5e87bad3c948f4d605d) (ScriptedImporter) -> (Import Result ID: '79f6ab25f7c5df48885e62bd02df5681') in 0.025925 seconds [static and dynamic dependencies]. Details - ImportResultOutputID=4bce3e45eea4f6ddc86116ca52832552 DependenciesID=4024a75acc51343af469deb83a593423 StaticDependenciesID=70bdb0569866ee5555755856d0b8847f 
Number of updated asset objects reloaded before import = 0Number of asset objects unloaded after import = 3

========================================================================
Received Import Request.
  Time since last request: 0.000036 seconds.
  path: Assets/Game GUI Vol1/WoodenBlocks/PNG/Restart.png
  importAddress: Guid(59e899b457bb24211ba8899f1a5d1d8b) Importer(2089858483,b0f066a214c2f5e87bad3c948f4d605d)
Start importing Assets/Game GUI Vol1/WoodenBlocks/PNG/Restart.png using Guid(59e899b457bb24211ba8899f1a5d1d8b) Importer(2089858483,b0f066a214c2f5e87bad3c948f4d605d) (ScriptedImporter) -> (Import Result ID: 'caf79558a2554e75b06268192cfd8a8f') in 0.0254027 seconds [static and dynamic dependencies]. Details - ImportResultOutputID=d02d2d031cbbf2a9373d51b54f7f9493 DependenciesID=10b6123861f792e95d7628f70fcca256 StaticDependenciesID=f6a0861b7a7b82a11fa3a1e5a678404d 
Number of updated asset objects reloaded before import = 0Number of asset objects unloaded after import = 3

========================================================================
Received Import Request.
  Time since last request: 0.000021 seconds.
  path: Assets/Game GUI Vol1/LazyDay/PNG/SoundON.png
  importAddress: Guid(493fd7d0e626d4db091f50928058f0b8) Importer(2089858483,b0f066a214c2f5e87bad3c948f4d605d)
Start importing Assets/Game GUI Vol1/LazyDay/PNG/SoundON.png using Guid(493fd7d0e626d4db091f50928058f0b8) Importer(2089858483,b0f066a214c2f5e87bad3c948f4d605d) (ScriptedImporter) -> (Import Result ID: '7a14aa78a4e496903586727c78584248') in 0.0321551 seconds [static and dynamic dependencies]. Details - ImportResultOutputID=f1c468f2543850f9a6bd997e26eb41b6 DependenciesID=593919977127e15968f49b66be59fea0 StaticDependenciesID=931b0ea4ead200965929c1286652aef0 
Number of updated asset objects reloaded before import = 0Number of asset objects unloaded after import = 3

========================================================================
Received Import Request.
  Time since last request: 0.000026 seconds.
  path: Assets/Game GUI Vol1/PurpleRock/Vector
  importAddress: Guid(bf2d114789f774ffb90bcd24af1e9970) Importer(2089858483,b0f066a214c2f5e87bad3c948f4d605d)
Start importing Assets/Game GUI Vol1/PurpleRock/Vector using Guid(bf2d114789f774ffb90bcd24af1e9970) Importer(2089858483,b0f066a214c2f5e87bad3c948f4d605d) (ScriptedImporter) -> (Import Result ID: 'fde964a56720f438ce688db1ba56dd44') in 0.0221385 seconds [static and dynamic dependencies]. Details - ImportResultOutputID=18630227226c85f77bfb6396cba6c81b DependenciesID=fb763a30577e1f21cd4f31ae8f4bea94 StaticDependenciesID=15d4a94d8e11daf2d85ce98707ed9e34 
Number of updated asset objects reloaded before import = 0Number of asset objects unloaded after import = 1

========================================================================
Received Import Request.
  Time since last request: 0.000028 seconds.
  path: Assets/Game GUI Vol1/Playful/PNG/Menu.png
  importAddress: Guid(18937ce52bb4c4ba8adefb39eebdbf73) Importer(2089858483,b0f066a214c2f5e87bad3c948f4d605d)
Start importing Assets/Game GUI Vol1/Playful/PNG/Menu.png using Guid(18937ce52bb4c4ba8adefb39eebdbf73) Importer(2089858483,b0f066a214c2f5e87bad3c948f4d605d) (ScriptedImporter) -> (Import Result ID: 'b091cf237522a07fd5c4ab86b2db7f67') in 0.0261826 seconds [static and dynamic dependencies]. Details - ImportResultOutputID=764173962cf12ead2955bd46d0afd399 DependenciesID=0782f2c5c8b7d6f627ef6e2f7cb5e41c StaticDependenciesID=30f2c3f921e47d1269c6d8a3946420bf 
Number of updated asset objects reloaded before import = 0Number of asset objects unloaded after import = 3

========================================================================
Received Import Request.
  Time since last request: 0.000022 seconds.
  path: Assets/Game GUI Vol1/PurpleRock/PNG/Menu.png
  importAddress: Guid(5607024d493b549c69e86596366a7fa2) Importer(2089858483,b0f066a214c2f5e87bad3c948f4d605d)
Start importing Assets/Game GUI Vol1/PurpleRock/PNG/Menu.png using Guid(5607024d493b549c69e86596366a7fa2) Importer(2089858483,b0f066a214c2f5e87bad3c948f4d605d) (ScriptedImporter) -> (Import Result ID: '579da12523be6a0cbfc1766d36183183') in 0.0272681 seconds [static and dynamic dependencies]. Details - ImportResultOutputID=6c2abb456914b8563ccf25377b2e3b7d DependenciesID=f269dbb7af283a8bb21a27d57bff3a65 StaticDependenciesID=06275bb00903b24512f0e88e0471492e 
Number of updated asset objects reloaded before import = 0Number of asset objects unloaded after import = 3

========================================================================
Received Import Request.
  Time since last request: 0.000031 seconds.
  path: Assets/Game GUI Vol1/WoodenBlocks/PNG/Trophy.png
  importAddress: Guid(368f6f2553af84f4fb74cea5340541ed) Importer(2089858483,b0f066a214c2f5e87bad3c948f4d605d)
Start importing Assets/Game GUI Vol1/WoodenBlocks/PNG/Trophy.png using Guid(368f6f2553af84f4fb74cea5340541ed) Importer(2089858483,b0f066a214c2f5e87bad3c948f4d605d) (ScriptedImporter) -> (Import Result ID: 'b03fe630dc29f8a3e124ed8d91e273eb') in 0.0253441 seconds [static and dynamic dependencies]. Details - ImportResultOutputID=15c6f57366be23a90ff5df90db22cdb8 DependenciesID=415fd7bd50d6ca9989c7c8d4d578a319 StaticDependenciesID=e8fce1932e7c8e96c1ff13066a866272 
Number of updated asset objects reloaded before import = 0Number of asset objects unloaded after import = 3

========================================================================
Received Import Request.
  Time since last request: 0.000031 seconds.
  path: Assets/Game GUI Vol1/WoodenBlocks/PNG/SoundOFF.png
  importAddress: Guid(c66941a5047f24dadb66035a5ed07773) Importer(2089858483,b0f066a214c2f5e87bad3c948f4d605d)
Start importing Assets/Game GUI Vol1/WoodenBlocks/PNG/SoundOFF.png using Guid(c66941a5047f24dadb66035a5ed07773) Importer(2089858483,b0f066a214c2f5e87bad3c948f4d605d) (ScriptedImporter) -> (Import Result ID: '2b186decc9b7153a6388e14e850f6dba') in 0.0234715 seconds [static and dynamic dependencies]. Details - ImportResultOutputID=4fd8a984fd68d867619a6d16ea0ec169 DependenciesID=4c20ba953426df8fa22b7fda257adc43 StaticDependenciesID=82bd3fe32661a333e60c0d9ec0293bc6 
Number of updated asset objects reloaded before import = 0Number of asset objects unloaded after import = 3

========================================================================
Received Import Request.
  Time since last request: 0.000036 seconds.
  path: Assets/Game GUI Vol1/PurpleRock/Vector/PurpleRock.ai
  importAddress: Guid(4d9b618a8b47843599a84bd9dcf204d6) Importer(2089858483,b0f066a214c2f5e87bad3c948f4d605d)
Start importing Assets/Game GUI Vol1/PurpleRock/Vector/PurpleRock.ai using Guid(4d9b618a8b47843599a84bd9dcf204d6) Importer(2089858483,b0f066a214c2f5e87bad3c948f4d605d) (ScriptedImporter) -> (Import Result ID: '0b4279ffccd74f2ebddf652725d28b36') in 0.0217894 seconds [static and dynamic dependencies]. Details - ImportResultOutputID=a573982388cb8c89f7b07a1c189645bc DependenciesID=5cc5a257e26a23453099c2f1fc00ac6f StaticDependenciesID=4fec4dfb165dc238579befb842b91f6d 
Number of updated asset objects reloaded before import = 0Number of asset objects unloaded after import = 1

========================================================================
Received Import Request.
  Time since last request: 0.000024 seconds.
  path: Assets/Game GUI Vol1/LazyDay/PNG/Cancel.png
  importAddress: Guid(1c8431185995a43f4a7544bcb872b5db) Importer(2089858483,b0f066a214c2f5e87bad3c948f4d605d)
Start importing Assets/Game GUI Vol1/LazyDay/PNG/Cancel.png using Guid(1c8431185995a43f4a7544bcb872b5db) Importer(2089858483,b0f066a214c2f5e87bad3c948f4d605d) (ScriptedImporter) -> (Import Result ID: 'a3f84d0f90752031a1006e22eb15d243') in 0.0225634 seconds [static and dynamic dependencies]. Details - ImportResultOutputID=e93d6f2d90df0b9a3e07d1dd1bf97d05 DependenciesID=2f3417f0a46465d7e9831f3ad745cb32 StaticDependenciesID=b59914714de485837c2c93098ea39810 
Number of updated asset objects reloaded before import = 0Number of asset objects unloaded after import = 3

========================================================================
Received Import Request.
  Time since last request: 0.000032 seconds.
  path: Assets/Game GUI Vol1/Playful/PNG/Restart.png
  importAddress: Guid(f411799d2db434ea7a9cad5c2cbb23d1) Importer(2089858483,b0f066a214c2f5e87bad3c948f4d605d)
Start importing Assets/Game GUI Vol1/Playful/PNG/Restart.png using Guid(f411799d2db434ea7a9cad5c2cbb23d1) Importer(2089858483,b0f066a214c2f5e87bad3c948f4d605d) (ScriptedImporter) -> (Import Result ID: 'd8fa3a6be9053a0561e0f985c27214a2') in 0.0210748 seconds [static and dynamic dependencies]. Details - ImportResultOutputID=753b9dc83aa959507d3b0237461b2d41 DependenciesID=3d5e64633cc5c46723ef62c356f4b0d4 StaticDependenciesID=a62f79568943fd8c122ee72b02c3bb14 
Number of updated asset objects reloaded before import = 0Number of asset objects unloaded after import = 3

========================================================================
Received Import Request.
  Time since last request: 0.000026 seconds.
  path: Assets/Game GUI Vol1/Playful
  importAddress: Guid(e2241a48886d9439e9c3337c226b104b) Importer(2089858483,b0f066a214c2f5e87bad3c948f4d605d)
Start importing Assets/Game GUI Vol1/Playful using Guid(e2241a48886d9439e9c3337c226b104b) Importer(2089858483,b0f066a214c2f5e87bad3c948f4d605d) (ScriptedImporter) -> (Import Result ID: '170037b40c02983ef8260a539f2d8c7c') in 0.014148 seconds [static and dynamic dependencies]. Details - ImportResultOutputID=dd8757a94b429c66759eedaf75d88d4f DependenciesID=c1cc244ea1f1966c6566c49b2aeed675 StaticDependenciesID=6b10f63a583123204d4d71573a30fdf2 
Number of updated asset objects reloaded before import = 0Number of asset objects unloaded after import = 1

========================================================================
Received Import Request.
  Time since last request: 0.000038 seconds.
  path: Assets/Game GUI Vol1/LazyDay/PNG/RightArrow2.png
  importAddress: Guid(158d9e70551a94b70b0ef8b0ff7e3183) Importer(2089858483,b0f066a214c2f5e87bad3c948f4d605d)
Start importing Assets/Game GUI Vol1/LazyDay/PNG/RightArrow2.png using Guid(158d9e70551a94b70b0ef8b0ff7e3183) Importer(2089858483,b0f066a214c2f5e87bad3c948f4d605d) (ScriptedImporter) -> (Import Result ID: '0754ef07d0dbab9ca3868ca8c563387d') in 0.0240959 seconds [static and dynamic dependencies]. Details - ImportResultOutputID=cbe7129399bb44b2d65c98f9280946bd DependenciesID=e54be8f86b1bb75dc75b4d8b2e42f013 StaticDependenciesID=f24b0bded9eef659ed8daa460f2516c2 
Number of updated asset objects reloaded before import = 0Number of asset objects unloaded after import = 3

========================================================================
Received Import Request.
  Time since last request: 0.000028 seconds.
  path: Assets/Game GUI Vol1/WoodenBlocks/PNG/RightArrow.png
  importAddress: Guid(29511ee6c48ef4fe7ad496aba8b4036e) Importer(2089858483,b0f066a214c2f5e87bad3c948f4d605d)
Start importing Assets/Game GUI Vol1/WoodenBlocks/PNG/RightArrow.png using Guid(29511ee6c48ef4fe7ad496aba8b4036e) Importer(2089858483,b0f066a214c2f5e87bad3c948f4d605d) (ScriptedImporter) -> (Import Result ID: '13c5853061b989e1dd321f09c3c34e0c') in 0.0252221 seconds [static and dynamic dependencies]. Details - ImportResultOutputID=0d062d3001d808806cfea97f483fa639 DependenciesID=86c982d4add639d19091f19a13754ceb StaticDependenciesID=1fb1f6dc1285bec0baa53fbc81fb59c3 
Number of updated asset objects reloaded before import = 0Number of asset objects unloaded after import = 3

========================================================================
Received Import Request.
  Time since last request: 0.000029 seconds.
  path: Assets/Game GUI Vol1/WoodenBlocks/PNG/GameCenter.png
  importAddress: Guid(e8750dbfc75fb48f78495a60b50d42cc) Importer(2089858483,b0f066a214c2f5e87bad3c948f4d605d)
Start importing Assets/Game GUI Vol1/WoodenBlocks/PNG/GameCenter.png using Guid(e8750dbfc75fb48f78495a60b50d42cc) Importer(2089858483,b0f066a214c2f5e87bad3c948f4d605d) (ScriptedImporter) -> (Import Result ID: 'aa24c6e5c53baad41ac2d6203e7bd42c') in 0.0207334 seconds [static and dynamic dependencies]. Details - ImportResultOutputID=db2b3fe74ac41f472c1e861c65f1947d DependenciesID=636757574eeb31ffeb8e4404f336ecb9 StaticDependenciesID=27df22fdf2900c1a3e55ebeb266b3e00 
Number of updated asset objects reloaded before import = 0Number of asset objects unloaded after import = 3

========================================================================
Received Import Request.
  Time since last request: 0.000035 seconds.
  path: Assets/Game GUI Vol1/WoodenBlocks/Sprites/WoodenBG-resized.png
  importAddress: Guid(278249b5f3eca4d38be55ca9a2a87e0c) Importer(2089858483,b0f066a214c2f5e87bad3c948f4d605d)
Start importing Assets/Game GUI Vol1/WoodenBlocks/Sprites/WoodenBG-resized.png using Guid(278249b5f3eca4d38be55ca9a2a87e0c) Importer(2089858483,b0f066a214c2f5e87bad3c948f4d605d) (ScriptedImporter) -> (Import Result ID: '498dea2b4781a0b448c4bde6d02271e8') in 0.0227874 seconds [static and dynamic dependencies]. Details - ImportResultOutputID=5a0d2c4999fd9a9e288a2029737580bb DependenciesID=1e3543a901f29bb12037945916ca359d StaticDependenciesID=811fed45fee36943f07f1ad4f28dff07 
Number of updated asset objects reloaded before import = 0Number of asset objects unloaded after import = 3

========================================================================
Received Import Request.
  Time since last request: 0.000085 seconds.
  path: Assets/Game GUI Vol1/WoodenBlocks/PNG/Menu.png
  importAddress: Guid(21a4f3d60a402429ebe35a661aa8a158) Importer(2089858483,b0f066a214c2f5e87bad3c948f4d605d)
Start importing Assets/Game GUI Vol1/WoodenBlocks/PNG/Menu.png using Guid(21a4f3d60a402429ebe35a661aa8a158) Importer(2089858483,b0f066a214c2f5e87bad3c948f4d605d) (ScriptedImporter) -> (Import Result ID: '60ee9e578e0ee9df63fbcfc5e20a4bb3') in 0.0215275 seconds [static and dynamic dependencies]. Details - ImportResultOutputID=3e723778ebbae4cac571292a4ba09932 DependenciesID=17c8f5b52cd79ef4f57a79890a223680 StaticDependenciesID=aeb015d334a170b770275e44ba2e1109 
Number of updated asset objects reloaded before import = 0Number of asset objects unloaded after import = 3

========================================================================
Received Import Request.
  Time since last request: 0.000019 seconds.
  path: Assets/Game GUI Vol1/LazyDay/PNG/Backward.png
  importAddress: Guid(64a5151e5a4ed4c8b9a85b7e853e6d2f) Importer(2089858483,b0f066a214c2f5e87bad3c948f4d605d)
Start importing Assets/Game GUI Vol1/LazyDay/PNG/Backward.png using Guid(64a5151e5a4ed4c8b9a85b7e853e6d2f) Importer(2089858483,b0f066a214c2f5e87bad3c948f4d605d) (ScriptedImporter) -> (Import Result ID: 'fc6e7307d54c7dbe72fd61d09e4551ba') in 0.0238555 seconds [static and dynamic dependencies]. Details - ImportResultOutputID=d4dea6ffb41c292bb0d7ceaf69717aef DependenciesID=43865b0ed4ac840f8aa3d485d2c0add9 StaticDependenciesID=8aab6ea9dbae1eb02bf396d7de5884b7 
Number of updated asset objects reloaded before import = 0Number of asset objects unloaded after import = 3

========================================================================
Received Import Request.
  Time since last request: 0.000021 seconds.
  path: Assets/Game GUI Vol1/PurpleRock
  importAddress: Guid(7220f08cef8c64913b53ddf5fc0ac77b) Importer(2089858483,b0f066a214c2f5e87bad3c948f4d605d)
Start importing Assets/Game GUI Vol1/PurpleRock using Guid(7220f08cef8c64913b53ddf5fc0ac77b) Importer(2089858483,b0f066a214c2f5e87bad3c948f4d605d) (ScriptedImporter) -> (Import Result ID: '6deb68da3f33318fe9a1d088a0bef451') in 0.0163227 seconds [static and dynamic dependencies]. Details - ImportResultOutputID=0d777a7a95ffbfa0f9768844dee28aee DependenciesID=f55089af4449b1cd63330e8e9e1499cb StaticDependenciesID=fca5d5255bfabe49a7f1c9427c532815 
Number of updated asset objects reloaded before import = 0Number of asset objects unloaded after import = 1

========================================================================
Received Import Request.
  Time since last request: 0.000025 seconds.
  path: Assets/Game GUI Vol1/WoodenBlocks/PNG/Cancel.png
  importAddress: Guid(a1189c50db75e4f4e9e3df411acfd7cd) Importer(2089858483,b0f066a214c2f5e87bad3c948f4d605d)
Start importing Assets/Game GUI Vol1/WoodenBlocks/PNG/Cancel.png using Guid(a1189c50db75e4f4e9e3df411acfd7cd) Importer(2089858483,b0f066a214c2f5e87bad3c948f4d605d) (ScriptedImporter) -> (Import Result ID: '0403430d7876a391808fb6a86744314d') in 0.0193048 seconds [static and dynamic dependencies]. Details - ImportResultOutputID=9a63fc683f7d7d87fa533e023b896970 DependenciesID=7f71b85b111ec79c11008b06bf3c0d49 StaticDependenciesID=dd7dccfaddd5946acf3e5a908d486c74 
Number of updated asset objects reloaded before import = 0Number of asset objects unloaded after import = 3

========================================================================
Received Import Request.
  Time since last request: 0.000046 seconds.
  path: Assets/Game GUI Vol1/PreviewScenes/WoodenBlocksPreviewSettings.lighting
  importAddress: Guid(bd5e064a1bf90be499cad7aa84565d63) Importer(2089858483,b0f066a214c2f5e87bad3c948f4d605d)
Start importing Assets/Game GUI Vol1/PreviewScenes/WoodenBlocksPreviewSettings.lighting using Guid(bd5e064a1bf90be499cad7aa84565d63) Importer(2089858483,b0f066a214c2f5e87bad3c948f4d605d) (ScriptedImporter)LightingSettings: switching bake backend from 2 to 1.
 -> (Import Result ID: '3e4a8b0d52a1472a4fc57a5b53a69de9') in 0.0515106 seconds [static and dynamic dependencies]. Details - ImportResultOutputID=d5aa57563731c57e9f0ee9b47921de6c DependenciesID=8ac90a6d4685c3e02e5733df7baef173 StaticDependenciesID=7dcf97031b7523a0a9439206cd22d2a5 
Number of updated asset objects reloaded before import = 0Number of asset objects unloaded after import = 1

========================================================================
Received Import Request.
  Time since last request: 0.000023 seconds.
  path: Assets/Game GUI Vol1/Playful/PNG/GameCenter.png
  importAddress: Guid(d7d1f598ffbd7431084c443549689ad9) Importer(2089858483,b0f066a214c2f5e87bad3c948f4d605d)
Start importing Assets/Game GUI Vol1/Playful/PNG/GameCenter.png using Guid(d7d1f598ffbd7431084c443549689ad9) Importer(2089858483,b0f066a214c2f5e87bad3c948f4d605d) (ScriptedImporter) -> (Import Result ID: 'b9ec64b4b7de8602d0620ed4086d64a7') in 0.0207681 seconds [static and dynamic dependencies]. Details - ImportResultOutputID=fa1e0fb9bb22400e4d173eb97cba13e7 DependenciesID=2fd5d5cf6c2aa89742320130e2872d84 StaticDependenciesID=229f6ee24bfbabf6c4c93a677fb91b85 
Number of updated asset objects reloaded before import = 0Number of asset objects unloaded after import = 3

========================================================================
Received Import Request.
  Time since last request: 0.000038 seconds.
  path: Assets/Game GUI Vol1/Playful/PNG/Home.png
  importAddress: Guid(dc784d03a5bcb48e79ea5faa09963f99) Importer(2089858483,b0f066a214c2f5e87bad3c948f4d605d)
Start importing Assets/Game GUI Vol1/Playful/PNG/Home.png using Guid(dc784d03a5bcb48e79ea5faa09963f99) Importer(2089858483,b0f066a214c2f5e87bad3c948f4d605d) (ScriptedImporter) -> (Import Result ID: '6afffe549574cfc504d702903379ecf8') in 0.0201178 seconds [static and dynamic dependencies]. Details - ImportResultOutputID=18934a94b815245d59358099afa3be8e DependenciesID=f514d07e6728759abb43b33177cbf8c7 StaticDependenciesID=7f9a7dbf4afc99c53b40188b12baf8c4 
Number of updated asset objects reloaded before import = 0Number of asset objects unloaded after import = 3

========================================================================
Received Import Request.
  Time since last request: 0.000034 seconds.
  path: Assets/Game GUI Vol1/PurpleRock/PNG/Twitter.png
  importAddress: Guid(6dc0c810562fd40d480bb4a2b0e2c3eb) Importer(2089858483,b0f066a214c2f5e87bad3c948f4d605d)
Start importing Assets/Game GUI Vol1/PurpleRock/PNG/Twitter.png using Guid(6dc0c810562fd40d480bb4a2b0e2c3eb) Importer(2089858483,b0f066a214c2f5e87bad3c948f4d605d) (ScriptedImporter) -> (Import Result ID: '4fdb8666c2f94f6617811e9dd45a5928') in 0.0210782 seconds [static and dynamic dependencies]. Details - ImportResultOutputID=4fada2ceb1fd6f1b461d04976c431e16 DependenciesID=0c0118e899fb09d3d4a2c78c8dd2c230 StaticDependenciesID=a7d090baf2bd5130351b6c310f0d7958 
Number of updated asset objects reloaded before import = 0Number of asset objects unloaded after import = 3

========================================================================
Received Import Request.
  Time since last request: 0.000121 seconds.
  path: Assets/Game GUI Vol1/PurpleRock/PNG/QuestionMark.png
  importAddress: Guid(c80083ffcc8ea4523bd1a19b87fa03f0) Importer(2089858483,b0f066a214c2f5e87bad3c948f4d605d)
Start importing Assets/Game GUI Vol1/PurpleRock/PNG/QuestionMark.png using Guid(c80083ffcc8ea4523bd1a19b87fa03f0) Importer(2089858483,b0f066a214c2f5e87bad3c948f4d605d) (ScriptedImporter) -> (Import Result ID: '411c76fe963313358f2324ba679a4eda') in 0.026536 seconds [static and dynamic dependencies]. Details - ImportResultOutputID=ce9f5ac75bda6f279de2f6ac28d52b6e DependenciesID=dc6a0a3c5f0434f5a8f5386e83ac9267 StaticDependenciesID=554ea66da3a3ac49682337f31653adf7 
Number of updated asset objects reloaded before import = 0Number of asset objects unloaded after import = 3

========================================================================
Received Import Request.
  Time since last request: 0.000022 seconds.
  path: Assets/Game GUI Vol1/PurpleRock/PNG/Plus.png
  importAddress: Guid(95f2deec6adc349d593041107b4f54dd) Importer(2089858483,b0f066a214c2f5e87bad3c948f4d605d)
Start importing Assets/Game GUI Vol1/PurpleRock/PNG/Plus.png using Guid(95f2deec6adc349d593041107b4f54dd) Importer(2089858483,b0f066a214c2f5e87bad3c948f4d605d) (ScriptedImporter) -> (Import Result ID: 'fc8d3507048d5402e8f2d9dc1310b835') in 0.0244388 seconds [static and dynamic dependencies]. Details - ImportResultOutputID=fb702333c34cf6e685583c85a5ae3e5d DependenciesID=8d9bc8b9790c24a1965a69850949c281 StaticDependenciesID=69e795f6ae1bb2c2518fd9e4ea25c5ba 
Number of updated asset objects reloaded before import = 0Number of asset objects unloaded after import = 3

========================================================================
Received Import Request.
  Time since last request: 0.000027 seconds.
  path: Assets/Game GUI Vol1/WoodenBlocks/PNG/Star.png
  importAddress: Guid(e1e3e64dac28149d1bf7e15801897c70) Importer(2089858483,b0f066a214c2f5e87bad3c948f4d605d)
Start importing Assets/Game GUI Vol1/WoodenBlocks/PNG/Star.png using Guid(e1e3e64dac28149d1bf7e15801897c70) Importer(2089858483,b0f066a214c2f5e87bad3c948f4d605d) (ScriptedImporter) -> (Import Result ID: 'b2263f4b0737581411bc32bddb04520c') in 0.0224295 seconds [static and dynamic dependencies]. Details - ImportResultOutputID=fb7792872c2f3edd08a949c1ceeb850c DependenciesID=fcb1188454a0fad7c50ea56a12ca726d StaticDependenciesID=5b49edc853af92971456818c5eb3c05d 
Number of updated asset objects reloaded before import = 0Number of asset objects unloaded after import = 3

========================================================================
Received Import Request.
  Time since last request: 0.000027 seconds.
  path: Assets/Game GUI Vol1/LazyDay/PNG/Minus.png
  importAddress: Guid(7b3ddb33100024118b0f6b51cbb6e7c4) Importer(2089858483,b0f066a214c2f5e87bad3c948f4d605d)
Start importing Assets/Game GUI Vol1/LazyDay/PNG/Minus.png using Guid(7b3ddb33100024118b0f6b51cbb6e7c4) Importer(2089858483,b0f066a214c2f5e87bad3c948f4d605d) (ScriptedImporter) -> (Import Result ID: '4a73acd970928aa9ce2f90dcb725c916') in 0.023292 seconds [static and dynamic dependencies]. Details - ImportResultOutputID=dbe5dfcab9aaa1bf5fcc1c13ffec405a DependenciesID=6c2fe1a95948922e47480843d3ff1ba0 StaticDependenciesID=72c0bc6cf80381fad8462aa8d09edbc1 
Number of updated asset objects reloaded before import = 0Number of asset objects unloaded after import = 3

========================================================================
Received Import Request.
  Time since last request: 0.000041 seconds.
  path: Assets/Game GUI Vol1/WoodenBlocks/PNG/Twitter.png
  importAddress: Guid(7010a400a94bc4ca098a158cd29f6669) Importer(2089858483,b0f066a214c2f5e87bad3c948f4d605d)
Start importing Assets/Game GUI Vol1/WoodenBlocks/PNG/Twitter.png using Guid(7010a400a94bc4ca098a158cd29f6669) Importer(2089858483,b0f066a214c2f5e87bad3c948f4d605d) (ScriptedImporter) -> (Import Result ID: 'e9dd4f1210d7b883a35708f716aa2e36') in 0.0455045 seconds [static and dynamic dependencies]. Details - ImportResultOutputID=f2c74153706262a13162883aece0d135 DependenciesID=72247cd7c676cce56da0a8953b230c5e StaticDependenciesID=cbf0098732af582d60a84c1ca1023c01 
Number of updated asset objects reloaded before import = 0Number of asset objects unloaded after import = 3

========================================================================
Received Import Request.
  Time since last request: 0.000035 seconds.
  path: Assets/Game GUI Vol1/WoodenBlocks/PNG/SoundON.png
  importAddress: Guid(1f146482e13454138889e7b21267f3dc) Importer(2089858483,b0f066a214c2f5e87bad3c948f4d605d)
Start importing Assets/Game GUI Vol1/WoodenBlocks/PNG/SoundON.png using Guid(1f146482e13454138889e7b21267f3dc) Importer(2089858483,b0f066a214c2f5e87bad3c948f4d605d) (ScriptedImporter) -> (Import Result ID: '8a2f77980606cc00b0a09ac3bd382e6f') in 0.0291279 seconds [static and dynamic dependencies]. Details - ImportResultOutputID=22248989128fba8988d717939c4276d2 DependenciesID=5072580419a6d1f7640d5a8b2f8127b3 StaticDependenciesID=1df4dc54b995ff301dc8f6a9b54d46d1 
Number of updated asset objects reloaded before import = 0Number of asset objects unloaded after import = 3

========================================================================
Received Import Request.
  Time since last request: 0.000028 seconds.
  path: Assets/Game GUI Vol1/Playful/PNG/Trophy.png
  importAddress: Guid(186dfa9d9d421454d9da3d5f547f3126) Importer(2089858483,b0f066a214c2f5e87bad3c948f4d605d)
Start importing Assets/Game GUI Vol1/Playful/PNG/Trophy.png using Guid(186dfa9d9d421454d9da3d5f547f3126) Importer(2089858483,b0f066a214c2f5e87bad3c948f4d605d) (ScriptedImporter) -> (Import Result ID: '3722f6147a65eaeef35025abe5b62719') in 0.0200764 seconds [static and dynamic dependencies]. Details - ImportResultOutputID=3542f2315f20a0b4998a391844700a94 DependenciesID=7cb78fa4d0a9c76de83fc636415aa0a7 StaticDependenciesID=d87a7c78cd36f7f240a410718ec773ab 
Number of updated asset objects reloaded before import = 0Number of asset objects unloaded after import = 3

========================================================================
Received Import Request.
  Time since last request: 0.000065 seconds.
  path: Assets/Game GUI Vol1/Playful/PNG/GooglePlus.png
  importAddress: Guid(f81d16fc976584825bd3c0de731a9bbe) Importer(2089858483,b0f066a214c2f5e87bad3c948f4d605d)
Start importing Assets/Game GUI Vol1/Playful/PNG/GooglePlus.png using Guid(f81d16fc976584825bd3c0de731a9bbe) Importer(2089858483,b0f066a214c2f5e87bad3c948f4d605d) (ScriptedImporter) -> (Import Result ID: '1cb0435eefa67a193e9d31f0bbf23518') in 0.0221409 seconds [static and dynamic dependencies]. Details - ImportResultOutputID=1d83c5722070e333ae52e73fd2b09faf DependenciesID=b6e70566b4b5bc378031f5eba412f6de StaticDependenciesID=078cb013929a0b1ed3b039a3b4545b6f 
Number of updated asset objects reloaded before import = 0Number of asset objects unloaded after import = 3

========================================================================
Received Import Request.
  Time since last request: 0.000038 seconds.
  path: Assets/Game GUI Vol1/Playful/PNG
  importAddress: Guid(e9340dfae880043d69e10a56624cfb6e) Importer(2089858483,b0f066a214c2f5e87bad3c948f4d605d)
Start importing Assets/Game GUI Vol1/Playful/PNG using Guid(e9340dfae880043d69e10a56624cfb6e) Importer(2089858483,b0f066a214c2f5e87bad3c948f4d605d) (ScriptedImporter) -> (Import Result ID: '518388ced51b1689e33af0c78874bfe0') in 0.0145564 seconds [static and dynamic dependencies]. Details - ImportResultOutputID=5ce63f2d7a60aa2e7d110872aa9f6452 DependenciesID=73d055feb5d9825ceef5d330a8eb8456 StaticDependenciesID=3288ed7ba0c20f97beede5c9742f22f7 
Number of updated asset objects reloaded before import = 0Number of asset objects unloaded after import = 1

========================================================================
Received Import Request.
  Time since last request: 0.000018 seconds.
  path: Assets/Game GUI Vol1/LazyDay/PNG/Gamecenter.png
  importAddress: Guid(e854657a70607456195b05e45d4ed4b5) Importer(2089858483,b0f066a214c2f5e87bad3c948f4d605d)
Start importing Assets/Game GUI Vol1/LazyDay/PNG/Gamecenter.png using Guid(e854657a70607456195b05e45d4ed4b5) Importer(2089858483,b0f066a214c2f5e87bad3c948f4d605d) (ScriptedImporter) -> (Import Result ID: '12ab0002ab0a5ded69ea74fcad29cb56') in 0.0205748 seconds [static and dynamic dependencies]. Details - ImportResultOutputID=790da37128c2fedded7f650de946e65a DependenciesID=49bdbfac06423ea3199051bfaa3ab08d StaticDependenciesID=7226a5a4fcdfd38c92c943f09a7476b1 
Number of updated asset objects reloaded before import = 0Number of asset objects unloaded after import = 3

========================================================================
Received Import Request.
  Time since last request: 0.000025 seconds.
  path: Assets/Game GUI Vol1/Playful/PNG/Plus.png
  importAddress: Guid(260b840a241de49ca868affd25c01999) Importer(2089858483,b0f066a214c2f5e87bad3c948f4d605d)
Start importing Assets/Game GUI Vol1/Playful/PNG/Plus.png using Guid(260b840a241de49ca868affd25c01999) Importer(2089858483,b0f066a214c2f5e87bad3c948f4d605d) (ScriptedImporter) -> (Import Result ID: '50ad9a9225afa5a1554581f8cfdda58a') in 0.0219422 seconds [static and dynamic dependencies]. Details - ImportResultOutputID=df832f9974725526fcf67451621c274f DependenciesID=a40f5c64be0f219e968007b47fb5e06e StaticDependenciesID=fc577a66235f841cc079263338c51c40 
Number of updated asset objects reloaded before import = 0Number of asset objects unloaded after import = 3

========================================================================
Received Import Request.
  Time since last request: 0.000032 seconds.
  path: Assets/Game GUI Vol1/Playful/PNG/Cancel.png
  importAddress: Guid(19a991bbda38944fe9e46b17c9c7ce70) Importer(2089858483,b0f066a214c2f5e87bad3c948f4d605d)
Start importing Assets/Game GUI Vol1/Playful/PNG/Cancel.png using Guid(19a991bbda38944fe9e46b17c9c7ce70) Importer(2089858483,b0f066a214c2f5e87bad3c948f4d605d) (ScriptedImporter) -> (Import Result ID: 'ef44a8467dbc93d3e0af4aad790a61c2') in 0.0223572 seconds [static and dynamic dependencies]. Details - ImportResultOutputID=46675dd3c9bd4117e9ec95fdb52afde9 DependenciesID=f1e02ed8a6766785e1a947faeab8c04f StaticDependenciesID=716fe26fa9549e756c04f80f03e9c672 
Number of updated asset objects reloaded before import = 0Number of asset objects unloaded after import = 3

========================================================================
Received Import Request.
  Time since last request: 0.000084 seconds.
  path: Assets/Game GUI Vol1/PurpleRock/PNG/Gamecenter.png
  importAddress: Guid(7eacd24ae468b4bc585c82d27ba7eeed) Importer(2089858483,b0f066a214c2f5e87bad3c948f4d605d)
Start importing Assets/Game GUI Vol1/PurpleRock/PNG/Gamecenter.png using Guid(7eacd24ae468b4bc585c82d27ba7eeed) Importer(2089858483,b0f066a214c2f5e87bad3c948f4d605d) (ScriptedImporter) -> (Import Result ID: '2b7f1070206424648a92726479ab2cbe') in 0.0194684 seconds [static and dynamic dependencies]. Details - ImportResultOutputID=2d60f9a3a21921a1361cb301c6b0d552 DependenciesID=5b617f8253842259bab37029e28acb5d StaticDependenciesID=b3f0a84e1cdd349ce1a644a9ab631018 
Number of updated asset objects reloaded before import = 0Number of asset objects unloaded after import = 3

========================================================================
Received Import Request.
  Time since last request: 0.000026 seconds.
  path: Assets/Game GUI Vol1/LazyDay/PNG/Home.png
  importAddress: Guid(f7b138e135c0a45f18d51a95098940e6) Importer(2089858483,b0f066a214c2f5e87bad3c948f4d605d)
Start importing Assets/Game GUI Vol1/LazyDay/PNG/Home.png using Guid(f7b138e135c0a45f18d51a95098940e6) Importer(2089858483,b0f066a214c2f5e87bad3c948f4d605d) (ScriptedImporter) -> (Import Result ID: 'b41b20ea8d678861558be163a757e59a') in 0.0227911 seconds [static and dynamic dependencies]. Details - ImportResultOutputID=f9de3c87a76bcad382198698187e2af5 DependenciesID=6b1aa69cb1d07da342d6c6aba586bb70 StaticDependenciesID=6b857a591cd2b9e2b1a5cd25e2d0d2a7 
Number of updated asset objects reloaded before import = 0Number of asset objects unloaded after import = 3

========================================================================
Received Import Request.
  Time since last request: 0.000024 seconds.
  path: Assets/Game GUI Vol1/LazyDay/PNG/SoundOFF.png
  importAddress: Guid(a7e1e81117197488db394021a1b04920) Importer(2089858483,b0f066a214c2f5e87bad3c948f4d605d)
Start importing Assets/Game GUI Vol1/LazyDay/PNG/SoundOFF.png using Guid(a7e1e81117197488db394021a1b04920) Importer(2089858483,b0f066a214c2f5e87bad3c948f4d605d) (ScriptedImporter) -> (Import Result ID: '570b32818ef43f5a8acf471d4e43b70e') in 0.0240341 seconds [static and dynamic dependencies]. Details - ImportResultOutputID=1fc9495ebf4c38d9ad57c15e33905902 DependenciesID=9a2fa51a5a70e5c565ba529e2b9e6cf1 StaticDependenciesID=e04e75ece4a81a16a634bf2dd3406f98 
Number of updated asset objects reloaded before import = 0Number of asset objects unloaded after import = 3

========================================================================
Received Import Request.
  Time since last request: 0.000025 seconds.
  path: Assets/Game GUI Vol1/Playful
  importAddress: Guid(e2241a48886d9439e9c3337c226b104b) Importer(815301076,1909f56bfc062723c751e8b465ee728b)
Start importing Assets/Game GUI Vol1/Playful using Guid(e2241a48886d9439e9c3337c226b104b) Importer(815301076,1909f56bfc062723c751e8b465ee728b) (PreviewImporter) -> (Import Result ID: '3240dedb1c5f74015ad7489c540a85f1') in 0.0033829 seconds [static and dynamic dependencies]. Details - ImportResultOutputID=190beb39bde35a995a654794a09a35f7 DependenciesID=d98ecf543982cf96608c8f98858b490d StaticDependenciesID=7efdf398dffc4622eb8ad8d8544929a4 
Number of updated asset objects reloaded before import = 0Number of asset objects unloaded after import = 0

========================================================================
Received Import Request.
  Time since last request: 0.000032 seconds.
  path: Assets/Game GUI Vol1/Playful/PNG/Minus.png
  importAddress: Guid(cdb25197b31d744fa9eba9d2a90e560c) Importer(2089858483,b0f066a214c2f5e87bad3c948f4d605d)
Start importing Assets/Game GUI Vol1/Playful/PNG/Minus.png using Guid(cdb25197b31d744fa9eba9d2a90e560c) Importer(2089858483,b0f066a214c2f5e87bad3c948f4d605d) (ScriptedImporter) -> (Import Result ID: '43cfc982d9f7785ab6f216ef57da547d') in 0.0215141 seconds [static and dynamic dependencies]. Details - ImportResultOutputID=0698f4cbba343c2d6c81991e6915f421 DependenciesID=b22fccb1ca2d0d322fc283f26c5c3a73 StaticDependenciesID=840ab69b92db4dd52f8ada5faddaf9e7 
Number of updated asset objects reloaded before import = 0Number of asset objects unloaded after import = 3

========================================================================
Received Import Request.
  Time since last request: 0.000021 seconds.
  path: Assets/Game GUI Vol1/Playful/PNG/Info.png
  importAddress: Guid(f93edb3ee7d134cca84bf9788ebc2818) Importer(2089858483,b0f066a214c2f5e87bad3c948f4d605d)
Start importing Assets/Game GUI Vol1/Playful/PNG/Info.png using Guid(f93edb3ee7d134cca84bf9788ebc2818) Importer(2089858483,b0f066a214c2f5e87bad3c948f4d605d) (ScriptedImporter) -> (Import Result ID: '6467fcf43928f8acd165b29be1ace7c5') in 0.0223293 seconds [static and dynamic dependencies]. Details - ImportResultOutputID=34d00170c5352cb6f89ea5c7d9cb8241 DependenciesID=a82b58d19d645db5b324e81e4bfcc082 StaticDependenciesID=80ff19d7dc48c5662b6699523f0c5bb9 
Number of updated asset objects reloaded before import = 0Number of asset objects unloaded after import = 3

========================================================================
Received Import Request.
  Time since last request: 0.000022 seconds.
  path: Assets/Game GUI Vol1/Playful/PNG/SoundOFF.png
  importAddress: Guid(09868a2567e8e495c84e92bfe43dbed3) Importer(2089858483,b0f066a214c2f5e87bad3c948f4d605d)
Start importing Assets/Game GUI Vol1/Playful/PNG/SoundOFF.png using Guid(09868a2567e8e495c84e92bfe43dbed3) Importer(2089858483,b0f066a214c2f5e87bad3c948f4d605d) (ScriptedImporter) -> (Import Result ID: 'cb186faf92a8c6fe7d15a5e6299f05d1') in 0.022127 seconds [static and dynamic dependencies]. Details - ImportResultOutputID=b298b3467cc2917bba89aedbff4ab132 DependenciesID=a789911c760bd7f64cf003030b900ea7 StaticDependenciesID=55ec119c7adbaa4cfa8c052bc0d24287 
Number of updated asset objects reloaded before import = 0Number of asset objects unloaded after import = 3

========================================================================
Received Import Request.
  Time since last request: 0.000023 seconds.
  path: Assets/Game GUI Vol1/WoodenBlocks/PNG/LeftArrow.png
  importAddress: Guid(f2c06d80ab9bd4de2ae0a7876f25299d) Importer(2089858483,b0f066a214c2f5e87bad3c948f4d605d)
Start importing Assets/Game GUI Vol1/WoodenBlocks/PNG/LeftArrow.png using Guid(f2c06d80ab9bd4de2ae0a7876f25299d) Importer(2089858483,b0f066a214c2f5e87bad3c948f4d605d) (ScriptedImporter) -> (Import Result ID: 'fdf72630e3572748354e8b91432e5119') in 0.0887716 seconds [static and dynamic dependencies]. Details - ImportResultOutputID=bba7de152523a45a96424ada0ccb1ddf DependenciesID=88bf8659165fe5322530843930b2db7b StaticDependenciesID=1fbb8dc64386e9f0bb1d3eb52140426d 
Number of updated asset objects reloaded before import = 0Number of asset objects unloaded after import = 3

========================================================================
Received Import Request.
  Time since last request: 0.000036 seconds.
  path: Assets/Game GUI Vol1/PurpleRock/Sprites/PurpleRockBG-resized.png
  importAddress: Guid(3fb580970ae8c48e7befdc608b11eacc) Importer(2089858483,b0f066a214c2f5e87bad3c948f4d605d)
Start importing Assets/Game GUI Vol1/PurpleRock/Sprites/PurpleRockBG-resized.png using Guid(3fb580970ae8c48e7befdc608b11eacc) Importer(2089858483,b0f066a214c2f5e87bad3c948f4d605d) (ScriptedImporter) -> (Import Result ID: '69c55800beff49282db78ff865760e01') in 0.2689918 seconds [static and dynamic dependencies]. Details - ImportResultOutputID=44b70cbb66a31d43813b07e5a592bd62 DependenciesID=44c38d2c07ab5350f722c104c2c053a0 StaticDependenciesID=6444799ae3bd465ab3bfcdf5bb21bc8e 
Number of updated asset objects reloaded before import = 0Number of asset objects unloaded after import = 3

========================================================================
Received Import Request.
  Time since last request: 0.000025 seconds.
  path: Assets/Game GUI Vol1/PreviewScenes/WoodenBlocksPreview.unity
  importAddress: Guid(dcfe36e1c2d6e4907abdfb99d12d9416) Importer(2089858483,b0f066a214c2f5e87bad3c948f4d605d)
Start importing Assets/Game GUI Vol1/PreviewScenes/WoodenBlocksPreview.unity using Guid(dcfe36e1c2d6e4907abdfb99d12d9416) Importer(2089858483,b0f066a214c2f5e87bad3c948f4d605d) (ScriptedImporter) -> (Import Result ID: 'b3ddf90c4978e822507d8d144964b860') in 0.0432955 seconds [static and dynamic dependencies]. Details - ImportResultOutputID=405486714d23d763737ccfe794f76dcb DependenciesID=a24ebd3d8ce4f34cf405006a3e28a82e StaticDependenciesID=238eb39bbd0613f35cf0a6db71734cab 
Number of updated asset objects reloaded before import = 0Number of asset objects unloaded after import = 1

========================================================================
Received Import Request.
  Time since last request: 0.000047 seconds.
  path: Assets/Game GUI Vol1/LazyDay/Vector/LazyDay.ai
  importAddress: Guid(130c49e8c161548878f3ae7d36b48213) Importer(2089858483,b0f066a214c2f5e87bad3c948f4d605d)
Start importing Assets/Game GUI Vol1/LazyDay/Vector/LazyDay.ai using Guid(130c49e8c161548878f3ae7d36b48213) Importer(2089858483,b0f066a214c2f5e87bad3c948f4d605d) (ScriptedImporter) -> (Import Result ID: 'a626c5833d14bda4fa1ea902daa35894') in 0.019198 seconds [static and dynamic dependencies]. Details - ImportResultOutputID=4d6508d459be24f84e72bfb48e155133 DependenciesID=c8323255e211474efed5557f30290f55 StaticDependenciesID=d4fb409c563305f7d3e2059189102030 
Number of updated asset objects reloaded before import = 0Number of asset objects unloaded after import = 1

========================================================================
Received Import Request.
  Time since last request: 0.000024 seconds.
  path: Assets/Game GUI Vol1/PurpleRock/PNG/RightArrow2.png
  importAddress: Guid(7a9bf3ca46891465fb5d44d7ce02e2a1) Importer(2089858483,b0f066a214c2f5e87bad3c948f4d605d)
Start importing Assets/Game GUI Vol1/PurpleRock/PNG/RightArrow2.png using Guid(7a9bf3ca46891465fb5d44d7ce02e2a1) Importer(2089858483,b0f066a214c2f5e87bad3c948f4d605d) (ScriptedImporter) -> (Import Result ID: 'a9877c47415429c72c829d70bf7af077') in 0.0267924 seconds [static and dynamic dependencies]. Details - ImportResultOutputID=a6bf304fc950e45844341fc0830e32c2 DependenciesID=3368ac6ac3656a4409e8f5299b2c84a6 StaticDependenciesID=84f5d235d00acbca64e9998bdae1617b 
Number of updated asset objects reloaded before import = 0Number of asset objects unloaded after import = 3

========================================================================
Received Import Request.
  Time since last request: 0.000030 seconds.
  path: Assets/Game GUI Vol1/WoodenBlocks/PNG/Settings.png
  importAddress: Guid(2404a35a318704f1583a4173e501e002) Importer(2089858483,b0f066a214c2f5e87bad3c948f4d605d)
Start importing Assets/Game GUI Vol1/WoodenBlocks/PNG/Settings.png using Guid(2404a35a318704f1583a4173e501e002) Importer(2089858483,b0f066a214c2f5e87bad3c948f4d605d) (ScriptedImporter) -> (Import Result ID: 'c9b3e36507e9fba37f4a48dea9c9535f') in 0.0201621 seconds [static and dynamic dependencies]. Details - ImportResultOutputID=d136f2a6239f8480b3af6666f958255b DependenciesID=489f8f481250b33ac084fcf5e760a8c2 StaticDependenciesID=821f56cd06d55aef5ab7a10358d7fd58 
Number of updated asset objects reloaded before import = 0Number of asset objects unloaded after import = 3

========================================================================
Received Import Request.
  Time since last request: 0.593664 seconds.
  path: Assets/Game GUI Vol1/Playful/PNG/Dollar.png
  importAddress: Guid(59ec1a13a533548139b3cebe8ed491ba) Importer(815301076,1909f56bfc062723c751e8b465ee728b)
Start importing Assets/Game GUI Vol1/Playful/PNG/Dollar.png using Guid(59ec1a13a533548139b3cebe8ed491ba) Importer(815301076,1909f56bfc062723c751e8b465ee728b) (PreviewImporter) -> (Import Result ID: 'b88208c96d1e55b97c6197b033ede112') in 0.9781524 seconds [static and dynamic dependencies]. Details - ImportResultOutputID=ede806ceb5ba10bce868f2bea9fee401 DependenciesID=379a50a00ccaf9fa317cdff69694b592 StaticDependenciesID=7c26eaccc00bfe2abf03f7c574bf2d51 
Number of updated asset objects reloaded before import = 0Number of asset objects unloaded after import = 3

========================================================================
Received Import Request.
  Time since last request: 0.000060 seconds.
  path: Assets/Game GUI Vol1/Playful/PNG/Minus.png
  importAddress: Guid(cdb25197b31d744fa9eba9d2a90e560c) Importer(815301076,1909f56bfc062723c751e8b465ee728b)
Start importing Assets/Game GUI Vol1/Playful/PNG/Minus.png using Guid(cdb25197b31d744fa9eba9d2a90e560c) Importer(815301076,1909f56bfc062723c751e8b465ee728b) (PreviewImporter) -> (Import Result ID: '5a8faf61d35a8802825c920225a1dbaf') in 0.0432036 seconds [static and dynamic dependencies]. Details - ImportResultOutputID=3a6af3d146fd5e6718df7ba5b9674349 DependenciesID=803602cad379dbebfd3c620b129f6b72 StaticDependenciesID=39e74741a0adbd54dc231407500ea545 
Number of updated asset objects reloaded before import = 0Number of asset objects unloaded after import = 3

========================================================================
Received Import Request.
  Time since last request: 0.000042 seconds.
  path: Assets/Game GUI Vol1/Playful/PNG/Menu.png
  importAddress: Guid(18937ce52bb4c4ba8adefb39eebdbf73) Importer(815301076,1909f56bfc062723c751e8b465ee728b)
Start importing Assets/Game GUI Vol1/Playful/PNG/Menu.png using Guid(18937ce52bb4c4ba8adefb39eebdbf73) Importer(815301076,1909f56bfc062723c751e8b465ee728b) (PreviewImporter) -> (Import Result ID: '99ad22ae1ab99df0ee3ecd91d60527d0') in 0.031242 seconds [static and dynamic dependencies]. Details - ImportResultOutputID=6d7b22d6692dd8cf243ae2b2bce06eb1 DependenciesID=f9f9053590e525d478c5074bf0a8060c StaticDependenciesID=eece2a595ec8aa33e36a5e405896ad12 
Number of updated asset objects reloaded before import = 0Number of asset objects unloaded after import = 3

========================================================================
Received Import Request.
  Time since last request: 0.000023 seconds.
  path: Assets/Game GUI Vol1/Playful/PNG/SoundON.png
  importAddress: Guid(38ec0776fb6b2455a9d6166b4814d5e2) Importer(815301076,1909f56bfc062723c751e8b465ee728b)
Start importing Assets/Game GUI Vol1/Playful/PNG/SoundON.png using Guid(38ec0776fb6b2455a9d6166b4814d5e2) Importer(815301076,1909f56bfc062723c751e8b465ee728b) (PreviewImporter) -> (Import Result ID: '136bc72b8d6fd29fe0424ea4fb40b877') in 0.0376963 seconds [static and dynamic dependencies]. Details - ImportResultOutputID=879b5b4ac7876dd9dc8e0b11cab6bf6e DependenciesID=223738bf0d8d9bea6c49f9a42a982741 StaticDependenciesID=9bcfeea3c432be5a707e88d2454dc043 
Number of updated asset objects reloaded before import = 0Number of asset objects unloaded after import = 3

========================================================================
Received Import Request.
  Time since last request: 0.000050 seconds.
  path: Assets/Game GUI Vol1/Playful/PNG/Star.png
  importAddress: Guid(198d72b902f744f1782e556c1aaced54) Importer(815301076,1909f56bfc062723c751e8b465ee728b)
Start importing Assets/Game GUI Vol1/Playful/PNG/Star.png using Guid(198d72b902f744f1782e556c1aaced54) Importer(815301076,1909f56bfc062723c751e8b465ee728b) (PreviewImporter) -> (Import Result ID: '51c18d0494e7b94a8a8e3f791b02635e') in 0.0313408 seconds [static and dynamic dependencies]. Details - ImportResultOutputID=ac00f8bb3a6b33fd1e7be5b66b68ba51 DependenciesID=924869c929833e58220236a5ca15004a StaticDependenciesID=863466bc6bc6b5806583028afb980eee 
Number of updated asset objects reloaded before import = 0Number of asset objects unloaded after import = 3

========================================================================
Received Import Request.
  Time since last request: 0.000062 seconds.
  path: Assets/Game GUI Vol1/Playful/PNG/UpArrow.png
  importAddress: Guid(bf4f8c4ec9d894084a787e5999d407a7) Importer(815301076,1909f56bfc062723c751e8b465ee728b)
Start importing Assets/Game GUI Vol1/Playful/PNG/UpArrow.png using Guid(bf4f8c4ec9d894084a787e5999d407a7) Importer(815301076,1909f56bfc062723c751e8b465ee728b) (PreviewImporter) -> (Import Result ID: '0f8826c87ddf88eccd8dbd7cf0cf7af0') in 0.0302256 seconds [static and dynamic dependencies]. Details - ImportResultOutputID=4f1bd905726af73f863bd6c5cb3f5311 DependenciesID=2d1a5cff15e4f8733ad86df6231d5287 StaticDependenciesID=54cfcf0cf68043fc0957a5e63fb2e15d 
Number of updated asset objects reloaded before import = 0Number of asset objects unloaded after import = 3

========================================================================
Received Import Request.
  Time since last request: 0.000048 seconds.
  path: Assets/Game GUI Vol1/Playful/PNG/Email.png
  importAddress: Guid(01c62efadfd454a479ee0bd73c4b2018) Importer(815301076,1909f56bfc062723c751e8b465ee728b)
Start importing Assets/Game GUI Vol1/Playful/PNG/Email.png using Guid(01c62efadfd454a479ee0bd73c4b2018) Importer(815301076,1909f56bfc062723c751e8b465ee728b) (PreviewImporter) -> (Import Result ID: 'e2b128dfe8bd0f8782f48686d75507b9') in 0.0332486 seconds [static and dynamic dependencies]. Details - ImportResultOutputID=f61e2697e1b87d188f336f9df025624f DependenciesID=e9a0d7b9ddaff7fe25073a92c1398e9d StaticDependenciesID=a9277832d9d5b8162e07d0c611b77636 
Number of updated asset objects reloaded before import = 0Number of asset objects unloaded after import = 3

========================================================================
Received Import Request.
  Time since last request: 0.000053 seconds.
  path: Assets/Game GUI Vol1/Playful/PNG/DownArrow.png
  importAddress: Guid(ca15e163733754df096397f031537b1d) Importer(815301076,1909f56bfc062723c751e8b465ee728b)
Start importing Assets/Game GUI Vol1/Playful/PNG/DownArrow.png using Guid(ca15e163733754df096397f031537b1d) Importer(815301076,1909f56bfc062723c751e8b465ee728b) (PreviewImporter) -> (Import Result ID: 'deaf71b03129a84e5ca701fe14290f81') in 0.0333329 seconds [static and dynamic dependencies]. Details - ImportResultOutputID=a9e3b086861a839c38ed97c59ef91550 DependenciesID=4d427e0772a42e4f6fed948d372d7334 StaticDependenciesID=0ff915b6649ce50b0546c6ff521cc27c 
Number of updated asset objects reloaded before import = 0Number of asset objects unloaded after import = 3

Editor requested this worker to shutdown with reason: Scaling down because of idle timeout
AssetImportWorker is now disconnected from the server
Process exiting
Exiting without the bug reporter. Application will terminate with return code 0